[2.942s] DEBUG:colcon:Command line arguments: ['/usr/bin/colcon', 'build']
[2.942s] DEBUG:colcon:Parsed command line arguments: Namespace(ament_cmake_args=None, base_paths=['.'], build_base='build', catkin_cmake_args=None, catkin_skip_building_tests=False, cmake_args=None, cmake_clean_cache=False, cmake_clean_first=False, cmake_force_configure=False, cmake_target=None, cmake_target_skip_unavailable=False, continue_on_error=False, event_handlers=None, executor='parallel', ignore_user_meta=False, install_base='install', log_base=None, log_level=None, main=<bound method BuildVerb.main of <colcon_core.verb.build.BuildVerb object at 0x7f81c55cf8>>, merge_install=False, metas=['./colcon.meta'], packages_above=None, packages_above_and_dependencies=None, packages_above_depth=None, packages_end=None, packages_ignore=None, packages_ignore_regex=None, packages_select=None, packages_select_build_failed=False, packages_select_by_dep=None, packages_select_regex=None, packages_select_test_failures=False, packages_skip=None, packages_skip_build_finished=False, packages_skip_by_dep=None, packages_skip_regex=None, packages_skip_test_passed=False, packages_skip_up_to=None, packages_start=None, packages_up_to=None, packages_up_to_regex=None, parallel_workers=4, paths=None, symlink_install=False, test_result_base=None, verb_extension=<colcon_core.verb.build.BuildVerb object at 0x7f81c55cf8>, verb_name='build', verb_parser=<colcon_defaults.argument_parser.defaults.DefaultArgumentsDecorator object at 0x7f81c61080>)
[3.123s] Level 1:colcon.colcon_core.package_discovery:discover_packages(colcon_meta) check parameters
[3.124s] Level 1:colcon.colcon_core.package_discovery:discover_packages(recursive) check parameters
[3.124s] Level 1:colcon.colcon_core.package_discovery:discover_packages(ignore) check parameters
[3.124s] Level 1:colcon.colcon_core.package_discovery:discover_packages(path) check parameters
[3.124s] Level 1:colcon.colcon_core.package_discovery:discover_packages(colcon_meta) discover
[3.126s] Level 1:colcon.colcon_core.package_discovery:discover_packages(recursive) discover
[3.126s] INFO:colcon.colcon_core.package_discovery:Crawling recursively for packages in '/juno/ros2_ws/src'
[3.127s] Level 1:colcon.colcon_core.package_identification:_identify(.) by extensions ['ignore', 'ignore_ament_install']
[3.127s] Level 1:colcon.colcon_core.package_identification:_identify(.) by extension 'ignore'
[3.127s] Level 1:colcon.colcon_core.package_identification:_identify(.) by extension 'ignore_ament_install'
[3.128s] Level 1:colcon.colcon_core.package_identification:_identify(.) by extensions ['colcon_pkg']
[3.128s] Level 1:colcon.colcon_core.package_identification:_identify(.) by extension 'colcon_pkg'
[3.128s] Level 1:colcon.colcon_core.package_identification:_identify(.) by extensions ['colcon_meta']
[3.128s] Level 1:colcon.colcon_core.package_identification:_identify(.) by extension 'colcon_meta'
[3.129s] Level 1:colcon.colcon_core.package_identification:_identify(.) by extensions ['ros']
[3.129s] Level 1:colcon.colcon_core.package_identification:_identify(.) by extension 'ros'
[3.300s] Level 1:colcon.colcon_core.package_identification:_identify(.) by extensions ['cmake', 'python']
[3.300s] Level 1:colcon.colcon_core.package_identification:_identify(.) by extension 'cmake'
[3.300s] Level 1:colcon.colcon_core.package_identification:_identify(.) by extension 'python'
[3.301s] Level 1:colcon.colcon_core.package_identification:_identify(.) by extensions ['python_setup_py']
[3.301s] Level 1:colcon.colcon_core.package_identification:_identify(.) by extension 'python_setup_py'
[3.302s] Level 1:colcon.colcon_core.package_identification:_identify(build) by extensions ['ignore', 'ignore_ament_install']
[3.302s] Level 1:colcon.colcon_core.package_identification:_identify(build) by extension 'ignore'
[3.302s] Level 1:colcon.colcon_core.package_identification:_identify(build) ignored
[3.304s] Level 1:colcon.colcon_core.package_identification:_identify(install) by extensions ['ignore', 'ignore_ament_install']
[3.305s] Level 1:colcon.colcon_core.package_identification:_identify(install) by extension 'ignore'
[3.305s] Level 1:colcon.colcon_core.package_identification:_identify(install) ignored
[3.305s] Level 1:colcon.colcon_core.package_identification:_identify(juno_controller) by extensions ['ignore', 'ignore_ament_install']
[3.306s] Level 1:colcon.colcon_core.package_identification:_identify(juno_controller) by extension 'ignore'
[3.306s] Level 1:colcon.colcon_core.package_identification:_identify(juno_controller) by extension 'ignore_ament_install'
[3.307s] Level 1:colcon.colcon_core.package_identification:_identify(juno_controller) by extensions ['colcon_pkg']
[3.307s] Level 1:colcon.colcon_core.package_identification:_identify(juno_controller) by extension 'colcon_pkg'
[3.307s] Level 1:colcon.colcon_core.package_identification:_identify(juno_controller) by extensions ['colcon_meta']
[3.307s] Level 1:colcon.colcon_core.package_identification:_identify(juno_controller) by extension 'colcon_meta'
[3.307s] Level 1:colcon.colcon_core.package_identification:_identify(juno_controller) by extensions ['ros']
[3.308s] Level 1:colcon.colcon_core.package_identification:_identify(juno_controller) by extension 'ros'
[3.313s] DEBUG:colcon.colcon_core.package_identification:Failed to parse potential ROS package manifest in'juno_controller': Error(s) in package 'juno_controller/package.xml':
The manifest contains invalid XML:
mismatched tag: line 11, column 18
[3.313s] Level 1:colcon.colcon_core.package_identification:_identify(juno_controller) by extensions ['cmake', 'python']
[3.313s] Level 1:colcon.colcon_core.package_identification:_identify(juno_controller) by extension 'cmake'
[3.314s] Level 1:colcon.colcon_core.package_identification:_identify(juno_controller) by extension 'python'
[3.314s] DEBUG:colcon.colcon_core.package_identification:Python package in 'juno_controller' passes arguments to the setup() function which requires a different identification extension than 'python'
[3.314s] Level 1:colcon.colcon_core.package_identification:_identify(juno_controller) by extensions ['python_setup_py']
[3.315s] Level 1:colcon.colcon_core.package_identification:_identify(juno_controller) by extension 'python_setup_py'
[4.949s] DEBUG:colcon.colcon_core.package_identification:Package 'juno_controller' with type 'python' and name 'juno_controller'
[4.950s] Level 1:colcon.colcon_core.package_identification:_identify(log) by extensions ['ignore', 'ignore_ament_install']
[4.951s] Level 1:colcon.colcon_core.package_identification:_identify(log) by extension 'ignore'
[4.951s] Level 1:colcon.colcon_core.package_identification:_identify(log) ignored
[4.951s] Level 1:colcon.colcon_core.package_identification:_identify(test_controller) by extensions ['ignore', 'ignore_ament_install']
[4.952s] Level 1:colcon.colcon_core.package_identification:_identify(test_controller) by extension 'ignore'
[4.952s] Level 1:colcon.colcon_core.package_identification:_identify(test_controller) by extension 'ignore_ament_install'
[4.953s] Level 1:colcon.colcon_core.package_identification:_identify(test_controller) by extensions ['colcon_pkg']
[4.953s] Level 1:colcon.colcon_core.package_identification:_identify(test_controller) by extension 'colcon_pkg'
[4.953s] Level 1:colcon.colcon_core.package_identification:_identify(test_controller) by extensions ['colcon_meta']
[4.953s] Level 1:colcon.colcon_core.package_identification:_identify(test_controller) by extension 'colcon_meta'
[4.954s] Level 1:colcon.colcon_core.package_identification:_identify(test_controller) by extensions ['ros']
[4.954s] Level 1:colcon.colcon_core.package_identification:_identify(test_controller) by extension 'ros'
[4.966s] DEBUG:colcon.colcon_core.package_identification:Package 'test_controller' with type 'ros.ament_python' and name 'test_controller'
[4.967s] Level 1:colcon.colcon_core.package_discovery:discover_packages(recursive) using defaults
[4.968s] Level 1:colcon.colcon_core.package_discovery:discover_packages(ignore) discover
[4.968s] Level 1:colcon.colcon_core.package_discovery:discover_packages(ignore) using defaults
[4.968s] Level 1:colcon.colcon_core.package_discovery:discover_packages(path) discover
[4.969s] Level 1:colcon.colcon_core.package_discovery:discover_packages(path) using defaults
[5.210s] Level 5:colcon.colcon_core.verb:set package 'juno_controller' build argument 'cmake_args' from command line to 'None'
[5.211s] Level 5:colcon.colcon_core.verb:set package 'juno_controller' build argument 'cmake_target' from command line to 'None'
[5.211s] Level 5:colcon.colcon_core.verb:set package 'juno_controller' build argument 'cmake_target_skip_unavailable' from command line to 'False'
[5.211s] Level 5:colcon.colcon_core.verb:set package 'juno_controller' build argument 'cmake_clean_cache' from command line to 'False'
[5.211s] Level 5:colcon.colcon_core.verb:set package 'juno_controller' build argument 'cmake_clean_first' from command line to 'False'
[5.211s] Level 5:colcon.colcon_core.verb:set package 'juno_controller' build argument 'cmake_force_configure' from command line to 'False'
[5.212s] Level 5:colcon.colcon_core.verb:set package 'juno_controller' build argument 'ament_cmake_args' from command line to 'None'
[5.212s] Level 5:colcon.colcon_core.verb:set package 'juno_controller' build argument 'catkin_cmake_args' from command line to 'None'
[5.212s] Level 5:colcon.colcon_core.verb:set package 'juno_controller' build argument 'catkin_skip_building_tests' from command line to 'False'
[5.212s] DEBUG:colcon.colcon_core.verb:Building package 'juno_controller' with the following arguments: {'ament_cmake_args': None, 'build_base': '/juno/ros2_ws/src/build/juno_controller', 'catkin_cmake_args': None, 'catkin_skip_building_tests': False, 'cmake_args': None, 'cmake_clean_cache': False, 'cmake_clean_first': False, 'cmake_force_configure': False, 'cmake_target': None, 'cmake_target_skip_unavailable': False, 'install_base': '/juno/ros2_ws/src/install/juno_controller', 'merge_install': False, 'path': '/juno/ros2_ws/src/juno_controller', 'symlink_install': False, 'test_result_base': None}
[5.230s] Level 5:colcon.colcon_core.verb:set package 'test_controller' build argument 'cmake_args' from command line to 'None'
[5.231s] Level 5:colcon.colcon_core.verb:set package 'test_controller' build argument 'cmake_target' from command line to 'None'
[5.231s] Level 5:colcon.colcon_core.verb:set package 'test_controller' build argument 'cmake_target_skip_unavailable' from command line to 'False'
[5.231s] Level 5:colcon.colcon_core.verb:set package 'test_controller' build argument 'cmake_clean_cache' from command line to 'False'
[5.231s] Level 5:colcon.colcon_core.verb:set package 'test_controller' build argument 'cmake_clean_first' from command line to 'False'
[5.231s] Level 5:colcon.colcon_core.verb:set package 'test_controller' build argument 'cmake_force_configure' from command line to 'False'
[5.231s] Level 5:colcon.colcon_core.verb:set package 'test_controller' build argument 'ament_cmake_args' from command line to 'None'
[5.232s] Level 5:colcon.colcon_core.verb:set package 'test_controller' build argument 'catkin_cmake_args' from command line to 'None'
[5.232s] Level 5:colcon.colcon_core.verb:set package 'test_controller' build argument 'catkin_skip_building_tests' from command line to 'False'
[5.232s] DEBUG:colcon.colcon_core.verb:Building package 'test_controller' with the following arguments: {'ament_cmake_args': None, 'build_base': '/juno/ros2_ws/src/build/test_controller', 'catkin_cmake_args': None, 'catkin_skip_building_tests': False, 'cmake_args': None, 'cmake_clean_cache': False, 'cmake_clean_first': False, 'cmake_force_configure': False, 'cmake_target': None, 'cmake_target_skip_unavailable': False, 'install_base': '/juno/ros2_ws/src/install/test_controller', 'merge_install': False, 'path': '/juno/ros2_ws/src/test_controller', 'symlink_install': False, 'test_result_base': None}
[5.247s] INFO:colcon.colcon_core.executor:Executing jobs using 'parallel' executor
[5.333s] DEBUG:colcon.colcon_parallel_executor.executor.parallel:run_until_complete
[5.335s] INFO:colcon.colcon_core.task.python.build:Building Python package in '/juno/ros2_ws/src/juno_controller'
[5.390s] INFO:colcon.colcon_core.plugin_system:Skipping extension 'colcon_core.shell.bat': Not used on non-Windows systems
[5.391s] INFO:colcon.colcon_core.shell:Skip shell extension 'powershell' for command environment: Not usable outside of PowerShell
[5.392s] DEBUG:colcon.colcon_core.shell:Skip shell extension 'dsv' for command environment
[5.498s] INFO:colcon.colcon_ros.task.ament_python.build:Building ROS package in '/juno/ros2_ws/src/test_controller' with build type 'ament_python'
[5.500s] Level 1:colcon.colcon_core.shell:create_environment_hook('test_controller', 'ament_prefix_path')
[5.539s] INFO:colcon.colcon_core.shell:Creating environment hook '/juno/ros2_ws/src/install/test_controller/share/test_controller/hook/ament_prefix_path.ps1'
[5.544s] INFO:colcon.colcon_core.shell:Creating environment descriptor '/juno/ros2_ws/src/install/test_controller/share/test_controller/hook/ament_prefix_path.dsv'
[5.546s] INFO:colcon.colcon_core.shell:Creating environment hook '/juno/ros2_ws/src/install/test_controller/share/test_controller/hook/ament_prefix_path.sh'
[5.587s] INFO:colcon.colcon_core.shell:Skip shell extension 'powershell' for command environment: Not usable outside of PowerShell
[5.588s] DEBUG:colcon.colcon_core.shell:Skip shell extension 'dsv' for command environment
[9.151s] INFO:colcon.colcon_core.task.python.build:Building Python package in '/juno/ros2_ws/src/test_controller'
[9.191s] INFO:colcon.colcon_core.shell:Skip shell extension 'powershell' for command environment: Not usable outside of PowerShell
[9.192s] DEBUG:colcon.colcon_core.shell:Skip shell extension 'dsv' for command environment
[9.864s] DEBUG:colcon.colcon_core.event_handler.log_command:Invoking command in '/juno/ros2_ws/src/juno_controller': PYTHONPATH=/juno/ros2_ws/src/build/juno_controller/prefix_override:/juno/ros2_ws/src/install/juno_controller/lib/python3.6/site-packages:${PYTHONPATH} /usr/bin/python3 setup.py egg_info --egg-base ../build/juno_controller build --build-base /juno/ros2_ws/src/build/juno_controller/build install --record /juno/ros2_ws/src/build/juno_controller/install.log --single-version-externally-managed
[11.741s] DEBUG:colcon.colcon_core.event_handler.log_command:Invoked command in '/juno/ros2_ws/src/juno_controller' returned '0': PYTHONPATH=/juno/ros2_ws/src/build/juno_controller/prefix_override:/juno/ros2_ws/src/install/juno_controller/lib/python3.6/site-packages:${PYTHONPATH} /usr/bin/python3 setup.py egg_info --egg-base ../build/juno_controller build --build-base /juno/ros2_ws/src/build/juno_controller/build install --record /juno/ros2_ws/src/build/juno_controller/install.log --single-version-externally-managed
[11.814s] Level 1:colcon.colcon_core.environment:checking '/juno/ros2_ws/src/install/juno_controller' for CMake module files
[11.817s] Level 1:colcon.colcon_core.environment:checking '/juno/ros2_ws/src/install/juno_controller' for CMake config files
[11.823s] Level 1:colcon.colcon_core.environment:checking '/juno/ros2_ws/src/install/juno_controller/lib'
[11.824s] Level 1:colcon.colcon_core.environment:checking '/juno/ros2_ws/src/install/juno_controller/bin'
[11.824s] Level 1:colcon.colcon_core.environment:checking '/juno/ros2_ws/src/install/juno_controller/lib/pkgconfig/juno_controller.pc'
[11.825s] Level 1:colcon.colcon_core.environment:checking '/juno/ros2_ws/src/install/juno_controller/lib/python3.6/site-packages'
[11.825s] Level 1:colcon.colcon_core.shell:create_environment_hook('juno_controller', 'pythonpath')
[11.862s] INFO:colcon.colcon_core.shell:Creating environment hook '/juno/ros2_ws/src/install/juno_controller/share/juno_controller/hook/pythonpath.ps1'
[11.864s] INFO:colcon.colcon_core.shell:Creating environment descriptor '/juno/ros2_ws/src/install/juno_controller/share/juno_controller/hook/pythonpath.dsv'
[11.866s] INFO:colcon.colcon_core.shell:Creating environment hook '/juno/ros2_ws/src/install/juno_controller/share/juno_controller/hook/pythonpath.sh'
[11.868s] Level 1:colcon.colcon_core.environment:checking '/juno/ros2_ws/src/install/juno_controller/bin'
[11.869s] Level 1:colcon.colcon_core.environment:create_environment_scripts_only(juno_controller)
[11.907s] INFO:colcon.colcon_core.shell:Creating package script '/juno/ros2_ws/src/install/juno_controller/share/juno_controller/package.ps1'
[11.912s] INFO:colcon.colcon_core.shell:Creating package descriptor '/juno/ros2_ws/src/install/juno_controller/share/juno_controller/package.dsv'
[11.915s] INFO:colcon.colcon_core.shell:Creating package script '/juno/ros2_ws/src/install/juno_controller/share/juno_controller/package.sh'
[11.920s] INFO:colcon.colcon_core.shell:Creating package script '/juno/ros2_ws/src/install/juno_controller/share/juno_controller/package.bash'
[11.925s] INFO:colcon.colcon_core.shell:Creating package script '/juno/ros2_ws/src/install/juno_controller/share/juno_controller/package.zsh'
[11.930s] Level 1:colcon.colcon_core.environment:create_file_with_runtime_dependencies(/juno/ros2_ws/src/install/juno_controller/share/colcon-core/packages/juno_controller)
[11.946s] DEBUG:colcon.colcon_core.event_handler.log_command:Invoking command in '/juno/ros2_ws/src/test_controller': PYTHONPATH=/juno/ros2_ws/src/build/test_controller/prefix_override:/juno/ros2_ws/src/install/test_controller/lib/python3.6/site-packages:${PYTHONPATH} /usr/bin/python3 setup.py egg_info --egg-base ../build/test_controller build --build-base /juno/ros2_ws/src/build/test_controller/build install --record /juno/ros2_ws/src/build/test_controller/install.log --single-version-externally-managed
[13.759s] DEBUG:colcon.colcon_core.event_handler.log_command:Invoked command in '/juno/ros2_ws/src/test_controller' returned '0': PYTHONPATH=/juno/ros2_ws/src/build/test_controller/prefix_override:/juno/ros2_ws/src/install/test_controller/lib/python3.6/site-packages:${PYTHONPATH} /usr/bin/python3 setup.py egg_info --egg-base ../build/test_controller build --build-base /juno/ros2_ws/src/build/test_controller/build install --record /juno/ros2_ws/src/build/test_controller/install.log --single-version-externally-managed
[13.795s] Level 1:colcon.colcon_core.environment:checking '/juno/ros2_ws/src/install/test_controller' for CMake module files
[13.798s] Level 1:colcon.colcon_core.environment:checking '/juno/ros2_ws/src/install/test_controller' for CMake config files
[13.802s] Level 1:colcon.colcon_core.environment:checking '/juno/ros2_ws/src/install/test_controller/lib'
[13.802s] Level 1:colcon.colcon_core.environment:checking '/juno/ros2_ws/src/install/test_controller/bin'
[13.802s] Level 1:colcon.colcon_core.environment:checking '/juno/ros2_ws/src/install/test_controller/lib/pkgconfig/test_controller.pc'
[13.803s] Level 1:colcon.colcon_core.environment:checking '/juno/ros2_ws/src/install/test_controller/lib/python3.6/site-packages'
[13.804s] Level 1:colcon.colcon_core.shell:create_environment_hook('test_controller', 'pythonpath')
[13.841s] INFO:colcon.colcon_core.shell:Creating environment hook '/juno/ros2_ws/src/install/test_controller/share/test_controller/hook/pythonpath.ps1'
[13.844s] INFO:colcon.colcon_core.shell:Creating environment descriptor '/juno/ros2_ws/src/install/test_controller/share/test_controller/hook/pythonpath.dsv'
[13.846s] INFO:colcon.colcon_core.shell:Creating environment hook '/juno/ros2_ws/src/install/test_controller/share/test_controller/hook/pythonpath.sh'
[13.848s] Level 1:colcon.colcon_core.environment:checking '/juno/ros2_ws/src/install/test_controller/bin'
[13.848s] Level 1:colcon.colcon_core.environment:create_environment_scripts_only(test_controller)
[13.886s] INFO:colcon.colcon_core.shell:Creating package script '/juno/ros2_ws/src/install/test_controller/share/test_controller/package.ps1'
[13.888s] INFO:colcon.colcon_core.shell:Creating package descriptor '/juno/ros2_ws/src/install/test_controller/share/test_controller/package.dsv'
[13.890s] INFO:colcon.colcon_core.shell:Creating package script '/juno/ros2_ws/src/install/test_controller/share/test_controller/package.sh'
[13.892s] INFO:colcon.colcon_core.shell:Creating package script '/juno/ros2_ws/src/install/test_controller/share/test_controller/package.bash'
[13.893s] INFO:colcon.colcon_core.shell:Creating package script '/juno/ros2_ws/src/install/test_controller/share/test_controller/package.zsh'
[13.895s] Level 1:colcon.colcon_core.environment:create_file_with_runtime_dependencies(/juno/ros2_ws/src/install/test_controller/share/colcon-core/packages/test_controller)
[13.896s] DEBUG:colcon.colcon_parallel_executor.executor.parallel:closing loop
[13.898s] DEBUG:colcon.colcon_parallel_executor.executor.parallel:loop closed
[13.899s] DEBUG:colcon.colcon_parallel_executor.executor.parallel:run_until_complete finished with '0'
[13.899s] DEBUG:colcon.colcon_core.event_reactor:joining thread
[13.929s] INFO:colcon.colcon_core.plugin_system:Skipping extension 'colcon_notification.desktop_notification.notify_send': Could not find 'notify-send'
[13.929s] INFO:colcon.colcon_core.plugin_system:Skipping extension 'colcon_notification.desktop_notification.terminal_notifier': Not used on non-Darwin systems
[13.930s] INFO:colcon.colcon_core.plugin_system:Skipping extension 'colcon_notification.desktop_notification.win32': Not used on non-Windows systems
[13.930s] INFO:colcon.colcon_notification.desktop_notification:Sending desktop notification using 'notify2'
[13.930s] DEBUG:colcon.colcon_notification.desktop_notification.notify2:Failed to initialize notify2: org.freedesktop.DBus.Error.NotSupported: Unable to autolaunch a dbus-daemon without a $DISPLAY for X11
[13.931s] DEBUG:colcon.colcon_core.event_reactor:joined thread
[13.969s] INFO:colcon.colcon_core.shell:Creating prefix script '/juno/ros2_ws/src/install/local_setup.ps1'
[13.975s] INFO:colcon.colcon_core.shell:Creating prefix util module '/juno/ros2_ws/src/install/_local_setup_util_ps1.py'
[13.984s] INFO:colcon.colcon_core.shell:Creating prefix chain script '/juno/ros2_ws/src/install/setup.ps1'
[13.999s] INFO:colcon.colcon_core.shell:Creating prefix script '/juno/ros2_ws/src/install/local_setup.sh'
[14.002s] INFO:colcon.colcon_core.shell:Creating prefix util module '/juno/ros2_ws/src/install/_local_setup_util_sh.py'
[14.004s] INFO:colcon.colcon_core.shell:Creating prefix chain script '/juno/ros2_ws/src/install/setup.sh'
[14.019s] INFO:colcon.colcon_core.shell:Creating prefix script '/juno/ros2_ws/src/install/local_setup.bash'
[14.021s] INFO:colcon.colcon_core.shell:Creating prefix chain script '/juno/ros2_ws/src/install/setup.bash'
[14.035s] INFO:colcon.colcon_core.shell:Creating prefix script '/juno/ros2_ws/src/install/local_setup.zsh'
[14.038s] INFO:colcon.colcon_core.shell:Creating prefix chain script '/juno/ros2_ws/src/install/setup.zsh'
