[3.911s] DEBUG:colcon:Command line arguments: ['/usr/bin/colcon', 'build', '--symlink-instal']
[3.912s] DEBUG:colcon:Parsed command line arguments: Namespace(ament_cmake_args=None, base_paths=['.'], build_base='build', catkin_cmake_args=None, catkin_skip_building_tests=False, cmake_args=None, cmake_clean_cache=False, cmake_clean_first=False, cmake_force_configure=False, cmake_target=None, cmake_target_skip_unavailable=False, continue_on_error=False, event_handlers=None, executor='parallel', ignore_user_meta=False, install_base='install', log_base=None, log_level=None, main=<bound method BuildVerb.main of <colcon_core.verb.build.BuildVerb object at 0x7fa0e4d908>>, merge_install=False, metas=['./colcon.meta'], packages_above=None, packages_above_and_dependencies=None, packages_above_depth=None, packages_end=None, packages_ignore=None, packages_ignore_regex=None, packages_select=None, packages_select_build_failed=False, packages_select_by_dep=None, packages_select_regex=None, packages_select_test_failures=False, packages_skip=None, packages_skip_build_finished=False, packages_skip_by_dep=None, packages_skip_regex=None, packages_skip_test_passed=False, packages_skip_up_to=None, packages_start=None, packages_up_to=None, packages_up_to_regex=None, parallel_workers=4, paths=None, symlink_install=True, test_result_base=None, verb_extension=<colcon_core.verb.build.BuildVerb object at 0x7fa0e4d908>, verb_name='build', verb_parser=<colcon_defaults.argument_parser.defaults.DefaultArgumentsDecorator object at 0x7fa0e4dc50>)
[4.272s] Level 1:colcon.colcon_core.package_discovery:discover_packages(colcon_meta) check parameters
[4.273s] Level 1:colcon.colcon_core.package_discovery:discover_packages(recursive) check parameters
[4.274s] Level 1:colcon.colcon_core.package_discovery:discover_packages(ignore) check parameters
[4.274s] Level 1:colcon.colcon_core.package_discovery:discover_packages(path) check parameters
[4.275s] Level 1:colcon.colcon_core.package_discovery:discover_packages(colcon_meta) discover
[4.277s] Level 1:colcon.colcon_core.package_discovery:discover_packages(recursive) discover
[4.277s] INFO:colcon.colcon_core.package_discovery:Crawling recursively for packages in '/juno/ros2_ws'
[4.278s] Level 1:colcon.colcon_core.package_identification:_identify(.) by extensions ['ignore', 'ignore_ament_install']
[4.278s] Level 1:colcon.colcon_core.package_identification:_identify(.) by extension 'ignore'
[4.279s] Level 1:colcon.colcon_core.package_identification:_identify(.) by extension 'ignore_ament_install'
[4.279s] Level 1:colcon.colcon_core.package_identification:_identify(.) by extensions ['colcon_pkg']
[4.279s] Level 1:colcon.colcon_core.package_identification:_identify(.) by extension 'colcon_pkg'
[4.280s] Level 1:colcon.colcon_core.package_identification:_identify(.) by extensions ['colcon_meta']
[4.280s] Level 1:colcon.colcon_core.package_identification:_identify(.) by extension 'colcon_meta'
[4.280s] Level 1:colcon.colcon_core.package_identification:_identify(.) by extensions ['ros']
[4.281s] Level 1:colcon.colcon_core.package_identification:_identify(.) by extension 'ros'
[4.523s] Level 1:colcon.colcon_core.package_identification:_identify(.) by extensions ['cmake', 'python']
[4.523s] Level 1:colcon.colcon_core.package_identification:_identify(.) by extension 'cmake'
[4.524s] Level 1:colcon.colcon_core.package_identification:_identify(.) by extension 'python'
[4.524s] Level 1:colcon.colcon_core.package_identification:_identify(.) by extensions ['python_setup_py']
[4.524s] Level 1:colcon.colcon_core.package_identification:_identify(.) by extension 'python_setup_py'
[4.525s] Level 1:colcon.colcon_core.package_identification:_identify(build) by extensions ['ignore', 'ignore_ament_install']
[4.526s] Level 1:colcon.colcon_core.package_identification:_identify(build) by extension 'ignore'
[4.526s] Level 1:colcon.colcon_core.package_identification:_identify(build) ignored
[4.529s] Level 1:colcon.colcon_core.package_identification:_identify(install) by extensions ['ignore', 'ignore_ament_install']
[4.530s] Level 1:colcon.colcon_core.package_identification:_identify(install) by extension 'ignore'
[4.530s] Level 1:colcon.colcon_core.package_identification:_identify(install) ignored
[4.531s] Level 1:colcon.colcon_core.package_identification:_identify(log) by extensions ['ignore', 'ignore_ament_install']
[4.532s] Level 1:colcon.colcon_core.package_identification:_identify(log) by extension 'ignore'
[4.532s] Level 1:colcon.colcon_core.package_identification:_identify(log) ignored
[4.532s] Level 1:colcon.colcon_core.package_identification:_identify(src) by extensions ['ignore', 'ignore_ament_install']
[4.533s] Level 1:colcon.colcon_core.package_identification:_identify(src) by extension 'ignore'
[4.533s] Level 1:colcon.colcon_core.package_identification:_identify(src) by extension 'ignore_ament_install'
[4.534s] Level 1:colcon.colcon_core.package_identification:_identify(src) by extensions ['colcon_pkg']
[4.534s] Level 1:colcon.colcon_core.package_identification:_identify(src) by extension 'colcon_pkg'
[4.534s] Level 1:colcon.colcon_core.package_identification:_identify(src) by extensions ['colcon_meta']
[4.534s] Level 1:colcon.colcon_core.package_identification:_identify(src) by extension 'colcon_meta'
[4.535s] Level 1:colcon.colcon_core.package_identification:_identify(src) by extensions ['ros']
[4.536s] Level 1:colcon.colcon_core.package_identification:_identify(src) by extension 'ros'
[4.536s] Level 1:colcon.colcon_core.package_identification:_identify(src) by extensions ['cmake', 'python']
[4.537s] Level 1:colcon.colcon_core.package_identification:_identify(src) by extension 'cmake'
[4.537s] Level 1:colcon.colcon_core.package_identification:_identify(src) by extension 'python'
[4.537s] Level 1:colcon.colcon_core.package_identification:_identify(src) by extensions ['python_setup_py']
[4.538s] Level 1:colcon.colcon_core.package_identification:_identify(src) by extension 'python_setup_py'
[4.538s] Level 1:colcon.colcon_core.package_identification:_identify(src/build) by extensions ['ignore', 'ignore_ament_install']
[4.539s] Level 1:colcon.colcon_core.package_identification:_identify(src/build) by extension 'ignore'
[4.540s] Level 1:colcon.colcon_core.package_identification:_identify(src/build) ignored
[4.540s] Level 1:colcon.colcon_core.package_identification:_identify(src/install) by extensions ['ignore', 'ignore_ament_install']
[4.541s] Level 1:colcon.colcon_core.package_identification:_identify(src/install) by extension 'ignore'
[4.542s] Level 1:colcon.colcon_core.package_identification:_identify(src/install) ignored
[4.542s] Level 1:colcon.colcon_core.package_identification:_identify(src/juno_controller) by extensions ['ignore', 'ignore_ament_install']
[4.543s] Level 1:colcon.colcon_core.package_identification:_identify(src/juno_controller) by extension 'ignore'
[4.543s] Level 1:colcon.colcon_core.package_identification:_identify(src/juno_controller) by extension 'ignore_ament_install'
[4.544s] Level 1:colcon.colcon_core.package_identification:_identify(src/juno_controller) by extensions ['colcon_pkg']
[4.544s] Level 1:colcon.colcon_core.package_identification:_identify(src/juno_controller) by extension 'colcon_pkg'
[4.544s] Level 1:colcon.colcon_core.package_identification:_identify(src/juno_controller) by extensions ['colcon_meta']
[4.545s] Level 1:colcon.colcon_core.package_identification:_identify(src/juno_controller) by extension 'colcon_meta'
[4.545s] Level 1:colcon.colcon_core.package_identification:_identify(src/juno_controller) by extensions ['ros']
[4.546s] Level 1:colcon.colcon_core.package_identification:_identify(src/juno_controller) by extension 'ros'
[4.571s] DEBUG:colcon.colcon_core.package_identification:Package 'src/juno_controller' with type 'ros.ament_python' and name 'juno_controller'
[4.572s] Level 1:colcon.colcon_core.package_identification:_identify(src/log) by extensions ['ignore', 'ignore_ament_install']
[4.573s] Level 1:colcon.colcon_core.package_identification:_identify(src/log) by extension 'ignore'
[4.574s] Level 1:colcon.colcon_core.package_identification:_identify(src/log) ignored
[4.575s] Level 1:colcon.colcon_core.package_discovery:discover_packages(recursive) using defaults
[4.577s] Level 1:colcon.colcon_core.package_discovery:discover_packages(ignore) discover
[4.577s] Level 1:colcon.colcon_core.package_discovery:discover_packages(ignore) using defaults
[4.578s] Level 1:colcon.colcon_core.package_discovery:discover_packages(path) discover
[4.578s] Level 1:colcon.colcon_core.package_discovery:discover_packages(path) using defaults
[4.900s] Level 5:colcon.colcon_core.verb:set package 'juno_controller' build argument 'cmake_args' from command line to 'None'
[4.901s] Level 5:colcon.colcon_core.verb:set package 'juno_controller' build argument 'cmake_target' from command line to 'None'
[4.901s] Level 5:colcon.colcon_core.verb:set package 'juno_controller' build argument 'cmake_target_skip_unavailable' from command line to 'False'
[4.902s] Level 5:colcon.colcon_core.verb:set package 'juno_controller' build argument 'cmake_clean_cache' from command line to 'False'
[4.902s] Level 5:colcon.colcon_core.verb:set package 'juno_controller' build argument 'cmake_clean_first' from command line to 'False'
[4.902s] Level 5:colcon.colcon_core.verb:set package 'juno_controller' build argument 'cmake_force_configure' from command line to 'False'
[4.902s] Level 5:colcon.colcon_core.verb:set package 'juno_controller' build argument 'ament_cmake_args' from command line to 'None'
[4.903s] Level 5:colcon.colcon_core.verb:set package 'juno_controller' build argument 'catkin_cmake_args' from command line to 'None'
[4.903s] Level 5:colcon.colcon_core.verb:set package 'juno_controller' build argument 'catkin_skip_building_tests' from command line to 'False'
[4.903s] DEBUG:colcon.colcon_core.verb:Building package 'juno_controller' with the following arguments: {'ament_cmake_args': None, 'build_base': '/juno/ros2_ws/build/juno_controller', 'catkin_cmake_args': None, 'catkin_skip_building_tests': False, 'cmake_args': None, 'cmake_clean_cache': False, 'cmake_clean_first': False, 'cmake_force_configure': False, 'cmake_target': None, 'cmake_target_skip_unavailable': False, 'install_base': '/juno/ros2_ws/install/juno_controller', 'merge_install': False, 'path': '/juno/ros2_ws/src/juno_controller', 'symlink_install': True, 'test_result_base': None}
[4.923s] INFO:colcon.colcon_core.executor:Executing jobs using 'parallel' executor
[5.043s] DEBUG:colcon.colcon_parallel_executor.executor.parallel:run_until_complete
[5.045s] INFO:colcon.colcon_ros.task.ament_python.build:Building ROS package in '/juno/ros2_ws/src/juno_controller' with build type 'ament_python'
[5.047s] Level 1:colcon.colcon_core.shell:create_environment_hook('juno_controller', 'ament_prefix_path')
[5.162s] INFO:colcon.colcon_core.plugin_system:Skipping extension 'colcon_core.shell.bat': Not used on non-Windows systems
[5.165s] INFO:colcon.colcon_core.shell:Creating environment hook '/juno/ros2_ws/install/juno_controller/share/juno_controller/hook/ament_prefix_path.ps1'
[5.179s] INFO:colcon.colcon_core.shell:Creating environment descriptor '/juno/ros2_ws/install/juno_controller/share/juno_controller/hook/ament_prefix_path.dsv'
[5.189s] INFO:colcon.colcon_core.shell:Creating environment hook '/juno/ros2_ws/install/juno_controller/share/juno_controller/hook/ament_prefix_path.sh'
[5.270s] INFO:colcon.colcon_core.shell:Skip shell extension 'powershell' for command environment: Not usable outside of PowerShell
[5.271s] DEBUG:colcon.colcon_core.shell:Skip shell extension 'dsv' for command environment
[7.538s] INFO:colcon.colcon_core.task.python.build:Building Python package in '/juno/ros2_ws/src/juno_controller'
[7.586s] INFO:colcon.colcon_core.shell:Skip shell extension 'powershell' for command environment: Not usable outside of PowerShell
[7.587s] DEBUG:colcon.colcon_core.shell:Skip shell extension 'dsv' for command environment
[10.907s] DEBUG:colcon.colcon_core.event_handler.log_command:Invoking command in '/juno/ros2_ws/build/juno_controller': PYTHONPATH=/juno/ros2_ws/build/juno_controller/prefix_override:/juno/ros2_ws/install/juno_controller/lib/python3.6/site-packages:${PYTHONPATH} /usr/bin/python3 setup.py develop --editable --build-directory /juno/ros2_ws/build/juno_controller/build --no-deps install_data
[15.080s] Level 1:colcon.colcon_core.shell:create_environment_hook('juno_controller', 'pythonpath_develop')
[15.082s] DEBUG:colcon.colcon_core.event_handler.log_command:Invoked command in '/juno/ros2_ws/build/juno_controller' returned '0': PYTHONPATH=/juno/ros2_ws/build/juno_controller/prefix_override:/juno/ros2_ws/install/juno_controller/lib/python3.6/site-packages:${PYTHONPATH} /usr/bin/python3 setup.py develop --editable --build-directory /juno/ros2_ws/build/juno_controller/build --no-deps install_data
[15.159s] INFO:colcon.colcon_core.shell:Creating environment hook '/juno/ros2_ws/build/juno_controller/share/juno_controller/hook/pythonpath_develop.ps1'
[15.166s] INFO:colcon.colcon_core.shell:Creating environment descriptor '/juno/ros2_ws/build/juno_controller/share/juno_controller/hook/pythonpath_develop.dsv'
[15.170s] INFO:colcon.colcon_core.shell:Creating environment hook '/juno/ros2_ws/build/juno_controller/share/juno_controller/hook/pythonpath_develop.sh'
[15.324s] Level 1:colcon.colcon_core.environment:checking '/juno/ros2_ws/install/juno_controller' for CMake module files
[15.332s] Level 1:colcon.colcon_core.environment:checking '/juno/ros2_ws/install/juno_controller' for CMake config files
[15.341s] Level 1:colcon.colcon_core.environment:checking '/juno/ros2_ws/install/juno_controller/lib'
[15.342s] Level 1:colcon.colcon_core.environment:checking '/juno/ros2_ws/install/juno_controller/bin'
[15.343s] Level 1:colcon.colcon_core.environment:checking '/juno/ros2_ws/install/juno_controller/lib/pkgconfig/juno_controller.pc'
[15.344s] Level 1:colcon.colcon_core.environment:checking '/juno/ros2_ws/install/juno_controller/lib/python3.6/site-packages'
[15.344s] Level 1:colcon.colcon_core.shell:create_environment_hook('juno_controller', 'pythonpath')
[15.409s] INFO:colcon.colcon_core.shell:Creating environment hook '/juno/ros2_ws/install/juno_controller/share/juno_controller/hook/pythonpath.ps1'
[15.413s] INFO:colcon.colcon_core.shell:Creating environment descriptor '/juno/ros2_ws/install/juno_controller/share/juno_controller/hook/pythonpath.dsv'
[15.415s] INFO:colcon.colcon_core.shell:Creating environment hook '/juno/ros2_ws/install/juno_controller/share/juno_controller/hook/pythonpath.sh'
[15.418s] Level 1:colcon.colcon_core.environment:checking '/juno/ros2_ws/install/juno_controller/bin'
[15.418s] Level 1:colcon.colcon_core.environment:create_environment_scripts_only(juno_controller)
[15.479s] INFO:colcon.colcon_core.shell:Creating package script '/juno/ros2_ws/install/juno_controller/share/juno_controller/package.ps1'
[15.488s] INFO:colcon.colcon_core.shell:Creating package descriptor '/juno/ros2_ws/install/juno_controller/share/juno_controller/package.dsv'
[15.505s] INFO:colcon.colcon_core.shell:Creating package script '/juno/ros2_ws/install/juno_controller/share/juno_controller/package.sh'
[15.517s] INFO:colcon.colcon_core.shell:Creating package script '/juno/ros2_ws/install/juno_controller/share/juno_controller/package.bash'
[15.548s] INFO:colcon.colcon_core.shell:Creating package script '/juno/ros2_ws/install/juno_controller/share/juno_controller/package.zsh'
[15.566s] Level 1:colcon.colcon_core.environment:create_file_with_runtime_dependencies(/juno/ros2_ws/install/juno_controller/share/colcon-core/packages/juno_controller)
[15.574s] DEBUG:colcon.colcon_parallel_executor.executor.parallel:closing loop
[15.575s] DEBUG:colcon.colcon_parallel_executor.executor.parallel:loop closed
[15.576s] DEBUG:colcon.colcon_parallel_executor.executor.parallel:run_until_complete finished with '0'
[15.577s] DEBUG:colcon.colcon_core.event_reactor:joining thread
[15.654s] INFO:colcon.colcon_core.plugin_system:Skipping extension 'colcon_notification.desktop_notification.notify_send': Could not find 'notify-send'
[15.655s] INFO:colcon.colcon_core.plugin_system:Skipping extension 'colcon_notification.desktop_notification.terminal_notifier': Not used on non-Darwin systems
[15.655s] INFO:colcon.colcon_core.plugin_system:Skipping extension 'colcon_notification.desktop_notification.win32': Not used on non-Windows systems
[15.655s] INFO:colcon.colcon_notification.desktop_notification:Sending desktop notification using 'notify2'
[15.702s] DEBUG:colcon.colcon_notification.desktop_notification.notify2:Failed to initialize notify2: org.freedesktop.DBus.Error.InvalidFileContent: D-Bus library appears to be incorrectly set up: see the manual page for dbus-uuidgen to correct this issue. (Failed to open "/var/lib/dbus/machine-id": No such file or directory; UUID file '/etc/machine-id' should contain a hex string of length 32, not length 0, with no other text)
[15.703s] DEBUG:colcon.colcon_core.event_reactor:joined thread
[15.759s] INFO:colcon.colcon_core.shell:Creating prefix script '/juno/ros2_ws/install/local_setup.ps1'
[15.768s] INFO:colcon.colcon_core.shell:Creating prefix util module '/juno/ros2_ws/install/_local_setup_util_ps1.py'
[15.782s] INFO:colcon.colcon_core.shell:Creating prefix chain script '/juno/ros2_ws/install/setup.ps1'
[15.800s] INFO:colcon.colcon_core.shell:Creating prefix script '/juno/ros2_ws/install/local_setup.sh'
[15.806s] INFO:colcon.colcon_core.shell:Creating prefix util module '/juno/ros2_ws/install/_local_setup_util_sh.py'
[15.808s] INFO:colcon.colcon_core.shell:Creating prefix chain script '/juno/ros2_ws/install/setup.sh'
[15.827s] INFO:colcon.colcon_core.shell:Creating prefix script '/juno/ros2_ws/install/local_setup.bash'
[15.832s] INFO:colcon.colcon_core.shell:Creating prefix chain script '/juno/ros2_ws/install/setup.bash'
[15.852s] INFO:colcon.colcon_core.shell:Creating prefix script '/juno/ros2_ws/install/local_setup.zsh'
[15.857s] INFO:colcon.colcon_core.shell:Creating prefix chain script '/juno/ros2_ws/install/setup.zsh'
