running develop
running egg_info
writing ../../build/juno_controller/juno_controller.egg-info/PKG-INFO
writing dependency_links to ../../build/juno_controller/juno_controller.egg-info/dependency_links.txt
writing entry points to ../../build/juno_controller/juno_controller.egg-info/entry_points.txt
writing requirements to ../../build/juno_controller/juno_controller.egg-info/requires.txt
writing top-level names to ../../build/juno_controller/juno_controller.egg-info/top_level.txt
reading manifest file '../../build/juno_controller/juno_controller.egg-info/SOURCES.txt'
writing manifest file '../../build/juno_controller/juno_controller.egg-info/SOURCES.txt'
running build
running build_py
running install
running install_lib
running install_data
running install_egg_info
removing '/juno/ros2_ws/install/juno_controller/lib/python3.6/site-packages/juno_controller-0.0.0-py3.6.egg-info' (and everything under it)
Copying ../../build/juno_controller/juno_controller.egg-info to /juno/ros2_ws/install/juno_controller/lib/python3.6/site-packages/juno_controller-0.0.0-py3.6.egg-info
running install_scripts
Installing camera_node script to /juno/ros2_ws/install/juno_controller/lib/juno_controller
Installing drivetrain_node script to /juno/ros2_ws/install/juno_controller/lib/juno_controller
writing list of installed files to '/juno/ros2_ws/build/juno_controller/install.log'
