[6.475s] Invoking command in '/juno/ros2_ws/build/juno_controller': PYTHONPATH=/juno/ros2_ws/build/juno_controller/prefix_override:/juno/ros2_ws/install/juno_controller/lib/python3.6/site-packages:${PYTHONPATH} /usr/bin/python3 setup.py develop --uninstall --editable --build-directory /juno/ros2_ws/build/juno_controller/build
[8.192s] running develop
[9.300s] Invoked command in '/juno/ros2_ws/build/juno_controller' returned '0': PYTHONPATH=/juno/ros2_ws/build/juno_controller/prefix_override:/juno/ros2_ws/install/juno_controller/lib/python3.6/site-packages:${PYTHONPATH} /usr/bin/python3 setup.py develop --uninstall --editable --build-directory /juno/ros2_ws/build/juno_controller/build
[9.306s] Invoking command in '/juno/ros2_ws/src/juno_controller': PYTHONPATH=/juno/ros2_ws/build/juno_controller/prefix_override:/juno/ros2_ws/install/juno_controller/lib/python3.6/site-packages:${PYTHONPATH} /usr/bin/python3 setup.py egg_info --egg-base ../../build/juno_controller build --build-base /juno/ros2_ws/build/juno_controller/build install --record /juno/ros2_ws/build/juno_controller/install.log --single-version-externally-managed
[10.888s] running egg_info
[10.892s] writing ../../build/juno_controller/juno_controller.egg-info/PKG-INFO
[10.894s] writing dependency_links to ../../build/juno_controller/juno_controller.egg-info/dependency_links.txt
[10.898s] writing entry points to ../../build/juno_controller/juno_controller.egg-info/entry_points.txt
[10.899s] writing requirements to ../../build/juno_controller/juno_controller.egg-info/requires.txt
[10.900s] writing top-level names to ../../build/juno_controller/juno_controller.egg-info/top_level.txt
[10.906s] reading manifest file '../../build/juno_controller/juno_controller.egg-info/SOURCES.txt'
[10.911s] writing manifest file '../../build/juno_controller/juno_controller.egg-info/SOURCES.txt'
[10.912s] running build
[10.913s] running build_py
[10.913s] running install
[10.915s] running install_lib
[10.921s] running install_data
[10.924s] running install_egg_info
[10.931s] removing '/juno/ros2_ws/install/juno_controller/lib/python3.6/site-packages/juno_controller-0.0.0-py3.6.egg-info' (and everything under it)
[10.933s] Copying ../../build/juno_controller/juno_controller.egg-info to /juno/ros2_ws/install/juno_controller/lib/python3.6/site-packages/juno_controller-0.0.0-py3.6.egg-info
[10.937s] running install_scripts
[11.022s] Installing camera_node script to /juno/ros2_ws/install/juno_controller/lib/juno_controller
[11.022s] Installing drivetrain_node script to /juno/ros2_ws/install/juno_controller/lib/juno_controller
[11.024s] writing list of installed files to '/juno/ros2_ws/build/juno_controller/install.log'
[11.145s] Invoked command in '/juno/ros2_ws/src/juno_controller' returned '0': PYTHONPATH=/juno/ros2_ws/build/juno_controller/prefix_override:/juno/ros2_ws/install/juno_controller/lib/python3.6/site-packages:${PYTHONPATH} /usr/bin/python3 setup.py egg_info --egg-base ../../build/juno_controller build --build-base /juno/ros2_ws/build/juno_controller/build install --record /juno/ros2_ws/build/juno_controller/install.log --single-version-externally-managed
