[2.943s] DEBUG:colcon:Command line arguments: ['/usr/bin/colcon', 'build', '--symlink-install']
[2.944s] DEBUG:colcon:Parsed command line arguments: Namespace(ament_cmake_args=None, base_paths=['.'], build_base='build', catkin_cmake_args=None, catkin_skip_building_tests=False, cmake_args=None, cmake_clean_cache=False, cmake_clean_first=False, cmake_force_configure=False, cmake_target=None, cmake_target_skip_unavailable=False, continue_on_error=False, event_handlers=None, executor='parallel', ignore_user_meta=False, install_base='install', log_base=None, log_level=None, main=<bound method BuildVerb.main of <colcon_core.verb.build.BuildVerb object at 0x7f8d1ecf28>>, merge_install=False, metas=['./colcon.meta'], packages_above=None, packages_above_and_dependencies=None, packages_above_depth=None, packages_end=None, packages_ignore=None, packages_ignore_regex=None, packages_select=None, packages_select_build_failed=False, packages_select_by_dep=None, packages_select_regex=None, packages_select_test_failures=False, packages_skip=None, packages_skip_build_finished=False, packages_skip_by_dep=None, packages_skip_regex=None, packages_skip_test_passed=False, packages_skip_up_to=None, packages_start=None, packages_up_to=None, packages_up_to_regex=None, parallel_workers=4, paths=None, symlink_install=True, test_result_base=None, verb_extension=<colcon_core.verb.build.BuildVerb object at 0x7f8d1ecf28>, verb_name='build', verb_parser=<colcon_defaults.argument_parser.defaults.DefaultArgumentsDecorator object at 0x7f8d1f82b0>)
[3.129s] Level 1:colcon.colcon_core.package_discovery:discover_packages(colcon_meta) check parameters
[3.130s] Level 1:colcon.colcon_core.package_discovery:discover_packages(recursive) check parameters
[3.130s] Level 1:colcon.colcon_core.package_discovery:discover_packages(ignore) check parameters
[3.130s] Level 1:colcon.colcon_core.package_discovery:discover_packages(path) check parameters
[3.130s] Level 1:colcon.colcon_core.package_discovery:discover_packages(colcon_meta) discover
[3.132s] Level 1:colcon.colcon_core.package_discovery:discover_packages(recursive) discover
[3.132s] INFO:colcon.colcon_core.package_discovery:Crawling recursively for packages in '/juno/ros2_ws'
[3.133s] Level 1:colcon.colcon_core.package_identification:_identify(.) by extensions ['ignore', 'ignore_ament_install']
[3.133s] Level 1:colcon.colcon_core.package_identification:_identify(.) by extension 'ignore'
[3.134s] Level 1:colcon.colcon_core.package_identification:_identify(.) by extension 'ignore_ament_install'
[3.134s] Level 1:colcon.colcon_core.package_identification:_identify(.) by extensions ['colcon_pkg']
[3.134s] Level 1:colcon.colcon_core.package_identification:_identify(.) by extension 'colcon_pkg'
[3.134s] Level 1:colcon.colcon_core.package_identification:_identify(.) by extensions ['colcon_meta']
[3.135s] Level 1:colcon.colcon_core.package_identification:_identify(.) by extension 'colcon_meta'
[3.135s] Level 1:colcon.colcon_core.package_identification:_identify(.) by extensions ['ros']
[3.135s] Level 1:colcon.colcon_core.package_identification:_identify(.) by extension 'ros'
[3.309s] Level 1:colcon.colcon_core.package_identification:_identify(.) by extensions ['cmake', 'python']
[3.309s] Level 1:colcon.colcon_core.package_identification:_identify(.) by extension 'cmake'
[3.310s] Level 1:colcon.colcon_core.package_identification:_identify(.) by extension 'python'
[3.310s] Level 1:colcon.colcon_core.package_identification:_identify(.) by extensions ['python_setup_py']
[3.310s] Level 1:colcon.colcon_core.package_identification:_identify(.) by extension 'python_setup_py'
[3.311s] Level 1:colcon.colcon_core.package_identification:_identify(build) by extensions ['ignore', 'ignore_ament_install']
[3.311s] Level 1:colcon.colcon_core.package_identification:_identify(build) by extension 'ignore'
[3.312s] Level 1:colcon.colcon_core.package_identification:_identify(build) ignored
[3.314s] Level 1:colcon.colcon_core.package_identification:_identify(install) by extensions ['ignore', 'ignore_ament_install']
[3.314s] Level 1:colcon.colcon_core.package_identification:_identify(install) by extension 'ignore'
[3.314s] Level 1:colcon.colcon_core.package_identification:_identify(install) ignored
[3.315s] Level 1:colcon.colcon_core.package_identification:_identify(log) by extensions ['ignore', 'ignore_ament_install']
[3.316s] Level 1:colcon.colcon_core.package_identification:_identify(log) by extension 'ignore'
[3.316s] Level 1:colcon.colcon_core.package_identification:_identify(log) ignored
[3.317s] Level 1:colcon.colcon_core.package_identification:_identify(src) by extensions ['ignore', 'ignore_ament_install']
[3.317s] Level 1:colcon.colcon_core.package_identification:_identify(src) by extension 'ignore'
[3.317s] Level 1:colcon.colcon_core.package_identification:_identify(src) by extension 'ignore_ament_install'
[3.318s] Level 1:colcon.colcon_core.package_identification:_identify(src) by extensions ['colcon_pkg']
[3.318s] Level 1:colcon.colcon_core.package_identification:_identify(src) by extension 'colcon_pkg'
[3.318s] Level 1:colcon.colcon_core.package_identification:_identify(src) by extensions ['colcon_meta']
[3.318s] Level 1:colcon.colcon_core.package_identification:_identify(src) by extension 'colcon_meta'
[3.319s] Level 1:colcon.colcon_core.package_identification:_identify(src) by extensions ['ros']
[3.319s] Level 1:colcon.colcon_core.package_identification:_identify(src) by extension 'ros'
[3.319s] Level 1:colcon.colcon_core.package_identification:_identify(src) by extensions ['cmake', 'python']
[3.320s] Level 1:colcon.colcon_core.package_identification:_identify(src) by extension 'cmake'
[3.320s] Level 1:colcon.colcon_core.package_identification:_identify(src) by extension 'python'
[3.320s] Level 1:colcon.colcon_core.package_identification:_identify(src) by extensions ['python_setup_py']
[3.320s] Level 1:colcon.colcon_core.package_identification:_identify(src) by extension 'python_setup_py'
[3.321s] Level 1:colcon.colcon_core.package_identification:_identify(src/build) by extensions ['ignore', 'ignore_ament_install']
[3.321s] Level 1:colcon.colcon_core.package_identification:_identify(src/build) by extension 'ignore'
[3.321s] Level 1:colcon.colcon_core.package_identification:_identify(src/build) ignored
[3.322s] Level 1:colcon.colcon_core.package_identification:_identify(src/install) by extensions ['ignore', 'ignore_ament_install']
[3.322s] Level 1:colcon.colcon_core.package_identification:_identify(src/install) by extension 'ignore'
[3.323s] Level 1:colcon.colcon_core.package_identification:_identify(src/install) ignored
[3.323s] Level 1:colcon.colcon_core.package_identification:_identify(src/juno_controller) by extensions ['ignore', 'ignore_ament_install']
[3.324s] Level 1:colcon.colcon_core.package_identification:_identify(src/juno_controller) by extension 'ignore'
[3.324s] Level 1:colcon.colcon_core.package_identification:_identify(src/juno_controller) by extension 'ignore_ament_install'
[3.324s] Level 1:colcon.colcon_core.package_identification:_identify(src/juno_controller) by extensions ['colcon_pkg']
[3.324s] Level 1:colcon.colcon_core.package_identification:_identify(src/juno_controller) by extension 'colcon_pkg'
[3.325s] Level 1:colcon.colcon_core.package_identification:_identify(src/juno_controller) by extensions ['colcon_meta']
[3.325s] Level 1:colcon.colcon_core.package_identification:_identify(src/juno_controller) by extension 'colcon_meta'
[3.325s] Level 1:colcon.colcon_core.package_identification:_identify(src/juno_controller) by extensions ['ros']
[3.325s] Level 1:colcon.colcon_core.package_identification:_identify(src/juno_controller) by extension 'ros'
[3.338s] DEBUG:colcon.colcon_core.package_identification:Package 'src/juno_controller' with type 'ros.ament_python' and name 'juno_controller'
[3.339s] Level 1:colcon.colcon_core.package_identification:_identify(src/log) by extensions ['ignore', 'ignore_ament_install']
[3.339s] Level 1:colcon.colcon_core.package_identification:_identify(src/log) by extension 'ignore'
[3.339s] Level 1:colcon.colcon_core.package_identification:_identify(src/log) ignored
[3.340s] Level 1:colcon.colcon_core.package_identification:_identify(src/test_controller) by extensions ['ignore', 'ignore_ament_install']
[3.340s] Level 1:colcon.colcon_core.package_identification:_identify(src/test_controller) by extension 'ignore'
[3.341s] Level 1:colcon.colcon_core.package_identification:_identify(src/test_controller) by extension 'ignore_ament_install'
[3.341s] Level 1:colcon.colcon_core.package_identification:_identify(src/test_controller) by extensions ['colcon_pkg']
[3.341s] Level 1:colcon.colcon_core.package_identification:_identify(src/test_controller) by extension 'colcon_pkg'
[3.342s] Level 1:colcon.colcon_core.package_identification:_identify(src/test_controller) by extensions ['colcon_meta']
[3.342s] Level 1:colcon.colcon_core.package_identification:_identify(src/test_controller) by extension 'colcon_meta'
[3.342s] Level 1:colcon.colcon_core.package_identification:_identify(src/test_controller) by extensions ['ros']
[3.342s] Level 1:colcon.colcon_core.package_identification:_identify(src/test_controller) by extension 'ros'
[3.345s] DEBUG:colcon.colcon_core.package_identification:Package 'src/test_controller' with type 'ros.ament_python' and name 'test_controller'
[3.345s] Level 1:colcon.colcon_core.package_discovery:discover_packages(recursive) using defaults
[3.347s] Level 1:colcon.colcon_core.package_discovery:discover_packages(ignore) discover
[3.347s] Level 1:colcon.colcon_core.package_discovery:discover_packages(ignore) using defaults
[3.347s] Level 1:colcon.colcon_core.package_discovery:discover_packages(path) discover
[3.347s] Level 1:colcon.colcon_core.package_discovery:discover_packages(path) using defaults
[3.575s] Level 5:colcon.colcon_core.verb:set package 'juno_controller' build argument 'cmake_args' from command line to 'None'
[3.576s] Level 5:colcon.colcon_core.verb:set package 'juno_controller' build argument 'cmake_target' from command line to 'None'
[3.576s] Level 5:colcon.colcon_core.verb:set package 'juno_controller' build argument 'cmake_target_skip_unavailable' from command line to 'False'
[3.576s] Level 5:colcon.colcon_core.verb:set package 'juno_controller' build argument 'cmake_clean_cache' from command line to 'False'
[3.576s] Level 5:colcon.colcon_core.verb:set package 'juno_controller' build argument 'cmake_clean_first' from command line to 'False'
[3.577s] Level 5:colcon.colcon_core.verb:set package 'juno_controller' build argument 'cmake_force_configure' from command line to 'False'
[3.577s] Level 5:colcon.colcon_core.verb:set package 'juno_controller' build argument 'ament_cmake_args' from command line to 'None'
[3.577s] Level 5:colcon.colcon_core.verb:set package 'juno_controller' build argument 'catkin_cmake_args' from command line to 'None'
[3.577s] Level 5:colcon.colcon_core.verb:set package 'juno_controller' build argument 'catkin_skip_building_tests' from command line to 'False'
[3.577s] DEBUG:colcon.colcon_core.verb:Building package 'juno_controller' with the following arguments: {'ament_cmake_args': None, 'build_base': '/juno/ros2_ws/build/juno_controller', 'catkin_cmake_args': None, 'catkin_skip_building_tests': False, 'cmake_args': None, 'cmake_clean_cache': False, 'cmake_clean_first': False, 'cmake_force_configure': False, 'cmake_target': None, 'cmake_target_skip_unavailable': False, 'install_base': '/juno/ros2_ws/install/juno_controller', 'merge_install': False, 'path': '/juno/ros2_ws/src/juno_controller', 'symlink_install': True, 'test_result_base': None}
[3.598s] Level 5:colcon.colcon_core.verb:set package 'test_controller' build argument 'cmake_args' from command line to 'None'
[3.599s] Level 5:colcon.colcon_core.verb:set package 'test_controller' build argument 'cmake_target' from command line to 'None'
[3.599s] Level 5:colcon.colcon_core.verb:set package 'test_controller' build argument 'cmake_target_skip_unavailable' from command line to 'False'
[3.599s] Level 5:colcon.colcon_core.verb:set package 'test_controller' build argument 'cmake_clean_cache' from command line to 'False'
[3.599s] Level 5:colcon.colcon_core.verb:set package 'test_controller' build argument 'cmake_clean_first' from command line to 'False'
[3.600s] Level 5:colcon.colcon_core.verb:set package 'test_controller' build argument 'cmake_force_configure' from command line to 'False'
[3.600s] Level 5:colcon.colcon_core.verb:set package 'test_controller' build argument 'ament_cmake_args' from command line to 'None'
[3.600s] Level 5:colcon.colcon_core.verb:set package 'test_controller' build argument 'catkin_cmake_args' from command line to 'None'
[3.600s] Level 5:colcon.colcon_core.verb:set package 'test_controller' build argument 'catkin_skip_building_tests' from command line to 'False'
[3.600s] DEBUG:colcon.colcon_core.verb:Building package 'test_controller' with the following arguments: {'ament_cmake_args': None, 'build_base': '/juno/ros2_ws/build/test_controller', 'catkin_cmake_args': None, 'catkin_skip_building_tests': False, 'cmake_args': None, 'cmake_clean_cache': False, 'cmake_clean_first': False, 'cmake_force_configure': False, 'cmake_target': None, 'cmake_target_skip_unavailable': False, 'install_base': '/juno/ros2_ws/install/test_controller', 'merge_install': False, 'path': '/juno/ros2_ws/src/test_controller', 'symlink_install': True, 'test_result_base': None}
[3.617s] INFO:colcon.colcon_core.executor:Executing jobs using 'parallel' executor
[3.717s] DEBUG:colcon.colcon_parallel_executor.executor.parallel:run_until_complete
[3.719s] INFO:colcon.colcon_ros.task.ament_python.build:Building ROS package in '/juno/ros2_ws/src/juno_controller' with build type 'ament_python'
[3.720s] Level 1:colcon.colcon_core.shell:create_environment_hook('juno_controller', 'ament_prefix_path')
[3.779s] INFO:colcon.colcon_core.plugin_system:Skipping extension 'colcon_core.shell.bat': Not used on non-Windows systems
[3.781s] INFO:colcon.colcon_core.shell:Creating environment hook '/juno/ros2_ws/install/juno_controller/share/juno_controller/hook/ament_prefix_path.ps1'
[3.785s] INFO:colcon.colcon_core.shell:Creating environment descriptor '/juno/ros2_ws/install/juno_controller/share/juno_controller/hook/ament_prefix_path.dsv'
[3.787s] INFO:colcon.colcon_core.shell:Creating environment hook '/juno/ros2_ws/install/juno_controller/share/juno_controller/hook/ament_prefix_path.sh'
[3.829s] INFO:colcon.colcon_core.shell:Skip shell extension 'powershell' for command environment: Not usable outside of PowerShell
[3.830s] DEBUG:colcon.colcon_core.shell:Skip shell extension 'dsv' for command environment
[3.946s] INFO:colcon.colcon_ros.task.ament_python.build:Building ROS package in '/juno/ros2_ws/src/test_controller' with build type 'ament_python'
[3.947s] Level 1:colcon.colcon_core.shell:create_environment_hook('test_controller', 'ament_prefix_path')
[3.990s] INFO:colcon.colcon_core.shell:Creating environment hook '/juno/ros2_ws/install/test_controller/share/test_controller/hook/ament_prefix_path.ps1'
[3.992s] INFO:colcon.colcon_core.shell:Creating environment descriptor '/juno/ros2_ws/install/test_controller/share/test_controller/hook/ament_prefix_path.dsv'
[3.994s] INFO:colcon.colcon_core.shell:Creating environment hook '/juno/ros2_ws/install/test_controller/share/test_controller/hook/ament_prefix_path.sh'
[4.037s] INFO:colcon.colcon_core.shell:Skip shell extension 'powershell' for command environment: Not usable outside of PowerShell
[4.038s] DEBUG:colcon.colcon_core.shell:Skip shell extension 'dsv' for command environment
[5.886s] INFO:colcon.colcon_core.task.python.build:Building Python package in '/juno/ros2_ws/src/juno_controller'
[5.928s] INFO:colcon.colcon_core.shell:Skip shell extension 'powershell' for command environment: Not usable outside of PowerShell
[5.929s] DEBUG:colcon.colcon_core.shell:Skip shell extension 'dsv' for command environment
[7.827s] INFO:colcon.colcon_core.task.python.build:Building Python package in '/juno/ros2_ws/src/test_controller'
[7.866s] INFO:colcon.colcon_core.shell:Skip shell extension 'powershell' for command environment: Not usable outside of PowerShell
[7.867s] DEBUG:colcon.colcon_core.shell:Skip shell extension 'dsv' for command environment
[10.440s] DEBUG:colcon.colcon_core.task.python.build:While undoing a previous installation files outside the Python library path are being ignored: /juno/ros2_ws/install/juno_controller/share/ament_index/resource_index/packages/juno_controller
[10.441s] DEBUG:colcon.colcon_core.task.python.build:While undoing a previous installation files outside the Python library path are being ignored: /juno/ros2_ws/install/juno_controller/share/juno_controller/package.xml
[10.442s] DEBUG:colcon.colcon_core.task.python.build:While undoing a previous installation files outside the Python library path are being ignored: /juno/ros2_ws/install/juno_controller/lib/juno_controller/camera_node
[10.443s] DEBUG:colcon.colcon_core.task.python.build:While undoing a previous installation files outside the Python library path are being ignored: /juno/ros2_ws/install/juno_controller/lib/juno_controller/drivetrain_node
[10.457s] DEBUG:colcon.colcon_core.event_handler.log_command:Invoking command in '/juno/ros2_ws/build/juno_controller': PYTHONPATH=/juno/ros2_ws/build/juno_controller/prefix_override:/juno/ros2_ws/install/juno_controller/lib/python3.6/site-packages:${PYTHONPATH} /usr/bin/python3 setup.py develop --editable --build-directory /juno/ros2_ws/build/juno_controller/build --no-deps install_data
[10.528s] DEBUG:colcon.colcon_core.task.python.build:While undoing a previous installation files outside the Python library path are being ignored: /juno/ros2_ws/install/test_controller/share/ament_index/resource_index/packages/test_controller
[10.529s] DEBUG:colcon.colcon_core.task.python.build:While undoing a previous installation files outside the Python library path are being ignored: /juno/ros2_ws/install/test_controller/share/test_controller/package.xml
[10.556s] DEBUG:colcon.colcon_core.event_handler.log_command:Invoking command in '/juno/ros2_ws/build/test_controller': PYTHONPATH=/juno/ros2_ws/build/test_controller/prefix_override:/juno/ros2_ws/install/test_controller/lib/python3.6/site-packages:${PYTHONPATH} /usr/bin/python3 setup.py develop --editable --build-directory /juno/ros2_ws/build/test_controller/build --no-deps install_data
[13.772s] Level 1:colcon.colcon_core.shell:create_environment_hook('juno_controller', 'pythonpath_develop')
[13.801s] DEBUG:colcon.colcon_core.event_handler.log_command:Invoked command in '/juno/ros2_ws/build/juno_controller' returned '0': PYTHONPATH=/juno/ros2_ws/build/juno_controller/prefix_override:/juno/ros2_ws/install/juno_controller/lib/python3.6/site-packages:${PYTHONPATH} /usr/bin/python3 setup.py develop --editable --build-directory /juno/ros2_ws/build/juno_controller/build --no-deps install_data
[13.823s] INFO:colcon.colcon_core.shell:Creating environment hook '/juno/ros2_ws/build/juno_controller/share/juno_controller/hook/pythonpath_develop.ps1'
[13.828s] INFO:colcon.colcon_core.shell:Creating environment descriptor '/juno/ros2_ws/build/juno_controller/share/juno_controller/hook/pythonpath_develop.dsv'
[13.830s] INFO:colcon.colcon_core.shell:Creating environment hook '/juno/ros2_ws/build/juno_controller/share/juno_controller/hook/pythonpath_develop.sh'
[13.907s] Level 1:colcon.colcon_core.environment:checking '/juno/ros2_ws/install/juno_controller' for CMake module files
[13.910s] Level 1:colcon.colcon_core.environment:checking '/juno/ros2_ws/install/juno_controller' for CMake config files
[13.914s] Level 1:colcon.colcon_core.environment:checking '/juno/ros2_ws/install/juno_controller/lib'
[13.915s] Level 1:colcon.colcon_core.environment:checking '/juno/ros2_ws/install/juno_controller/bin'
[13.916s] Level 1:colcon.colcon_core.environment:checking '/juno/ros2_ws/install/juno_controller/lib/pkgconfig/juno_controller.pc'
[13.916s] Level 1:colcon.colcon_core.environment:checking '/juno/ros2_ws/install/juno_controller/lib/python3.6/site-packages'
[13.917s] Level 1:colcon.colcon_core.shell:create_environment_hook('juno_controller', 'pythonpath')
[13.958s] INFO:colcon.colcon_core.shell:Creating environment hook '/juno/ros2_ws/install/juno_controller/share/juno_controller/hook/pythonpath.ps1'
[13.960s] INFO:colcon.colcon_core.shell:Creating environment descriptor '/juno/ros2_ws/install/juno_controller/share/juno_controller/hook/pythonpath.dsv'
[13.962s] INFO:colcon.colcon_core.shell:Creating environment hook '/juno/ros2_ws/install/juno_controller/share/juno_controller/hook/pythonpath.sh'
[13.965s] Level 1:colcon.colcon_core.environment:checking '/juno/ros2_ws/install/juno_controller/bin'
[13.965s] Level 1:colcon.colcon_core.environment:create_environment_scripts_only(juno_controller)
[14.005s] INFO:colcon.colcon_core.shell:Creating package script '/juno/ros2_ws/install/juno_controller/share/juno_controller/package.ps1'
[14.010s] INFO:colcon.colcon_core.shell:Creating package descriptor '/juno/ros2_ws/install/juno_controller/share/juno_controller/package.dsv'
[14.014s] INFO:colcon.colcon_core.shell:Creating package script '/juno/ros2_ws/install/juno_controller/share/juno_controller/package.sh'
[14.019s] INFO:colcon.colcon_core.shell:Creating package script '/juno/ros2_ws/install/juno_controller/share/juno_controller/package.bash'
[14.024s] INFO:colcon.colcon_core.shell:Creating package script '/juno/ros2_ws/install/juno_controller/share/juno_controller/package.zsh'
[14.028s] Level 1:colcon.colcon_core.environment:create_file_with_runtime_dependencies(/juno/ros2_ws/install/juno_controller/share/colcon-core/packages/juno_controller)
[14.036s] Level 1:colcon.colcon_core.shell:create_environment_hook('test_controller', 'pythonpath_develop')
[14.059s] DEBUG:colcon.colcon_core.event_handler.log_command:Invoked command in '/juno/ros2_ws/build/test_controller' returned '0': PYTHONPATH=/juno/ros2_ws/build/test_controller/prefix_override:/juno/ros2_ws/install/test_controller/lib/python3.6/site-packages:${PYTHONPATH} /usr/bin/python3 setup.py develop --editable --build-directory /juno/ros2_ws/build/test_controller/build --no-deps install_data
[14.080s] INFO:colcon.colcon_core.shell:Creating environment hook '/juno/ros2_ws/build/test_controller/share/test_controller/hook/pythonpath_develop.ps1'
[14.082s] INFO:colcon.colcon_core.shell:Creating environment descriptor '/juno/ros2_ws/build/test_controller/share/test_controller/hook/pythonpath_develop.dsv'
[14.083s] INFO:colcon.colcon_core.shell:Creating environment hook '/juno/ros2_ws/build/test_controller/share/test_controller/hook/pythonpath_develop.sh'
[14.139s] Level 1:colcon.colcon_core.environment:checking '/juno/ros2_ws/install/test_controller' for CMake module files
[14.143s] Level 1:colcon.colcon_core.environment:checking '/juno/ros2_ws/install/test_controller' for CMake config files
[14.147s] Level 1:colcon.colcon_core.environment:checking '/juno/ros2_ws/install/test_controller/lib'
[14.148s] Level 1:colcon.colcon_core.environment:checking '/juno/ros2_ws/install/test_controller/bin'
[14.148s] Level 1:colcon.colcon_core.environment:checking '/juno/ros2_ws/install/test_controller/lib/pkgconfig/test_controller.pc'
[14.149s] Level 1:colcon.colcon_core.environment:checking '/juno/ros2_ws/install/test_controller/lib/python3.6/site-packages'
[14.149s] Level 1:colcon.colcon_core.shell:create_environment_hook('test_controller', 'pythonpath')
[14.189s] INFO:colcon.colcon_core.shell:Creating environment hook '/juno/ros2_ws/install/test_controller/share/test_controller/hook/pythonpath.ps1'
[14.191s] INFO:colcon.colcon_core.shell:Creating environment descriptor '/juno/ros2_ws/install/test_controller/share/test_controller/hook/pythonpath.dsv'
[14.193s] INFO:colcon.colcon_core.shell:Creating environment hook '/juno/ros2_ws/install/test_controller/share/test_controller/hook/pythonpath.sh'
[14.195s] Level 1:colcon.colcon_core.environment:checking '/juno/ros2_ws/install/test_controller/bin'
[14.196s] Level 1:colcon.colcon_core.environment:create_environment_scripts_only(test_controller)
[14.238s] INFO:colcon.colcon_core.shell:Creating package script '/juno/ros2_ws/install/test_controller/share/test_controller/package.ps1'
[14.242s] INFO:colcon.colcon_core.shell:Creating package descriptor '/juno/ros2_ws/install/test_controller/share/test_controller/package.dsv'
[14.245s] INFO:colcon.colcon_core.shell:Creating package script '/juno/ros2_ws/install/test_controller/share/test_controller/package.sh'
[14.248s] INFO:colcon.colcon_core.shell:Creating package script '/juno/ros2_ws/install/test_controller/share/test_controller/package.bash'
[14.250s] INFO:colcon.colcon_core.shell:Creating package script '/juno/ros2_ws/install/test_controller/share/test_controller/package.zsh'
[14.251s] Level 1:colcon.colcon_core.environment:create_file_with_runtime_dependencies(/juno/ros2_ws/install/test_controller/share/colcon-core/packages/test_controller)
[14.252s] DEBUG:colcon.colcon_parallel_executor.executor.parallel:closing loop
[14.254s] DEBUG:colcon.colcon_parallel_executor.executor.parallel:loop closed
[14.255s] DEBUG:colcon.colcon_parallel_executor.executor.parallel:run_until_complete finished with '0'
[14.255s] DEBUG:colcon.colcon_core.event_reactor:joining thread
[14.287s] INFO:colcon.colcon_core.plugin_system:Skipping extension 'colcon_notification.desktop_notification.notify_send': Could not find 'notify-send'
[14.288s] INFO:colcon.colcon_core.plugin_system:Skipping extension 'colcon_notification.desktop_notification.terminal_notifier': Not used on non-Darwin systems
[14.288s] INFO:colcon.colcon_core.plugin_system:Skipping extension 'colcon_notification.desktop_notification.win32': Not used on non-Windows systems
[14.288s] INFO:colcon.colcon_notification.desktop_notification:Sending desktop notification using 'notify2'
[14.289s] DEBUG:colcon.colcon_notification.desktop_notification.notify2:Failed to initialize notify2: org.freedesktop.DBus.Error.InvalidFileContent: D-Bus library appears to be incorrectly set up: see the manual page for dbus-uuidgen to correct this issue. (Failed to open "/var/lib/dbus/machine-id": No such file or directory; UUID file '/etc/machine-id' should contain a hex string of length 32, not length 0, with no other text)
[14.289s] DEBUG:colcon.colcon_core.event_reactor:joined thread
[14.328s] INFO:colcon.colcon_core.shell:Creating prefix script '/juno/ros2_ws/install/local_setup.ps1'
[14.334s] INFO:colcon.colcon_core.shell:Creating prefix util module '/juno/ros2_ws/install/_local_setup_util_ps1.py'
[14.343s] INFO:colcon.colcon_core.shell:Creating prefix chain script '/juno/ros2_ws/install/setup.ps1'
[14.359s] INFO:colcon.colcon_core.shell:Creating prefix script '/juno/ros2_ws/install/local_setup.sh'
[14.362s] INFO:colcon.colcon_core.shell:Creating prefix util module '/juno/ros2_ws/install/_local_setup_util_sh.py'
[14.365s] INFO:colcon.colcon_core.shell:Creating prefix chain script '/juno/ros2_ws/install/setup.sh'
[14.381s] INFO:colcon.colcon_core.shell:Creating prefix script '/juno/ros2_ws/install/local_setup.bash'
[14.384s] INFO:colcon.colcon_core.shell:Creating prefix chain script '/juno/ros2_ws/install/setup.bash'
[14.398s] INFO:colcon.colcon_core.shell:Creating prefix script '/juno/ros2_ws/install/local_setup.zsh'
[14.401s] INFO:colcon.colcon_core.shell:Creating prefix chain script '/juno/ros2_ws/install/setup.zsh'
