[2.883s] DEBUG:colcon:Command line arguments: ['/usr/bin/colcon', 'build']
[2.883s] DEBUG:colcon:Parsed command line arguments: Namespace(ament_cmake_args=None, base_paths=['.'], build_base='build', catkin_cmake_args=None, catkin_skip_building_tests=False, cmake_args=None, cmake_clean_cache=False, cmake_clean_first=False, cmake_force_configure=False, cmake_target=None, cmake_target_skip_unavailable=False, continue_on_error=False, event_handlers=None, executor='parallel', ignore_user_meta=False, install_base='install', log_base=None, log_level=None, main=<bound method BuildVerb.main of <colcon_core.verb.build.BuildVerb object at 0x7f99ed3908>>, merge_install=False, metas=['./colcon.meta'], packages_above=None, packages_above_and_dependencies=None, packages_above_depth=None, packages_end=None, packages_ignore=None, packages_ignore_regex=None, packages_select=None, packages_select_build_failed=False, packages_select_by_dep=None, packages_select_regex=None, packages_select_test_failures=False, packages_skip=None, packages_skip_build_finished=False, packages_skip_by_dep=None, packages_skip_regex=None, packages_skip_test_passed=False, packages_skip_up_to=None, packages_start=None, packages_up_to=None, packages_up_to_regex=None, parallel_workers=4, paths=None, symlink_install=False, test_result_base=None, verb_extension=<colcon_core.verb.build.BuildVerb object at 0x7f99ed3908>, verb_name='build', verb_parser=<colcon_defaults.argument_parser.defaults.DefaultArgumentsDecorator object at 0x7f99da5be0>)
[3.101s] Level 1:colcon.colcon_core.package_discovery:discover_packages(colcon_meta) check parameters
[3.101s] Level 1:colcon.colcon_core.package_discovery:discover_packages(recursive) check parameters
[3.101s] Level 1:colcon.colcon_core.package_discovery:discover_packages(ignore) check parameters
[3.102s] Level 1:colcon.colcon_core.package_discovery:discover_packages(path) check parameters
[3.102s] Level 1:colcon.colcon_core.package_discovery:discover_packages(colcon_meta) discover
[3.103s] Level 1:colcon.colcon_core.package_discovery:discover_packages(recursive) discover
[3.104s] INFO:colcon.colcon_core.package_discovery:Crawling recursively for packages in '/juno/ros2_ws/src'
[3.104s] Level 1:colcon.colcon_core.package_identification:_identify(.) by extensions ['ignore', 'ignore_ament_install']
[3.104s] Level 1:colcon.colcon_core.package_identification:_identify(.) by extension 'ignore'
[3.105s] Level 1:colcon.colcon_core.package_identification:_identify(.) by extension 'ignore_ament_install'
[3.105s] Level 1:colcon.colcon_core.package_identification:_identify(.) by extensions ['colcon_pkg']
[3.105s] Level 1:colcon.colcon_core.package_identification:_identify(.) by extension 'colcon_pkg'
[3.106s] Level 1:colcon.colcon_core.package_identification:_identify(.) by extensions ['colcon_meta']
[3.106s] Level 1:colcon.colcon_core.package_identification:_identify(.) by extension 'colcon_meta'
[3.106s] Level 1:colcon.colcon_core.package_identification:_identify(.) by extensions ['ros']
[3.106s] Level 1:colcon.colcon_core.package_identification:_identify(.) by extension 'ros'
[3.280s] Level 1:colcon.colcon_core.package_identification:_identify(.) by extensions ['cmake', 'python']
[3.280s] Level 1:colcon.colcon_core.package_identification:_identify(.) by extension 'cmake'
[3.281s] Level 1:colcon.colcon_core.package_identification:_identify(.) by extension 'python'
[3.281s] Level 1:colcon.colcon_core.package_identification:_identify(.) by extensions ['python_setup_py']
[3.281s] Level 1:colcon.colcon_core.package_identification:_identify(.) by extension 'python_setup_py'
[3.282s] Level 1:colcon.colcon_core.package_identification:_identify(build) by extensions ['ignore', 'ignore_ament_install']
[3.282s] Level 1:colcon.colcon_core.package_identification:_identify(build) by extension 'ignore'
[3.282s] Level 1:colcon.colcon_core.package_identification:_identify(build) ignored
[3.284s] Level 1:colcon.colcon_core.package_identification:_identify(install) by extensions ['ignore', 'ignore_ament_install']
[3.285s] Level 1:colcon.colcon_core.package_identification:_identify(install) by extension 'ignore'
[3.285s] Level 1:colcon.colcon_core.package_identification:_identify(install) ignored
[3.285s] Level 1:colcon.colcon_core.package_identification:_identify(juno_controller) by extensions ['ignore', 'ignore_ament_install']
[3.286s] Level 1:colcon.colcon_core.package_identification:_identify(juno_controller) by extension 'ignore'
[3.286s] Level 1:colcon.colcon_core.package_identification:_identify(juno_controller) by extension 'ignore_ament_install'
[3.287s] Level 1:colcon.colcon_core.package_identification:_identify(juno_controller) by extensions ['colcon_pkg']
[3.287s] Level 1:colcon.colcon_core.package_identification:_identify(juno_controller) by extension 'colcon_pkg'
[3.287s] Level 1:colcon.colcon_core.package_identification:_identify(juno_controller) by extensions ['colcon_meta']
[3.287s] Level 1:colcon.colcon_core.package_identification:_identify(juno_controller) by extension 'colcon_meta'
[3.287s] Level 1:colcon.colcon_core.package_identification:_identify(juno_controller) by extensions ['ros']
[3.288s] Level 1:colcon.colcon_core.package_identification:_identify(juno_controller) by extension 'ros'
[3.292s] DEBUG:colcon.colcon_core.package_identification:Failed to parse potential ROS package manifest in'juno_controller': Error(s) in package 'juno_controller/package.xml':
The manifest contains invalid XML:
mismatched tag: line 11, column 18
[3.293s] Level 1:colcon.colcon_core.package_identification:_identify(juno_controller) by extensions ['cmake', 'python']
[3.293s] Level 1:colcon.colcon_core.package_identification:_identify(juno_controller) by extension 'cmake'
[3.293s] Level 1:colcon.colcon_core.package_identification:_identify(juno_controller) by extension 'python'
[3.294s] DEBUG:colcon.colcon_core.package_identification:Python package in 'juno_controller' passes arguments to the setup() function which requires a different identification extension than 'python'
[3.294s] Level 1:colcon.colcon_core.package_identification:_identify(juno_controller) by extensions ['python_setup_py']
[3.294s] Level 1:colcon.colcon_core.package_identification:_identify(juno_controller) by extension 'python_setup_py'
[4.943s] DEBUG:colcon.colcon_core.package_identification:Package 'juno_controller' with type 'python' and name 'juno_controller'
[4.944s] Level 1:colcon.colcon_core.package_identification:_identify(log) by extensions ['ignore', 'ignore_ament_install']
[4.945s] Level 1:colcon.colcon_core.package_identification:_identify(log) by extension 'ignore'
[4.945s] Level 1:colcon.colcon_core.package_identification:_identify(log) ignored
[4.945s] Level 1:colcon.colcon_core.package_discovery:discover_packages(recursive) using defaults
[4.946s] Level 1:colcon.colcon_core.package_discovery:discover_packages(ignore) discover
[4.947s] Level 1:colcon.colcon_core.package_discovery:discover_packages(ignore) using defaults
[4.947s] Level 1:colcon.colcon_core.package_discovery:discover_packages(path) discover
[4.947s] Level 1:colcon.colcon_core.package_discovery:discover_packages(path) using defaults
[5.170s] Level 5:colcon.colcon_core.verb:set package 'juno_controller' build argument 'cmake_args' from command line to 'None'
[5.170s] Level 5:colcon.colcon_core.verb:set package 'juno_controller' build argument 'cmake_target' from command line to 'None'
[5.170s] Level 5:colcon.colcon_core.verb:set package 'juno_controller' build argument 'cmake_target_skip_unavailable' from command line to 'False'
[5.171s] Level 5:colcon.colcon_core.verb:set package 'juno_controller' build argument 'cmake_clean_cache' from command line to 'False'
[5.171s] Level 5:colcon.colcon_core.verb:set package 'juno_controller' build argument 'cmake_clean_first' from command line to 'False'
[5.171s] Level 5:colcon.colcon_core.verb:set package 'juno_controller' build argument 'cmake_force_configure' from command line to 'False'
[5.171s] Level 5:colcon.colcon_core.verb:set package 'juno_controller' build argument 'ament_cmake_args' from command line to 'None'
[5.171s] Level 5:colcon.colcon_core.verb:set package 'juno_controller' build argument 'catkin_cmake_args' from command line to 'None'
[5.171s] Level 5:colcon.colcon_core.verb:set package 'juno_controller' build argument 'catkin_skip_building_tests' from command line to 'False'
[5.172s] DEBUG:colcon.colcon_core.verb:Building package 'juno_controller' with the following arguments: {'ament_cmake_args': None, 'build_base': '/juno/ros2_ws/src/build/juno_controller', 'catkin_cmake_args': None, 'catkin_skip_building_tests': False, 'cmake_args': None, 'cmake_clean_cache': False, 'cmake_clean_first': False, 'cmake_force_configure': False, 'cmake_target': None, 'cmake_target_skip_unavailable': False, 'install_base': '/juno/ros2_ws/src/install/juno_controller', 'merge_install': False, 'path': '/juno/ros2_ws/src/juno_controller', 'symlink_install': False, 'test_result_base': None}
[5.187s] INFO:colcon.colcon_core.executor:Executing jobs using 'parallel' executor
[5.272s] DEBUG:colcon.colcon_parallel_executor.executor.parallel:run_until_complete
[5.273s] INFO:colcon.colcon_core.task.python.build:Building Python package in '/juno/ros2_ws/src/juno_controller'
[5.325s] INFO:colcon.colcon_core.plugin_system:Skipping extension 'colcon_core.shell.bat': Not used on non-Windows systems
[5.327s] INFO:colcon.colcon_core.shell:Skip shell extension 'powershell' for command environment: Not usable outside of PowerShell
[5.327s] DEBUG:colcon.colcon_core.shell:Skip shell extension 'dsv' for command environment
[9.438s] DEBUG:colcon.colcon_core.event_handler.log_command:Invoking command in '/juno/ros2_ws/src/juno_controller': PYTHONPATH=/juno/ros2_ws/src/build/juno_controller/prefix_override:/juno/ros2_ws/src/install/juno_controller/lib/python3.6/site-packages:${PYTHONPATH} /usr/bin/python3 setup.py egg_info --egg-base ../build/juno_controller build --build-base /juno/ros2_ws/src/build/juno_controller/build install --record /juno/ros2_ws/src/build/juno_controller/install.log --single-version-externally-managed
[11.266s] DEBUG:colcon.colcon_core.event_handler.log_command:Invoked command in '/juno/ros2_ws/src/juno_controller' returned '0': PYTHONPATH=/juno/ros2_ws/src/build/juno_controller/prefix_override:/juno/ros2_ws/src/install/juno_controller/lib/python3.6/site-packages:${PYTHONPATH} /usr/bin/python3 setup.py egg_info --egg-base ../build/juno_controller build --build-base /juno/ros2_ws/src/build/juno_controller/build install --record /juno/ros2_ws/src/build/juno_controller/install.log --single-version-externally-managed
[11.327s] Level 1:colcon.colcon_core.environment:checking '/juno/ros2_ws/src/install/juno_controller' for CMake module files
[11.330s] Level 1:colcon.colcon_core.environment:checking '/juno/ros2_ws/src/install/juno_controller' for CMake config files
[11.334s] Level 1:colcon.colcon_core.environment:checking '/juno/ros2_ws/src/install/juno_controller/lib'
[11.335s] Level 1:colcon.colcon_core.environment:checking '/juno/ros2_ws/src/install/juno_controller/bin'
[11.335s] Level 1:colcon.colcon_core.environment:checking '/juno/ros2_ws/src/install/juno_controller/lib/pkgconfig/juno_controller.pc'
[11.336s] Level 1:colcon.colcon_core.environment:checking '/juno/ros2_ws/src/install/juno_controller/lib/python3.6/site-packages'
[11.336s] Level 1:colcon.colcon_core.shell:create_environment_hook('juno_controller', 'pythonpath')
[11.373s] INFO:colcon.colcon_core.shell:Creating environment hook '/juno/ros2_ws/src/install/juno_controller/share/juno_controller/hook/pythonpath.ps1'
[11.376s] INFO:colcon.colcon_core.shell:Creating environment descriptor '/juno/ros2_ws/src/install/juno_controller/share/juno_controller/hook/pythonpath.dsv'
[11.378s] INFO:colcon.colcon_core.shell:Creating environment hook '/juno/ros2_ws/src/install/juno_controller/share/juno_controller/hook/pythonpath.sh'
[11.382s] Level 1:colcon.colcon_core.environment:checking '/juno/ros2_ws/src/install/juno_controller/bin'
[11.382s] Level 1:colcon.colcon_core.environment:create_environment_scripts_only(juno_controller)
[11.419s] INFO:colcon.colcon_core.shell:Creating package script '/juno/ros2_ws/src/install/juno_controller/share/juno_controller/package.ps1'
[11.424s] INFO:colcon.colcon_core.shell:Creating package descriptor '/juno/ros2_ws/src/install/juno_controller/share/juno_controller/package.dsv'
[11.427s] INFO:colcon.colcon_core.shell:Creating package script '/juno/ros2_ws/src/install/juno_controller/share/juno_controller/package.sh'
[11.432s] INFO:colcon.colcon_core.shell:Creating package script '/juno/ros2_ws/src/install/juno_controller/share/juno_controller/package.bash'
[11.436s] INFO:colcon.colcon_core.shell:Creating package script '/juno/ros2_ws/src/install/juno_controller/share/juno_controller/package.zsh'
[11.440s] Level 1:colcon.colcon_core.environment:create_file_with_runtime_dependencies(/juno/ros2_ws/src/install/juno_controller/share/colcon-core/packages/juno_controller)
[11.443s] DEBUG:colcon.colcon_parallel_executor.executor.parallel:closing loop
[11.444s] DEBUG:colcon.colcon_parallel_executor.executor.parallel:loop closed
[11.445s] DEBUG:colcon.colcon_parallel_executor.executor.parallel:run_until_complete finished with '0'
[11.445s] DEBUG:colcon.colcon_core.event_reactor:joining thread
[11.471s] INFO:colcon.colcon_core.plugin_system:Skipping extension 'colcon_notification.desktop_notification.notify_send': Could not find 'notify-send'
[11.472s] INFO:colcon.colcon_core.plugin_system:Skipping extension 'colcon_notification.desktop_notification.terminal_notifier': Not used on non-Darwin systems
[11.473s] INFO:colcon.colcon_core.plugin_system:Skipping extension 'colcon_notification.desktop_notification.win32': Not used on non-Windows systems
[11.473s] INFO:colcon.colcon_notification.desktop_notification:Sending desktop notification using 'notify2'
[11.473s] DEBUG:colcon.colcon_notification.desktop_notification.notify2:Failed to initialize notify2: org.freedesktop.DBus.Error.NotSupported: Unable to autolaunch a dbus-daemon without a $DISPLAY for X11
[11.473s] DEBUG:colcon.colcon_core.event_reactor:joined thread
[11.511s] INFO:colcon.colcon_core.shell:Creating prefix script '/juno/ros2_ws/src/install/local_setup.ps1'
[11.516s] INFO:colcon.colcon_core.shell:Creating prefix util module '/juno/ros2_ws/src/install/_local_setup_util_ps1.py'
[11.526s] INFO:colcon.colcon_core.shell:Creating prefix chain script '/juno/ros2_ws/src/install/setup.ps1'
[11.540s] INFO:colcon.colcon_core.shell:Creating prefix script '/juno/ros2_ws/src/install/local_setup.sh'
[11.543s] INFO:colcon.colcon_core.shell:Creating prefix util module '/juno/ros2_ws/src/install/_local_setup_util_sh.py'
[11.545s] INFO:colcon.colcon_core.shell:Creating prefix chain script '/juno/ros2_ws/src/install/setup.sh'
[11.559s] INFO:colcon.colcon_core.shell:Creating prefix script '/juno/ros2_ws/src/install/local_setup.bash'
[11.561s] INFO:colcon.colcon_core.shell:Creating prefix chain script '/juno/ros2_ws/src/install/setup.bash'
[11.575s] INFO:colcon.colcon_core.shell:Creating prefix script '/juno/ros2_ws/src/install/local_setup.zsh'
[11.577s] INFO:colcon.colcon_core.shell:Creating prefix chain script '/juno/ros2_ws/src/install/setup.zsh'
