[6.817s] Invoking command in '/juno/ros2_ws/build/juno_controller': PYTHONPATH=/juno/ros2_ws/build/juno_controller/prefix_override:/juno/ros2_ws/install/juno_controller/lib/python3.6/site-packages:${PYTHONPATH} /usr/bin/python3 setup.py develop --uninstall --editable --build-directory /juno/ros2_ws/build/juno_controller/build
[8.560s] running develop
[9.694s] Invoked command in '/juno/ros2_ws/build/juno_controller' returned '0': PYTHONPATH=/juno/ros2_ws/build/juno_controller/prefix_override:/juno/ros2_ws/install/juno_controller/lib/python3.6/site-packages:${PYTHONPATH} /usr/bin/python3 setup.py develop --uninstall --editable --build-directory /juno/ros2_ws/build/juno_controller/build
[9.704s] Invoking command in '/juno/ros2_ws/src/juno_controller': PYTHONPATH=/juno/ros2_ws/build/juno_controller/prefix_override:/juno/ros2_ws/install/juno_controller/lib/python3.6/site-packages:${PYTHONPATH} /usr/bin/python3 setup.py egg_info --egg-base ../../build/juno_controller build --build-base /juno/ros2_ws/build/juno_controller/build install --record /juno/ros2_ws/build/juno_controller/install.log --single-version-externally-managed
[11.295s] running egg_info
[11.299s] writing ../../build/juno_controller/juno_controller.egg-info/PKG-INFO
[11.302s] writing dependency_links to ../../build/juno_controller/juno_controller.egg-info/dependency_links.txt
[11.303s] writing entry points to ../../build/juno_controller/juno_controller.egg-info/entry_points.txt
[11.303s] writing requirements to ../../build/juno_controller/juno_controller.egg-info/requires.txt
[11.304s] writing top-level names to ../../build/juno_controller/juno_controller.egg-info/top_level.txt
[11.310s] reading manifest file '../../build/juno_controller/juno_controller.egg-info/SOURCES.txt'
[11.317s] writing manifest file '../../build/juno_controller/juno_controller.egg-info/SOURCES.txt'
[11.321s] running build
[11.322s] running build_py
[11.322s] copying juno_controller/camera_node.py -> /juno/ros2_ws/build/juno_controller/build/lib/juno_controller
[11.323s] copying juno_controller/drivetrain_node.py -> /juno/ros2_ws/build/juno_controller/build/lib/juno_controller
[11.323s] running install
[11.324s] running install_lib
[11.326s] copying /juno/ros2_ws/build/juno_controller/build/lib/juno_controller/camera_node.py -> /juno/ros2_ws/install/juno_controller/lib/python3.6/site-packages/juno_controller
[11.327s] copying /juno/ros2_ws/build/juno_controller/build/lib/juno_controller/drivetrain_node.py -> /juno/ros2_ws/install/juno_controller/lib/python3.6/site-packages/juno_controller
[11.329s] byte-compiling /juno/ros2_ws/install/juno_controller/lib/python3.6/site-packages/juno_controller/camera_node.py to camera_node.cpython-36.pyc
[11.331s] byte-compiling /juno/ros2_ws/install/juno_controller/lib/python3.6/site-packages/juno_controller/drivetrain_node.py to drivetrain_node.cpython-36.pyc
[11.337s] running install_data
[11.339s] running install_egg_info
[11.346s] removing '/juno/ros2_ws/install/juno_controller/lib/python3.6/site-packages/juno_controller-0.0.0-py3.6.egg-info' (and everything under it)
[11.347s] Copying ../../build/juno_controller/juno_controller.egg-info to /juno/ros2_ws/install/juno_controller/lib/python3.6/site-packages/juno_controller-0.0.0-py3.6.egg-info
[11.357s] running install_scripts
[11.439s] Installing camera_node script to /juno/ros2_ws/install/juno_controller/lib/juno_controller
[11.441s] Installing drivetrain_node script to /juno/ros2_ws/install/juno_controller/lib/juno_controller
[11.442s] writing list of installed files to '/juno/ros2_ws/build/juno_controller/install.log'
[11.557s] Invoked command in '/juno/ros2_ws/src/juno_controller' returned '0': PYTHONPATH=/juno/ros2_ws/build/juno_controller/prefix_override:/juno/ros2_ws/install/juno_controller/lib/python3.6/site-packages:${PYTHONPATH} /usr/bin/python3 setup.py egg_info --egg-base ../../build/juno_controller build --build-base /juno/ros2_ws/build/juno_controller/build install --record /juno/ros2_ws/build/juno_controller/install.log --single-version-externally-managed
