[2.931s] DEBUG:colcon:Command line arguments: ['/usr/bin/colcon', 'build', '--symlink-install']
[2.931s] DEBUG:colcon:Parsed command line arguments: Namespace(ament_cmake_args=None, base_paths=['.'], build_base='build', catkin_cmake_args=None, catkin_skip_building_tests=False, cmake_args=None, cmake_clean_cache=False, cmake_clean_first=False, cmake_force_configure=False, cmake_target=None, cmake_target_skip_unavailable=False, continue_on_error=False, event_handlers=None, executor='parallel', ignore_user_meta=False, install_base='install', log_base=None, log_level=None, main=<bound method BuildVerb.main of <colcon_core.verb.build.BuildVerb object at 0x7fad2c8e10>>, merge_install=False, metas=['./colcon.meta'], packages_above=None, packages_above_and_dependencies=None, packages_above_depth=None, packages_end=None, packages_ignore=None, packages_ignore_regex=None, packages_select=None, packages_select_build_failed=False, packages_select_by_dep=None, packages_select_regex=None, packages_select_test_failures=False, packages_skip=None, packages_skip_build_finished=False, packages_skip_by_dep=None, packages_skip_regex=None, packages_skip_test_passed=False, packages_skip_up_to=None, packages_start=None, packages_up_to=None, packages_up_to_regex=None, parallel_workers=4, paths=None, symlink_install=True, test_result_base=None, verb_extension=<colcon_core.verb.build.BuildVerb object at 0x7fad2c8e10>, verb_name='build', verb_parser=<colcon_defaults.argument_parser.defaults.DefaultArgumentsDecorator object at 0x7fad2d3198>)
[3.116s] Level 1:colcon.colcon_core.package_discovery:discover_packages(colcon_meta) check parameters
[3.116s] Level 1:colcon.colcon_core.package_discovery:discover_packages(recursive) check parameters
[3.116s] Level 1:colcon.colcon_core.package_discovery:discover_packages(ignore) check parameters
[3.117s] Level 1:colcon.colcon_core.package_discovery:discover_packages(path) check parameters
[3.117s] Level 1:colcon.colcon_core.package_discovery:discover_packages(colcon_meta) discover
[3.118s] Level 1:colcon.colcon_core.package_discovery:discover_packages(recursive) discover
[3.118s] INFO:colcon.colcon_core.package_discovery:Crawling recursively for packages in '/juno/ros2_ws'
[3.119s] Level 1:colcon.colcon_core.package_identification:_identify(.) by extensions ['ignore', 'ignore_ament_install']
[3.119s] Level 1:colcon.colcon_core.package_identification:_identify(.) by extension 'ignore'
[3.120s] Level 1:colcon.colcon_core.package_identification:_identify(.) by extension 'ignore_ament_install'
[3.120s] Level 1:colcon.colcon_core.package_identification:_identify(.) by extensions ['colcon_pkg']
[3.120s] Level 1:colcon.colcon_core.package_identification:_identify(.) by extension 'colcon_pkg'
[3.121s] Level 1:colcon.colcon_core.package_identification:_identify(.) by extensions ['colcon_meta']
[3.121s] Level 1:colcon.colcon_core.package_identification:_identify(.) by extension 'colcon_meta'
[3.121s] Level 1:colcon.colcon_core.package_identification:_identify(.) by extensions ['ros']
[3.121s] Level 1:colcon.colcon_core.package_identification:_identify(.) by extension 'ros'
[3.295s] Level 1:colcon.colcon_core.package_identification:_identify(.) by extensions ['cmake', 'python']
[3.296s] Level 1:colcon.colcon_core.package_identification:_identify(.) by extension 'cmake'
[3.296s] Level 1:colcon.colcon_core.package_identification:_identify(.) by extension 'python'
[3.296s] Level 1:colcon.colcon_core.package_identification:_identify(.) by extensions ['python_setup_py']
[3.296s] Level 1:colcon.colcon_core.package_identification:_identify(.) by extension 'python_setup_py'
[3.297s] Level 1:colcon.colcon_core.package_identification:_identify(build) by extensions ['ignore', 'ignore_ament_install']
[3.297s] Level 1:colcon.colcon_core.package_identification:_identify(build) by extension 'ignore'
[3.298s] Level 1:colcon.colcon_core.package_identification:_identify(build) ignored
[3.300s] Level 1:colcon.colcon_core.package_identification:_identify(install) by extensions ['ignore', 'ignore_ament_install']
[3.300s] Level 1:colcon.colcon_core.package_identification:_identify(install) by extension 'ignore'
[3.300s] Level 1:colcon.colcon_core.package_identification:_identify(install) ignored
[3.301s] Level 1:colcon.colcon_core.package_identification:_identify(log) by extensions ['ignore', 'ignore_ament_install']
[3.301s] Level 1:colcon.colcon_core.package_identification:_identify(log) by extension 'ignore'
[3.302s] Level 1:colcon.colcon_core.package_identification:_identify(log) ignored
[3.302s] Level 1:colcon.colcon_core.package_identification:_identify(src) by extensions ['ignore', 'ignore_ament_install']
[3.303s] Level 1:colcon.colcon_core.package_identification:_identify(src) by extension 'ignore'
[3.303s] Level 1:colcon.colcon_core.package_identification:_identify(src) by extension 'ignore_ament_install'
[3.303s] Level 1:colcon.colcon_core.package_identification:_identify(src) by extensions ['colcon_pkg']
[3.303s] Level 1:colcon.colcon_core.package_identification:_identify(src) by extension 'colcon_pkg'
[3.304s] Level 1:colcon.colcon_core.package_identification:_identify(src) by extensions ['colcon_meta']
[3.304s] Level 1:colcon.colcon_core.package_identification:_identify(src) by extension 'colcon_meta'
[3.304s] Level 1:colcon.colcon_core.package_identification:_identify(src) by extensions ['ros']
[3.304s] Level 1:colcon.colcon_core.package_identification:_identify(src) by extension 'ros'
[3.305s] Level 1:colcon.colcon_core.package_identification:_identify(src) by extensions ['cmake', 'python']
[3.305s] Level 1:colcon.colcon_core.package_identification:_identify(src) by extension 'cmake'
[3.305s] Level 1:colcon.colcon_core.package_identification:_identify(src) by extension 'python'
[3.306s] Level 1:colcon.colcon_core.package_identification:_identify(src) by extensions ['python_setup_py']
[3.306s] Level 1:colcon.colcon_core.package_identification:_identify(src) by extension 'python_setup_py'
[3.307s] Level 1:colcon.colcon_core.package_identification:_identify(src/juno_controller) by extensions ['ignore', 'ignore_ament_install']
[3.307s] Level 1:colcon.colcon_core.package_identification:_identify(src/juno_controller) by extension 'ignore'
[3.307s] Level 1:colcon.colcon_core.package_identification:_identify(src/juno_controller) by extension 'ignore_ament_install'
[3.308s] Level 1:colcon.colcon_core.package_identification:_identify(src/juno_controller) by extensions ['colcon_pkg']
[3.308s] Level 1:colcon.colcon_core.package_identification:_identify(src/juno_controller) by extension 'colcon_pkg'
[3.308s] Level 1:colcon.colcon_core.package_identification:_identify(src/juno_controller) by extensions ['colcon_meta']
[3.309s] Level 1:colcon.colcon_core.package_identification:_identify(src/juno_controller) by extension 'colcon_meta'
[3.309s] Level 1:colcon.colcon_core.package_identification:_identify(src/juno_controller) by extensions ['ros']
[3.309s] Level 1:colcon.colcon_core.package_identification:_identify(src/juno_controller) by extension 'ros'
[3.315s] DEBUG:colcon.colcon_core.package_identification:Failed to parse potential ROS package manifest in'src/juno_controller': Error(s) in package 'src/juno_controller/package.xml':
The manifest contains invalid XML:
mismatched tag: line 11, column 18
[3.315s] Level 1:colcon.colcon_core.package_identification:_identify(src/juno_controller) by extensions ['cmake', 'python']
[3.316s] Level 1:colcon.colcon_core.package_identification:_identify(src/juno_controller) by extension 'cmake'
[3.316s] Level 1:colcon.colcon_core.package_identification:_identify(src/juno_controller) by extension 'python'
[3.316s] DEBUG:colcon.colcon_core.package_identification:Python package in 'src/juno_controller' passes arguments to the setup() function which requires a different identification extension than 'python'
[3.317s] Level 1:colcon.colcon_core.package_identification:_identify(src/juno_controller) by extensions ['python_setup_py']
[3.317s] Level 1:colcon.colcon_core.package_identification:_identify(src/juno_controller) by extension 'python_setup_py'
[4.801s] ERROR:colcon.colcon_core.package_identification:Exception in package identification extension 'python_setup_py' in 'src/juno_controller': Command '['/usr/bin/python3', '-c', 'import sys;from contextlib import suppress;exec("with suppress(ImportError):    from setuptools.extern.packaging.specifiers    import SpecifierSet");exec("with suppress(ImportError):    from packaging.specifiers import SpecifierSet");from distutils.core import run_setup;dist = run_setup(    \'setup.py\', script_args=(\'--dry-run\',), stop_after=\'config\');skip_keys = (\'cmdclass\', \'distclass\', \'ext_modules\', \'metadata\');data = {    key: value for key, value in dist.__dict__.items()     if (        not key.startswith(\'_\') and         not callable(value) and         key not in skip_keys and         key not in dist.display_option_names    )};data[\'metadata\'] = {    k: v for k, v in dist.metadata.__dict__.items()     if k not in (\'license_files\', \'provides_extras\')};sys.stdout.buffer.write(repr(data).encode(\'utf-8\'))']' returned non-zero exit status 1.
Traceback (most recent call last):
  File "/usr/lib/python3/dist-packages/colcon_core/package_identification/__init__.py", line 142, in _identify
    retval = extension.identify(_reused_descriptor_instance)
  File "/usr/lib/python3/dist-packages/colcon_python_setup_py/package_identification/python_setup_py.py", line 48, in identify
    config = get_setup_information(setup_py)
  File "/usr/lib/python3/dist-packages/colcon_python_setup_py/package_identification/python_setup_py.py", line 242, in get_setup_information
    setup_py, env=env)
  File "/usr/lib/python3/dist-packages/colcon_python_setup_py/package_identification/python_setup_py.py", line 290, in _get_setup_information
    cwd=os.path.abspath(str(setup_py.parent)), check=True, env=env)
  File "/usr/lib/python3.6/subprocess.py", line 438, in run
    output=stdout, stderr=stderr)
subprocess.CalledProcessError: Command '['/usr/bin/python3', '-c', 'import sys;from contextlib import suppress;exec("with suppress(ImportError):    from setuptools.extern.packaging.specifiers    import SpecifierSet");exec("with suppress(ImportError):    from packaging.specifiers import SpecifierSet");from distutils.core import run_setup;dist = run_setup(    \'setup.py\', script_args=(\'--dry-run\',), stop_after=\'config\');skip_keys = (\'cmdclass\', \'distclass\', \'ext_modules\', \'metadata\');data = {    key: value for key, value in dist.__dict__.items()     if (        not key.startswith(\'_\') and         not callable(value) and         key not in skip_keys and         key not in dist.display_option_names    )};data[\'metadata\'] = {    k: v for k, v in dist.metadata.__dict__.items()     if k not in (\'license_files\', \'provides_extras\')};sys.stdout.buffer.write(repr(data).encode(\'utf-8\'))']' returned non-zero exit status 1.

[4.803s] Level 1:colcon.colcon_core.package_identification:_identify(src/juno_controller/juno_controller) by extensions ['ignore', 'ignore_ament_install']
[4.804s] Level 1:colcon.colcon_core.package_identification:_identify(src/juno_controller/juno_controller) by extension 'ignore'
[4.805s] Level 1:colcon.colcon_core.package_identification:_identify(src/juno_controller/juno_controller) by extension 'ignore_ament_install'
[4.805s] Level 1:colcon.colcon_core.package_identification:_identify(src/juno_controller/juno_controller) by extensions ['colcon_pkg']
[4.805s] Level 1:colcon.colcon_core.package_identification:_identify(src/juno_controller/juno_controller) by extension 'colcon_pkg'
[4.806s] Level 1:colcon.colcon_core.package_identification:_identify(src/juno_controller/juno_controller) by extensions ['colcon_meta']
[4.806s] Level 1:colcon.colcon_core.package_identification:_identify(src/juno_controller/juno_controller) by extension 'colcon_meta'
[4.806s] Level 1:colcon.colcon_core.package_identification:_identify(src/juno_controller/juno_controller) by extensions ['ros']
[4.807s] Level 1:colcon.colcon_core.package_identification:_identify(src/juno_controller/juno_controller) by extension 'ros'
[4.807s] Level 1:colcon.colcon_core.package_identification:_identify(src/juno_controller/juno_controller) by extensions ['cmake', 'python']
[4.807s] Level 1:colcon.colcon_core.package_identification:_identify(src/juno_controller/juno_controller) by extension 'cmake'
[4.808s] Level 1:colcon.colcon_core.package_identification:_identify(src/juno_controller/juno_controller) by extension 'python'
[4.808s] Level 1:colcon.colcon_core.package_identification:_identify(src/juno_controller/juno_controller) by extensions ['python_setup_py']
[4.808s] Level 1:colcon.colcon_core.package_identification:_identify(src/juno_controller/juno_controller) by extension 'python_setup_py'
[4.809s] Level 1:colcon.colcon_core.package_identification:_identify(src/juno_controller/juno_controller/__pycache__) by extensions ['ignore', 'ignore_ament_install']
[4.809s] Level 1:colcon.colcon_core.package_identification:_identify(src/juno_controller/juno_controller/__pycache__) by extension 'ignore'
[4.810s] Level 1:colcon.colcon_core.package_identification:_identify(src/juno_controller/juno_controller/__pycache__) by extension 'ignore_ament_install'
[4.810s] Level 1:colcon.colcon_core.package_identification:_identify(src/juno_controller/juno_controller/__pycache__) by extensions ['colcon_pkg']
[4.810s] Level 1:colcon.colcon_core.package_identification:_identify(src/juno_controller/juno_controller/__pycache__) by extension 'colcon_pkg'
[4.810s] Level 1:colcon.colcon_core.package_identification:_identify(src/juno_controller/juno_controller/__pycache__) by extensions ['colcon_meta']
[4.811s] Level 1:colcon.colcon_core.package_identification:_identify(src/juno_controller/juno_controller/__pycache__) by extension 'colcon_meta'
[4.811s] Level 1:colcon.colcon_core.package_identification:_identify(src/juno_controller/juno_controller/__pycache__) by extensions ['ros']
[4.811s] Level 1:colcon.colcon_core.package_identification:_identify(src/juno_controller/juno_controller/__pycache__) by extension 'ros'
[4.812s] Level 1:colcon.colcon_core.package_identification:_identify(src/juno_controller/juno_controller/__pycache__) by extensions ['cmake', 'python']
[4.812s] Level 1:colcon.colcon_core.package_identification:_identify(src/juno_controller/juno_controller/__pycache__) by extension 'cmake'
[4.812s] Level 1:colcon.colcon_core.package_identification:_identify(src/juno_controller/juno_controller/__pycache__) by extension 'python'
[4.812s] Level 1:colcon.colcon_core.package_identification:_identify(src/juno_controller/juno_controller/__pycache__) by extensions ['python_setup_py']
[4.813s] Level 1:colcon.colcon_core.package_identification:_identify(src/juno_controller/juno_controller/__pycache__) by extension 'python_setup_py'
[4.813s] Level 1:colcon.colcon_core.package_identification:_identify(src/juno_controller/juno_controller/submodules) by extensions ['ignore', 'ignore_ament_install']
[4.814s] Level 1:colcon.colcon_core.package_identification:_identify(src/juno_controller/juno_controller/submodules) by extension 'ignore'
[4.814s] Level 1:colcon.colcon_core.package_identification:_identify(src/juno_controller/juno_controller/submodules) by extension 'ignore_ament_install'
[4.814s] Level 1:colcon.colcon_core.package_identification:_identify(src/juno_controller/juno_controller/submodules) by extensions ['colcon_pkg']
[4.814s] Level 1:colcon.colcon_core.package_identification:_identify(src/juno_controller/juno_controller/submodules) by extension 'colcon_pkg'
[4.815s] Level 1:colcon.colcon_core.package_identification:_identify(src/juno_controller/juno_controller/submodules) by extensions ['colcon_meta']
[4.815s] Level 1:colcon.colcon_core.package_identification:_identify(src/juno_controller/juno_controller/submodules) by extension 'colcon_meta'
[4.815s] Level 1:colcon.colcon_core.package_identification:_identify(src/juno_controller/juno_controller/submodules) by extensions ['ros']
[4.815s] Level 1:colcon.colcon_core.package_identification:_identify(src/juno_controller/juno_controller/submodules) by extension 'ros'
[4.816s] Level 1:colcon.colcon_core.package_identification:_identify(src/juno_controller/juno_controller/submodules) by extensions ['cmake', 'python']
[4.816s] Level 1:colcon.colcon_core.package_identification:_identify(src/juno_controller/juno_controller/submodules) by extension 'cmake'
[4.816s] Level 1:colcon.colcon_core.package_identification:_identify(src/juno_controller/juno_controller/submodules) by extension 'python'
[4.817s] Level 1:colcon.colcon_core.package_identification:_identify(src/juno_controller/juno_controller/submodules) by extensions ['python_setup_py']
[4.817s] Level 1:colcon.colcon_core.package_identification:_identify(src/juno_controller/juno_controller/submodules) by extension 'python_setup_py'
[4.817s] Level 1:colcon.colcon_core.package_identification:_identify(src/juno_controller/juno_controller/submodules/__pycache__) by extensions ['ignore', 'ignore_ament_install']
[4.818s] Level 1:colcon.colcon_core.package_identification:_identify(src/juno_controller/juno_controller/submodules/__pycache__) by extension 'ignore'
[4.818s] Level 1:colcon.colcon_core.package_identification:_identify(src/juno_controller/juno_controller/submodules/__pycache__) by extension 'ignore_ament_install'
[4.819s] Level 1:colcon.colcon_core.package_identification:_identify(src/juno_controller/juno_controller/submodules/__pycache__) by extensions ['colcon_pkg']
[4.819s] Level 1:colcon.colcon_core.package_identification:_identify(src/juno_controller/juno_controller/submodules/__pycache__) by extension 'colcon_pkg'
[4.819s] Level 1:colcon.colcon_core.package_identification:_identify(src/juno_controller/juno_controller/submodules/__pycache__) by extensions ['colcon_meta']
[4.819s] Level 1:colcon.colcon_core.package_identification:_identify(src/juno_controller/juno_controller/submodules/__pycache__) by extension 'colcon_meta'
[4.820s] Level 1:colcon.colcon_core.package_identification:_identify(src/juno_controller/juno_controller/submodules/__pycache__) by extensions ['ros']
[4.820s] Level 1:colcon.colcon_core.package_identification:_identify(src/juno_controller/juno_controller/submodules/__pycache__) by extension 'ros'
[4.820s] Level 1:colcon.colcon_core.package_identification:_identify(src/juno_controller/juno_controller/submodules/__pycache__) by extensions ['cmake', 'python']
[4.820s] Level 1:colcon.colcon_core.package_identification:_identify(src/juno_controller/juno_controller/submodules/__pycache__) by extension 'cmake'
[4.821s] Level 1:colcon.colcon_core.package_identification:_identify(src/juno_controller/juno_controller/submodules/__pycache__) by extension 'python'
[4.821s] Level 1:colcon.colcon_core.package_identification:_identify(src/juno_controller/juno_controller/submodules/__pycache__) by extensions ['python_setup_py']
[4.821s] Level 1:colcon.colcon_core.package_identification:_identify(src/juno_controller/juno_controller/submodules/__pycache__) by extension 'python_setup_py'
[4.822s] Level 1:colcon.colcon_core.package_identification:_identify(src/juno_controller/resource) by extensions ['ignore', 'ignore_ament_install']
[4.822s] Level 1:colcon.colcon_core.package_identification:_identify(src/juno_controller/resource) by extension 'ignore'
[4.822s] Level 1:colcon.colcon_core.package_identification:_identify(src/juno_controller/resource) by extension 'ignore_ament_install'
[4.823s] Level 1:colcon.colcon_core.package_identification:_identify(src/juno_controller/resource) by extensions ['colcon_pkg']
[4.823s] Level 1:colcon.colcon_core.package_identification:_identify(src/juno_controller/resource) by extension 'colcon_pkg'
[4.823s] Level 1:colcon.colcon_core.package_identification:_identify(src/juno_controller/resource) by extensions ['colcon_meta']
[4.823s] Level 1:colcon.colcon_core.package_identification:_identify(src/juno_controller/resource) by extension 'colcon_meta'
[4.824s] Level 1:colcon.colcon_core.package_identification:_identify(src/juno_controller/resource) by extensions ['ros']
[4.824s] Level 1:colcon.colcon_core.package_identification:_identify(src/juno_controller/resource) by extension 'ros'
[4.824s] Level 1:colcon.colcon_core.package_identification:_identify(src/juno_controller/resource) by extensions ['cmake', 'python']
[4.825s] Level 1:colcon.colcon_core.package_identification:_identify(src/juno_controller/resource) by extension 'cmake'
[4.825s] Level 1:colcon.colcon_core.package_identification:_identify(src/juno_controller/resource) by extension 'python'
[4.825s] Level 1:colcon.colcon_core.package_identification:_identify(src/juno_controller/resource) by extensions ['python_setup_py']
[4.825s] Level 1:colcon.colcon_core.package_identification:_identify(src/juno_controller/resource) by extension 'python_setup_py'
[4.826s] Level 1:colcon.colcon_core.package_identification:_identify(src/juno_controller/test) by extensions ['ignore', 'ignore_ament_install']
[4.826s] Level 1:colcon.colcon_core.package_identification:_identify(src/juno_controller/test) by extension 'ignore'
[4.827s] Level 1:colcon.colcon_core.package_identification:_identify(src/juno_controller/test) by extension 'ignore_ament_install'
[4.827s] Level 1:colcon.colcon_core.package_identification:_identify(src/juno_controller/test) by extensions ['colcon_pkg']
[4.827s] Level 1:colcon.colcon_core.package_identification:_identify(src/juno_controller/test) by extension 'colcon_pkg'
[4.827s] Level 1:colcon.colcon_core.package_identification:_identify(src/juno_controller/test) by extensions ['colcon_meta']
[4.828s] Level 1:colcon.colcon_core.package_identification:_identify(src/juno_controller/test) by extension 'colcon_meta'
[4.828s] Level 1:colcon.colcon_core.package_identification:_identify(src/juno_controller/test) by extensions ['ros']
[4.828s] Level 1:colcon.colcon_core.package_identification:_identify(src/juno_controller/test) by extension 'ros'
[4.829s] Level 1:colcon.colcon_core.package_identification:_identify(src/juno_controller/test) by extensions ['cmake', 'python']
[4.829s] Level 1:colcon.colcon_core.package_identification:_identify(src/juno_controller/test) by extension 'cmake'
[4.829s] Level 1:colcon.colcon_core.package_identification:_identify(src/juno_controller/test) by extension 'python'
[4.829s] Level 1:colcon.colcon_core.package_identification:_identify(src/juno_controller/test) by extensions ['python_setup_py']
[4.829s] Level 1:colcon.colcon_core.package_identification:_identify(src/juno_controller/test) by extension 'python_setup_py'
[4.830s] Level 1:colcon.colcon_core.package_discovery:discover_packages(recursive) using defaults
[4.831s] Level 1:colcon.colcon_core.package_discovery:discover_packages(ignore) discover
[4.831s] Level 1:colcon.colcon_core.package_discovery:discover_packages(ignore) using defaults
[4.832s] Level 1:colcon.colcon_core.package_discovery:discover_packages(path) discover
[4.832s] Level 1:colcon.colcon_core.package_discovery:discover_packages(path) using defaults
[5.060s] INFO:colcon.colcon_core.executor:Executing jobs using 'parallel' executor
[5.147s] DEBUG:colcon.colcon_parallel_executor.executor.parallel:run_until_complete
[5.148s] DEBUG:colcon.colcon_parallel_executor.executor.parallel:closing loop
[5.148s] DEBUG:colcon.colcon_parallel_executor.executor.parallel:loop closed
[5.149s] DEBUG:colcon.colcon_parallel_executor.executor.parallel:run_until_complete finished with '0'
[5.149s] DEBUG:colcon.colcon_core.event_reactor:joining thread
[5.172s] INFO:colcon.colcon_core.plugin_system:Skipping extension 'colcon_notification.desktop_notification.notify_send': Could not find 'notify-send'
[5.173s] INFO:colcon.colcon_core.plugin_system:Skipping extension 'colcon_notification.desktop_notification.terminal_notifier': Not used on non-Darwin systems
[5.174s] INFO:colcon.colcon_core.plugin_system:Skipping extension 'colcon_notification.desktop_notification.win32': Not used on non-Windows systems
[5.174s] INFO:colcon.colcon_notification.desktop_notification:Sending desktop notification using 'notify2'
[5.174s] DEBUG:colcon.colcon_notification.desktop_notification.notify2:Failed to initialize notify2: org.freedesktop.DBus.Error.InvalidFileContent: D-Bus library appears to be incorrectly set up: see the manual page for dbus-uuidgen to correct this issue. (Failed to open "/var/lib/dbus/machine-id": No such file or directory; UUID file '/etc/machine-id' should contain a hex string of length 32, not length 0, with no other text)
[5.175s] DEBUG:colcon.colcon_core.event_reactor:joined thread
[5.231s] INFO:colcon.colcon_core.plugin_system:Skipping extension 'colcon_core.shell.bat': Not used on non-Windows systems
[5.233s] INFO:colcon.colcon_core.shell:Creating prefix script '/juno/ros2_ws/install/local_setup.ps1'
[5.239s] INFO:colcon.colcon_core.shell:Creating prefix util module '/juno/ros2_ws/install/_local_setup_util_ps1.py'
[5.248s] INFO:colcon.colcon_core.shell:Creating prefix chain script '/juno/ros2_ws/install/setup.ps1'
[5.269s] INFO:colcon.colcon_core.shell:Creating prefix script '/juno/ros2_ws/install/local_setup.sh'
[5.272s] INFO:colcon.colcon_core.shell:Creating prefix util module '/juno/ros2_ws/install/_local_setup_util_sh.py'
[5.275s] INFO:colcon.colcon_core.shell:Creating prefix chain script '/juno/ros2_ws/install/setup.sh'
[5.291s] INFO:colcon.colcon_core.shell:Creating prefix script '/juno/ros2_ws/install/local_setup.bash'
[5.294s] INFO:colcon.colcon_core.shell:Creating prefix chain script '/juno/ros2_ws/install/setup.bash'
[5.310s] INFO:colcon.colcon_core.shell:Creating prefix script '/juno/ros2_ws/install/local_setup.zsh'
[5.313s] INFO:colcon.colcon_core.shell:Creating prefix chain script '/juno/ros2_ws/install/setup.zsh'
