[4.055s] Invoking command in '/juno/ros2_ws/src/juno_controller': PYTHONPATH=/juno/ros2_ws/src/build/juno_controller/prefix_override:/juno/ros2_ws/src/install/juno_controller/lib/python3.6/site-packages:${PYTHONPATH} /usr/bin/python3 setup.py egg_info --egg-base ../build/juno_controller build --build-base /juno/ros2_ws/src/build/juno_controller/build install --record /juno/ros2_ws/src/build/juno_controller/install.log --single-version-externally-managed
[5.578s] running egg_info
[5.582s] writing ../build/juno_controller/juno_controller.egg-info/PKG-INFO
[5.583s] writing dependency_links to ../build/juno_controller/juno_controller.egg-info/dependency_links.txt
[5.583s] writing entry points to ../build/juno_controller/juno_controller.egg-info/entry_points.txt
[5.584s] writing requirements to ../build/juno_controller/juno_controller.egg-info/requires.txt
[5.584s] writing top-level names to ../build/juno_controller/juno_controller.egg-info/top_level.txt
[5.592s] reading manifest file '../build/juno_controller/juno_controller.egg-info/SOURCES.txt'
[5.599s] writing manifest file '../build/juno_controller/juno_controller.egg-info/SOURCES.txt'
[5.599s] running build
[5.600s] running build_py
[5.601s] running install
[5.602s] running install_lib
[5.607s] running install_data
[5.610s] running install_egg_info
[5.617s] removing '/juno/ros2_ws/src/install/juno_controller/lib/python3.6/site-packages/juno_controller-0.0.0-py3.6.egg-info' (and everything under it)
[5.618s] Copying ../build/juno_controller/juno_controller.egg-info to /juno/ros2_ws/src/install/juno_controller/lib/python3.6/site-packages/juno_controller-0.0.0-py3.6.egg-info
[5.622s] running install_scripts
[5.707s] Installing camera_node script to /juno/ros2_ws/src/install/juno_controller/lib/juno_controller
[5.707s] Installing drivetrain_node script to /juno/ros2_ws/src/install/juno_controller/lib/juno_controller
[5.709s] writing list of installed files to '/juno/ros2_ws/src/build/juno_controller/install.log'
[5.814s] Invoked command in '/juno/ros2_ws/src/juno_controller' returned '0': PYTHONPATH=/juno/ros2_ws/src/build/juno_controller/prefix_override:/juno/ros2_ws/src/install/juno_controller/lib/python3.6/site-packages:${PYTHONPATH} /usr/bin/python3 setup.py egg_info --egg-base ../build/juno_controller build --build-base /juno/ros2_ws/src/build/juno_controller/build install --record /juno/ros2_ws/src/build/juno_controller/install.log --single-version-externally-managed
