[2.814s] DEBUG:colcon:Command line arguments: ['/usr/bin/colcon', 'build']
[2.814s] DEBUG:colcon:Parsed command line arguments: Namespace(ament_cmake_args=None, base_paths=['.'], build_base='build', catkin_cmake_args=None, catkin_skip_building_tests=False, cmake_args=None, cmake_clean_cache=False, cmake_clean_first=False, cmake_force_configure=False, cmake_target=None, cmake_target_skip_unavailable=False, continue_on_error=False, event_handlers=None, executor='parallel', ignore_user_meta=False, install_base='install', log_base=None, log_level=None, main=<bound method BuildVerb.main of <colcon_core.verb.build.BuildVerb object at 0x7f8fb3dcf8>>, merge_install=False, metas=['./colcon.meta'], packages_above=None, packages_above_and_dependencies=None, packages_above_depth=None, packages_end=None, packages_ignore=None, packages_ignore_regex=None, packages_select=None, packages_select_build_failed=False, packages_select_by_dep=None, packages_select_regex=None, packages_select_test_failures=False, packages_skip=None, packages_skip_build_finished=False, packages_skip_by_dep=None, packages_skip_regex=None, packages_skip_test_passed=False, packages_skip_up_to=None, packages_start=None, packages_up_to=None, packages_up_to_regex=None, parallel_workers=4, paths=None, symlink_install=False, test_result_base=None, verb_extension=<colcon_core.verb.build.BuildVerb object at 0x7f8fb3dcf8>, verb_name='build', verb_parser=<colcon_defaults.argument_parser.defaults.DefaultArgumentsDecorator object at 0x7f8fb4a080>)
[2.991s] Level 1:colcon.colcon_core.package_discovery:discover_packages(colcon_meta) check parameters
[2.991s] Level 1:colcon.colcon_core.package_discovery:discover_packages(recursive) check parameters
[2.991s] Level 1:colcon.colcon_core.package_discovery:discover_packages(ignore) check parameters
[2.992s] Level 1:colcon.colcon_core.package_discovery:discover_packages(path) check parameters
[2.992s] Level 1:colcon.colcon_core.package_discovery:discover_packages(colcon_meta) discover
[2.993s] Level 1:colcon.colcon_core.package_discovery:discover_packages(recursive) discover
[2.993s] INFO:colcon.colcon_core.package_discovery:Crawling recursively for packages in '/juno/ros2_ws/src'
[2.994s] Level 1:colcon.colcon_core.package_identification:_identify(.) by extensions ['ignore', 'ignore_ament_install']
[2.994s] Level 1:colcon.colcon_core.package_identification:_identify(.) by extension 'ignore'
[2.995s] Level 1:colcon.colcon_core.package_identification:_identify(.) by extension 'ignore_ament_install'
[2.995s] Level 1:colcon.colcon_core.package_identification:_identify(.) by extensions ['colcon_pkg']
[2.995s] Level 1:colcon.colcon_core.package_identification:_identify(.) by extension 'colcon_pkg'
[2.995s] Level 1:colcon.colcon_core.package_identification:_identify(.) by extensions ['colcon_meta']
[2.996s] Level 1:colcon.colcon_core.package_identification:_identify(.) by extension 'colcon_meta'
[2.996s] Level 1:colcon.colcon_core.package_identification:_identify(.) by extensions ['ros']
[2.996s] Level 1:colcon.colcon_core.package_identification:_identify(.) by extension 'ros'
[3.164s] Level 1:colcon.colcon_core.package_identification:_identify(.) by extensions ['cmake', 'python']
[3.165s] Level 1:colcon.colcon_core.package_identification:_identify(.) by extension 'cmake'
[3.165s] Level 1:colcon.colcon_core.package_identification:_identify(.) by extension 'python'
[3.165s] Level 1:colcon.colcon_core.package_identification:_identify(.) by extensions ['python_setup_py']
[3.165s] Level 1:colcon.colcon_core.package_identification:_identify(.) by extension 'python_setup_py'
[3.166s] Level 1:colcon.colcon_core.package_identification:_identify(build) by extensions ['ignore', 'ignore_ament_install']
[3.166s] Level 1:colcon.colcon_core.package_identification:_identify(build) by extension 'ignore'
[3.167s] Level 1:colcon.colcon_core.package_identification:_identify(build) ignored
[3.168s] Level 1:colcon.colcon_core.package_identification:_identify(install) by extensions ['ignore', 'ignore_ament_install']
[3.169s] Level 1:colcon.colcon_core.package_identification:_identify(install) by extension 'ignore'
[3.169s] Level 1:colcon.colcon_core.package_identification:_identify(install) ignored
[3.170s] Level 1:colcon.colcon_core.package_identification:_identify(juno_controller) by extensions ['ignore', 'ignore_ament_install']
[3.170s] Level 1:colcon.colcon_core.package_identification:_identify(juno_controller) by extension 'ignore'
[3.170s] Level 1:colcon.colcon_core.package_identification:_identify(juno_controller) by extension 'ignore_ament_install'
[3.171s] Level 1:colcon.colcon_core.package_identification:_identify(juno_controller) by extensions ['colcon_pkg']
[3.171s] Level 1:colcon.colcon_core.package_identification:_identify(juno_controller) by extension 'colcon_pkg'
[3.171s] Level 1:colcon.colcon_core.package_identification:_identify(juno_controller) by extensions ['colcon_meta']
[3.171s] Level 1:colcon.colcon_core.package_identification:_identify(juno_controller) by extension 'colcon_meta'
[3.172s] Level 1:colcon.colcon_core.package_identification:_identify(juno_controller) by extensions ['ros']
[3.172s] Level 1:colcon.colcon_core.package_identification:_identify(juno_controller) by extension 'ros'
[3.177s] DEBUG:colcon.colcon_core.package_identification:Failed to parse potential ROS package manifest in'juno_controller': Error(s) in package 'juno_controller/package.xml':
The manifest contains invalid XML:
mismatched tag: line 11, column 18
[3.177s] Level 1:colcon.colcon_core.package_identification:_identify(juno_controller) by extensions ['cmake', 'python']
[3.177s] Level 1:colcon.colcon_core.package_identification:_identify(juno_controller) by extension 'cmake'
[3.177s] Level 1:colcon.colcon_core.package_identification:_identify(juno_controller) by extension 'python'
[3.178s] DEBUG:colcon.colcon_core.package_identification:Python package in 'juno_controller' passes arguments to the setup() function which requires a different identification extension than 'python'
[3.178s] Level 1:colcon.colcon_core.package_identification:_identify(juno_controller) by extensions ['python_setup_py']
[3.178s] Level 1:colcon.colcon_core.package_identification:_identify(juno_controller) by extension 'python_setup_py'
[4.791s] DEBUG:colcon.colcon_core.package_identification:Package 'juno_controller' with type 'python' and name 'juno_controller'
[4.796s] Level 1:colcon.colcon_core.package_identification:_identify(log) by extensions ['ignore', 'ignore_ament_install']
[4.797s] Level 1:colcon.colcon_core.package_identification:_identify(log) by extension 'ignore'
[4.797s] Level 1:colcon.colcon_core.package_identification:_identify(log) ignored
[4.797s] Level 1:colcon.colcon_core.package_discovery:discover_packages(recursive) using defaults
[4.799s] Level 1:colcon.colcon_core.package_discovery:discover_packages(ignore) discover
[4.799s] Level 1:colcon.colcon_core.package_discovery:discover_packages(ignore) using defaults
[4.799s] Level 1:colcon.colcon_core.package_discovery:discover_packages(path) discover
[4.799s] Level 1:colcon.colcon_core.package_discovery:discover_packages(path) using defaults
[5.021s] Level 5:colcon.colcon_core.verb:set package 'juno_controller' build argument 'cmake_args' from command line to 'None'
[5.022s] Level 5:colcon.colcon_core.verb:set package 'juno_controller' build argument 'cmake_target' from command line to 'None'
[5.022s] Level 5:colcon.colcon_core.verb:set package 'juno_controller' build argument 'cmake_target_skip_unavailable' from command line to 'False'
[5.022s] Level 5:colcon.colcon_core.verb:set package 'juno_controller' build argument 'cmake_clean_cache' from command line to 'False'
[5.022s] Level 5:colcon.colcon_core.verb:set package 'juno_controller' build argument 'cmake_clean_first' from command line to 'False'
[5.023s] Level 5:colcon.colcon_core.verb:set package 'juno_controller' build argument 'cmake_force_configure' from command line to 'False'
[5.023s] Level 5:colcon.colcon_core.verb:set package 'juno_controller' build argument 'ament_cmake_args' from command line to 'None'
[5.023s] Level 5:colcon.colcon_core.verb:set package 'juno_controller' build argument 'catkin_cmake_args' from command line to 'None'
[5.023s] Level 5:colcon.colcon_core.verb:set package 'juno_controller' build argument 'catkin_skip_building_tests' from command line to 'False'
[5.023s] DEBUG:colcon.colcon_core.verb:Building package 'juno_controller' with the following arguments: {'ament_cmake_args': None, 'build_base': '/juno/ros2_ws/src/build/juno_controller', 'catkin_cmake_args': None, 'catkin_skip_building_tests': False, 'cmake_args': None, 'cmake_clean_cache': False, 'cmake_clean_first': False, 'cmake_force_configure': False, 'cmake_target': None, 'cmake_target_skip_unavailable': False, 'install_base': '/juno/ros2_ws/src/install/juno_controller', 'merge_install': False, 'path': '/juno/ros2_ws/src/juno_controller', 'symlink_install': False, 'test_result_base': None}
[5.039s] INFO:colcon.colcon_core.executor:Executing jobs using 'parallel' executor
[5.124s] DEBUG:colcon.colcon_parallel_executor.executor.parallel:run_until_complete
[5.126s] INFO:colcon.colcon_core.task.python.build:Building Python package in '/juno/ros2_ws/src/juno_controller'
[5.179s] INFO:colcon.colcon_core.plugin_system:Skipping extension 'colcon_core.shell.bat': Not used on non-Windows systems
[5.180s] INFO:colcon.colcon_core.shell:Skip shell extension 'powershell' for command environment: Not usable outside of PowerShell
[5.180s] DEBUG:colcon.colcon_core.shell:Skip shell extension 'dsv' for command environment
[9.184s] DEBUG:colcon.colcon_core.event_handler.log_command:Invoking command in '/juno/ros2_ws/src/juno_controller': PYTHONPATH=/juno/ros2_ws/src/build/juno_controller/prefix_override:/juno/ros2_ws/src/install/juno_controller/lib/python3.6/site-packages:${PYTHONPATH} /usr/bin/python3 setup.py egg_info --egg-base ../build/juno_controller build --build-base /juno/ros2_ws/src/build/juno_controller/build install --record /juno/ros2_ws/src/build/juno_controller/install.log --single-version-externally-managed
[10.943s] DEBUG:colcon.colcon_core.event_handler.log_command:Invoked command in '/juno/ros2_ws/src/juno_controller' returned '0': PYTHONPATH=/juno/ros2_ws/src/build/juno_controller/prefix_override:/juno/ros2_ws/src/install/juno_controller/lib/python3.6/site-packages:${PYTHONPATH} /usr/bin/python3 setup.py egg_info --egg-base ../build/juno_controller build --build-base /juno/ros2_ws/src/build/juno_controller/build install --record /juno/ros2_ws/src/build/juno_controller/install.log --single-version-externally-managed
[11.010s] Level 1:colcon.colcon_core.environment:checking '/juno/ros2_ws/src/install/juno_controller' for CMake module files
[11.013s] Level 1:colcon.colcon_core.environment:checking '/juno/ros2_ws/src/install/juno_controller' for CMake config files
[11.018s] Level 1:colcon.colcon_core.environment:checking '/juno/ros2_ws/src/install/juno_controller/lib'
[11.018s] Level 1:colcon.colcon_core.environment:checking '/juno/ros2_ws/src/install/juno_controller/bin'
[11.019s] Level 1:colcon.colcon_core.environment:checking '/juno/ros2_ws/src/install/juno_controller/lib/pkgconfig/juno_controller.pc'
[11.020s] Level 1:colcon.colcon_core.environment:checking '/juno/ros2_ws/src/install/juno_controller/lib/python3.6/site-packages'
[11.020s] Level 1:colcon.colcon_core.shell:create_environment_hook('juno_controller', 'pythonpath')
[11.057s] INFO:colcon.colcon_core.shell:Creating environment hook '/juno/ros2_ws/src/install/juno_controller/share/juno_controller/hook/pythonpath.ps1'
[11.062s] INFO:colcon.colcon_core.shell:Creating environment descriptor '/juno/ros2_ws/src/install/juno_controller/share/juno_controller/hook/pythonpath.dsv'
[11.064s] INFO:colcon.colcon_core.shell:Creating environment hook '/juno/ros2_ws/src/install/juno_controller/share/juno_controller/hook/pythonpath.sh'
[11.068s] Level 1:colcon.colcon_core.environment:checking '/juno/ros2_ws/src/install/juno_controller/bin'
[11.068s] Level 1:colcon.colcon_core.environment:create_environment_scripts_only(juno_controller)
[11.107s] INFO:colcon.colcon_core.shell:Creating package script '/juno/ros2_ws/src/install/juno_controller/share/juno_controller/package.ps1'
[11.112s] INFO:colcon.colcon_core.shell:Creating package descriptor '/juno/ros2_ws/src/install/juno_controller/share/juno_controller/package.dsv'
[11.115s] INFO:colcon.colcon_core.shell:Creating package script '/juno/ros2_ws/src/install/juno_controller/share/juno_controller/package.sh'
[11.119s] INFO:colcon.colcon_core.shell:Creating package script '/juno/ros2_ws/src/install/juno_controller/share/juno_controller/package.bash'
[11.124s] INFO:colcon.colcon_core.shell:Creating package script '/juno/ros2_ws/src/install/juno_controller/share/juno_controller/package.zsh'
[11.128s] Level 1:colcon.colcon_core.environment:create_file_with_runtime_dependencies(/juno/ros2_ws/src/install/juno_controller/share/colcon-core/packages/juno_controller)
[11.130s] DEBUG:colcon.colcon_parallel_executor.executor.parallel:closing loop
[11.132s] DEBUG:colcon.colcon_parallel_executor.executor.parallel:loop closed
[11.132s] DEBUG:colcon.colcon_parallel_executor.executor.parallel:run_until_complete finished with '0'
[11.133s] DEBUG:colcon.colcon_core.event_reactor:joining thread
[11.156s] INFO:colcon.colcon_core.plugin_system:Skipping extension 'colcon_notification.desktop_notification.notify_send': Could not find 'notify-send'
[11.156s] INFO:colcon.colcon_core.plugin_system:Skipping extension 'colcon_notification.desktop_notification.terminal_notifier': Not used on non-Darwin systems
[11.157s] INFO:colcon.colcon_core.plugin_system:Skipping extension 'colcon_notification.desktop_notification.win32': Not used on non-Windows systems
[11.157s] INFO:colcon.colcon_notification.desktop_notification:Sending desktop notification using 'notify2'
[11.157s] DEBUG:colcon.colcon_notification.desktop_notification.notify2:Failed to initialize notify2: org.freedesktop.DBus.Error.NotSupported: Unable to autolaunch a dbus-daemon without a $DISPLAY for X11
[11.158s] DEBUG:colcon.colcon_core.event_reactor:joined thread
[11.196s] INFO:colcon.colcon_core.shell:Creating prefix script '/juno/ros2_ws/src/install/local_setup.ps1'
[11.201s] INFO:colcon.colcon_core.shell:Creating prefix util module '/juno/ros2_ws/src/install/_local_setup_util_ps1.py'
[11.210s] INFO:colcon.colcon_core.shell:Creating prefix chain script '/juno/ros2_ws/src/install/setup.ps1'
[11.226s] INFO:colcon.colcon_core.shell:Creating prefix script '/juno/ros2_ws/src/install/local_setup.sh'
[11.229s] INFO:colcon.colcon_core.shell:Creating prefix util module '/juno/ros2_ws/src/install/_local_setup_util_sh.py'
[11.233s] INFO:colcon.colcon_core.shell:Creating prefix chain script '/juno/ros2_ws/src/install/setup.sh'
[11.249s] INFO:colcon.colcon_core.shell:Creating prefix script '/juno/ros2_ws/src/install/local_setup.bash'
[11.251s] INFO:colcon.colcon_core.shell:Creating prefix chain script '/juno/ros2_ws/src/install/setup.bash'
[11.266s] INFO:colcon.colcon_core.shell:Creating prefix script '/juno/ros2_ws/src/install/local_setup.zsh'
[11.269s] INFO:colcon.colcon_core.shell:Creating prefix chain script '/juno/ros2_ws/src/install/setup.zsh'
