[4.425s] Invoking command in '/juno/ros2_ws/src/juno_controller': PYTHONPATH=/juno/ros2_ws/build/juno_controller/prefix_override:/juno/ros2_ws/install/juno_controller/lib/python3.6/site-packages:${PYTHONPATH} /usr/bin/python3 setup.py egg_info --egg-base ../../build/juno_controller build --build-base /juno/ros2_ws/build/juno_controller/build install --record /juno/ros2_ws/build/juno_controller/install.log --single-version-externally-managed
[6.135s] running egg_info
[6.139s] writing ../../build/juno_controller/juno_controller.egg-info/PKG-INFO
[6.141s] writing dependency_links to ../../build/juno_controller/juno_controller.egg-info/dependency_links.txt
[6.142s] writing entry points to ../../build/juno_controller/juno_controller.egg-info/entry_points.txt
[6.143s] writing requirements to ../../build/juno_controller/juno_controller.egg-info/requires.txt
[6.143s] writing top-level names to ../../build/juno_controller/juno_controller.egg-info/top_level.txt
[6.152s] reading manifest file '../../build/juno_controller/juno_controller.egg-info/SOURCES.txt'
[6.160s] writing manifest file '../../build/juno_controller/juno_controller.egg-info/SOURCES.txt'
[6.160s] running build
[6.161s] running build_py
[6.165s] copying juno_controller/drivetrain.py -> /juno/ros2_ws/build/juno_controller/build/lib/juno_controller
[6.167s] copying juno_controller/config.py -> /juno/ros2_ws/build/juno_controller/build/lib/juno_controller
[6.167s] copying juno_controller/motor.py -> /juno/ros2_ws/build/juno_controller/build/lib/juno_controller
[6.170s] copying juno_controller/settings.py -> /juno/ros2_ws/build/juno_controller/build/lib/juno_controller
[6.171s] running install
[6.172s] running install_lib
[6.172s] copying /juno/ros2_ws/build/juno_controller/build/lib/juno_controller/drivetrain.py -> /juno/ros2_ws/install/juno_controller/lib/python3.6/site-packages/juno_controller
[6.173s] copying /juno/ros2_ws/build/juno_controller/build/lib/juno_controller/config.py -> /juno/ros2_ws/install/juno_controller/lib/python3.6/site-packages/juno_controller
[6.174s] copying /juno/ros2_ws/build/juno_controller/build/lib/juno_controller/motor.py -> /juno/ros2_ws/install/juno_controller/lib/python3.6/site-packages/juno_controller
[6.174s] copying /juno/ros2_ws/build/juno_controller/build/lib/juno_controller/settings.py -> /juno/ros2_ws/install/juno_controller/lib/python3.6/site-packages/juno_controller
[6.175s] byte-compiling /juno/ros2_ws/install/juno_controller/lib/python3.6/site-packages/juno_controller/drivetrain.py to drivetrain.cpython-36.pyc
[6.179s] byte-compiling /juno/ros2_ws/install/juno_controller/lib/python3.6/site-packages/juno_controller/config.py to config.cpython-36.pyc
[6.181s] byte-compiling /juno/ros2_ws/install/juno_controller/lib/python3.6/site-packages/juno_controller/motor.py to motor.cpython-36.pyc
[6.183s] byte-compiling /juno/ros2_ws/install/juno_controller/lib/python3.6/site-packages/juno_controller/settings.py to settings.cpython-36.pyc
[6.184s] running install_data
[6.187s] copying package.xml -> /juno/ros2_ws/install/juno_controller/share/juno_controller
[6.188s] running install_egg_info
[6.197s] removing '/juno/ros2_ws/install/juno_controller/lib/python3.6/site-packages/juno_controller-0.0.0-py3.6.egg-info' (and everything under it)
[6.199s] Copying ../../build/juno_controller/juno_controller.egg-info to /juno/ros2_ws/install/juno_controller/lib/python3.6/site-packages/juno_controller-0.0.0-py3.6.egg-info
[6.203s] running install_scripts
[6.293s] writing list of installed files to '/juno/ros2_ws/build/juno_controller/install.log'
[6.402s] Invoked command in '/juno/ros2_ws/src/juno_controller' returned '0': PYTHONPATH=/juno/ros2_ws/build/juno_controller/prefix_override:/juno/ros2_ws/install/juno_controller/lib/python3.6/site-packages:${PYTHONPATH} /usr/bin/python3 setup.py egg_info --egg-base ../../build/juno_controller build --build-base /juno/ros2_ws/build/juno_controller/build install --record /juno/ros2_ws/build/juno_controller/install.log --single-version-externally-managed
