running egg_info
creating ../../build/juno_controller/juno_controller.egg-info
writing ../../build/juno_controller/juno_controller.egg-info/PKG-INFO
writing dependency_links to ../../build/juno_controller/juno_controller.egg-info/dependency_links.txt
writing entry points to ../../build/juno_controller/juno_controller.egg-info/entry_points.txt
writing requirements to ../../build/juno_controller/juno_controller.egg-info/requires.txt
writing top-level names to ../../build/juno_controller/juno_controller.egg-info/top_level.txt
writing manifest file '../../build/juno_controller/juno_controller.egg-info/SOURCES.txt'
reading manifest file '../../build/juno_controller/juno_controller.egg-info/SOURCES.txt'
writing manifest file '../../build/juno_controller/juno_controller.egg-info/SOURCES.txt'
running build
running build_py
creating /juno/ros2_ws/build/juno_controller/build
creating /juno/ros2_ws/build/juno_controller/build/lib
creating /juno/ros2_ws/build/juno_controller/build/lib/juno_controller
copying juno_controller/__init__.py -> /juno/ros2_ws/build/juno_controller/build/lib/juno_controller
running install
/usr/local/lib/python3.6/dist-packages/setuptools/command/install.py:37: SetuptoolsDeprecationWarning: setup.py install is deprecated. Use build and pip and other standards-based tools.
  setuptools.SetuptoolsDeprecationWarning,
running install_lib
creating /juno/ros2_ws/install/juno_controller/lib/python3.6/site-packages/juno_controller
copying /juno/ros2_ws/build/juno_controller/build/lib/juno_controller/__init__.py -> /juno/ros2_ws/install/juno_controller/lib/python3.6/site-packages/juno_controller
byte-compiling /juno/ros2_ws/install/juno_controller/lib/python3.6/site-packages/juno_controller/__init__.py to __init__.cpython-36.pyc
running install_data
creating /juno/ros2_ws/install/juno_controller/share/ament_index
creating /juno/ros2_ws/install/juno_controller/share/ament_index/resource_index
creating /juno/ros2_ws/install/juno_controller/share/ament_index/resource_index/packages
copying resource/juno_controller -> /juno/ros2_ws/install/juno_controller/share/ament_index/resource_index/packages
copying package.xml -> /juno/ros2_ws/install/juno_controller/share/juno_controller
running install_egg_info
Copying ../../build/juno_controller/juno_controller.egg-info to /juno/ros2_ws/install/juno_controller/lib/python3.6/site-packages/juno_controller-0.0.0-py3.6.egg-info
running install_scripts
writing list of installed files to '/juno/ros2_ws/build/juno_controller/install.log'
