[2.838s] DEBUG:colcon:Command line arguments: ['/usr/bin/colcon', 'build']
[2.838s] DEBUG:colcon:Parsed command line arguments: Namespace(ament_cmake_args=None, base_paths=['.'], build_base='build', catkin_cmake_args=None, catkin_skip_building_tests=False, cmake_args=None, cmake_clean_cache=False, cmake_clean_first=False, cmake_force_configure=False, cmake_target=None, cmake_target_skip_unavailable=False, continue_on_error=False, event_handlers=None, executor='parallel', ignore_user_meta=False, install_base='install', log_base=None, log_level=None, main=<bound method BuildVerb.main of <colcon_core.verb.build.BuildVerb object at 0x7fb4715748>>, merge_install=False, metas=['./colcon.meta'], packages_above=None, packages_above_and_dependencies=None, packages_above_depth=None, packages_end=None, packages_ignore=None, packages_ignore_regex=None, packages_select=None, packages_select_build_failed=False, packages_select_by_dep=None, packages_select_regex=None, packages_select_test_failures=False, packages_skip=None, packages_skip_build_finished=False, packages_skip_by_dep=None, packages_skip_regex=None, packages_skip_test_passed=False, packages_skip_up_to=None, packages_start=None, packages_up_to=None, packages_up_to_regex=None, parallel_workers=4, paths=None, symlink_install=False, test_result_base=None, verb_extension=<colcon_core.verb.build.BuildVerb object at 0x7fb4715748>, verb_name='build', verb_parser=<colcon_defaults.argument_parser.defaults.DefaultArgumentsDecorator object at 0x7fb4715a90>)
[3.019s] Level 1:colcon.colcon_core.package_discovery:discover_packages(colcon_meta) check parameters
[3.020s] Level 1:colcon.colcon_core.package_discovery:discover_packages(recursive) check parameters
[3.020s] Level 1:colcon.colcon_core.package_discovery:discover_packages(ignore) check parameters
[3.020s] Level 1:colcon.colcon_core.package_discovery:discover_packages(path) check parameters
[3.021s] Level 1:colcon.colcon_core.package_discovery:discover_packages(colcon_meta) discover
[3.022s] Level 1:colcon.colcon_core.package_discovery:discover_packages(recursive) discover
[3.022s] INFO:colcon.colcon_core.package_discovery:Crawling recursively for packages in '/juno/ros2_ws'
[3.023s] Level 1:colcon.colcon_core.package_identification:_identify(.) by extensions ['ignore', 'ignore_ament_install']
[3.023s] Level 1:colcon.colcon_core.package_identification:_identify(.) by extension 'ignore'
[3.024s] Level 1:colcon.colcon_core.package_identification:_identify(.) by extension 'ignore_ament_install'
[3.024s] Level 1:colcon.colcon_core.package_identification:_identify(.) by extensions ['colcon_pkg']
[3.024s] Level 1:colcon.colcon_core.package_identification:_identify(.) by extension 'colcon_pkg'
[3.025s] Level 1:colcon.colcon_core.package_identification:_identify(.) by extensions ['colcon_meta']
[3.025s] Level 1:colcon.colcon_core.package_identification:_identify(.) by extension 'colcon_meta'
[3.025s] Level 1:colcon.colcon_core.package_identification:_identify(.) by extensions ['ros']
[3.025s] Level 1:colcon.colcon_core.package_identification:_identify(.) by extension 'ros'
[3.196s] Level 1:colcon.colcon_core.package_identification:_identify(.) by extensions ['cmake', 'python']
[3.197s] Level 1:colcon.colcon_core.package_identification:_identify(.) by extension 'cmake'
[3.197s] Level 1:colcon.colcon_core.package_identification:_identify(.) by extension 'python'
[3.197s] Level 1:colcon.colcon_core.package_identification:_identify(.) by extensions ['python_setup_py']
[3.197s] Level 1:colcon.colcon_core.package_identification:_identify(.) by extension 'python_setup_py'
[3.198s] Level 1:colcon.colcon_core.package_identification:_identify(build) by extensions ['ignore', 'ignore_ament_install']
[3.199s] Level 1:colcon.colcon_core.package_identification:_identify(build) by extension 'ignore'
[3.199s] Level 1:colcon.colcon_core.package_identification:_identify(build) ignored
[3.201s] Level 1:colcon.colcon_core.package_identification:_identify(install) by extensions ['ignore', 'ignore_ament_install']
[3.201s] Level 1:colcon.colcon_core.package_identification:_identify(install) by extension 'ignore'
[3.202s] Level 1:colcon.colcon_core.package_identification:_identify(install) ignored
[3.202s] Level 1:colcon.colcon_core.package_identification:_identify(log) by extensions ['ignore', 'ignore_ament_install']
[3.203s] Level 1:colcon.colcon_core.package_identification:_identify(log) by extension 'ignore'
[3.203s] Level 1:colcon.colcon_core.package_identification:_identify(log) ignored
[3.204s] Level 1:colcon.colcon_core.package_identification:_identify(src) by extensions ['ignore', 'ignore_ament_install']
[3.204s] Level 1:colcon.colcon_core.package_identification:_identify(src) by extension 'ignore'
[3.205s] Level 1:colcon.colcon_core.package_identification:_identify(src) by extension 'ignore_ament_install'
[3.205s] Level 1:colcon.colcon_core.package_identification:_identify(src) by extensions ['colcon_pkg']
[3.206s] Level 1:colcon.colcon_core.package_identification:_identify(src) by extension 'colcon_pkg'
[3.206s] Level 1:colcon.colcon_core.package_identification:_identify(src) by extensions ['colcon_meta']
[3.206s] Level 1:colcon.colcon_core.package_identification:_identify(src) by extension 'colcon_meta'
[3.206s] Level 1:colcon.colcon_core.package_identification:_identify(src) by extensions ['ros']
[3.207s] Level 1:colcon.colcon_core.package_identification:_identify(src) by extension 'ros'
[3.207s] Level 1:colcon.colcon_core.package_identification:_identify(src) by extensions ['cmake', 'python']
[3.207s] Level 1:colcon.colcon_core.package_identification:_identify(src) by extension 'cmake'
[3.208s] Level 1:colcon.colcon_core.package_identification:_identify(src) by extension 'python'
[3.208s] Level 1:colcon.colcon_core.package_identification:_identify(src) by extensions ['python_setup_py']
[3.208s] Level 1:colcon.colcon_core.package_identification:_identify(src) by extension 'python_setup_py'
[3.209s] Level 1:colcon.colcon_core.package_identification:_identify(src/build) by extensions ['ignore', 'ignore_ament_install']
[3.209s] Level 1:colcon.colcon_core.package_identification:_identify(src/build) by extension 'ignore'
[3.209s] Level 1:colcon.colcon_core.package_identification:_identify(src/build) ignored
[3.210s] Level 1:colcon.colcon_core.package_identification:_identify(src/install) by extensions ['ignore', 'ignore_ament_install']
[3.210s] Level 1:colcon.colcon_core.package_identification:_identify(src/install) by extension 'ignore'
[3.211s] Level 1:colcon.colcon_core.package_identification:_identify(src/install) ignored
[3.211s] Level 1:colcon.colcon_core.package_identification:_identify(src/juno_controller) by extensions ['ignore', 'ignore_ament_install']
[3.211s] Level 1:colcon.colcon_core.package_identification:_identify(src/juno_controller) by extension 'ignore'
[3.212s] Level 1:colcon.colcon_core.package_identification:_identify(src/juno_controller) by extension 'ignore_ament_install'
[3.212s] Level 1:colcon.colcon_core.package_identification:_identify(src/juno_controller) by extensions ['colcon_pkg']
[3.212s] Level 1:colcon.colcon_core.package_identification:_identify(src/juno_controller) by extension 'colcon_pkg'
[3.213s] Level 1:colcon.colcon_core.package_identification:_identify(src/juno_controller) by extensions ['colcon_meta']
[3.213s] Level 1:colcon.colcon_core.package_identification:_identify(src/juno_controller) by extension 'colcon_meta'
[3.213s] Level 1:colcon.colcon_core.package_identification:_identify(src/juno_controller) by extensions ['ros']
[3.213s] Level 1:colcon.colcon_core.package_identification:_identify(src/juno_controller) by extension 'ros'
[3.226s] DEBUG:colcon.colcon_core.package_identification:Package 'src/juno_controller' with type 'ros.ament_python' and name 'juno_controller'
[3.227s] Level 1:colcon.colcon_core.package_identification:_identify(src/log) by extensions ['ignore', 'ignore_ament_install']
[3.227s] Level 1:colcon.colcon_core.package_identification:_identify(src/log) by extension 'ignore'
[3.227s] Level 1:colcon.colcon_core.package_identification:_identify(src/log) ignored
[3.228s] Level 1:colcon.colcon_core.package_identification:_identify(src/test_controller) by extensions ['ignore', 'ignore_ament_install']
[3.228s] Level 1:colcon.colcon_core.package_identification:_identify(src/test_controller) by extension 'ignore'
[3.229s] Level 1:colcon.colcon_core.package_identification:_identify(src/test_controller) by extension 'ignore_ament_install'
[3.229s] Level 1:colcon.colcon_core.package_identification:_identify(src/test_controller) by extensions ['colcon_pkg']
[3.229s] Level 1:colcon.colcon_core.package_identification:_identify(src/test_controller) by extension 'colcon_pkg'
[3.230s] Level 1:colcon.colcon_core.package_identification:_identify(src/test_controller) by extensions ['colcon_meta']
[3.230s] Level 1:colcon.colcon_core.package_identification:_identify(src/test_controller) by extension 'colcon_meta'
[3.230s] Level 1:colcon.colcon_core.package_identification:_identify(src/test_controller) by extensions ['ros']
[3.230s] Level 1:colcon.colcon_core.package_identification:_identify(src/test_controller) by extension 'ros'
[3.235s] DEBUG:colcon.colcon_core.package_identification:Package 'src/test_controller' with type 'ros.ament_python' and name 'test_controller'
[3.235s] Level 1:colcon.colcon_core.package_discovery:discover_packages(recursive) using defaults
[3.236s] Level 1:colcon.colcon_core.package_discovery:discover_packages(ignore) discover
[3.237s] Level 1:colcon.colcon_core.package_discovery:discover_packages(ignore) using defaults
[3.237s] Level 1:colcon.colcon_core.package_discovery:discover_packages(path) discover
[3.237s] Level 1:colcon.colcon_core.package_discovery:discover_packages(path) using defaults
[3.461s] Level 5:colcon.colcon_core.verb:set package 'juno_controller' build argument 'cmake_args' from command line to 'None'
[3.462s] Level 5:colcon.colcon_core.verb:set package 'juno_controller' build argument 'cmake_target' from command line to 'None'
[3.462s] Level 5:colcon.colcon_core.verb:set package 'juno_controller' build argument 'cmake_target_skip_unavailable' from command line to 'False'
[3.462s] Level 5:colcon.colcon_core.verb:set package 'juno_controller' build argument 'cmake_clean_cache' from command line to 'False'
[3.462s] Level 5:colcon.colcon_core.verb:set package 'juno_controller' build argument 'cmake_clean_first' from command line to 'False'
[3.462s] Level 5:colcon.colcon_core.verb:set package 'juno_controller' build argument 'cmake_force_configure' from command line to 'False'
[3.463s] Level 5:colcon.colcon_core.verb:set package 'juno_controller' build argument 'ament_cmake_args' from command line to 'None'
[3.463s] Level 5:colcon.colcon_core.verb:set package 'juno_controller' build argument 'catkin_cmake_args' from command line to 'None'
[3.463s] Level 5:colcon.colcon_core.verb:set package 'juno_controller' build argument 'catkin_skip_building_tests' from command line to 'False'
[3.463s] DEBUG:colcon.colcon_core.verb:Building package 'juno_controller' with the following arguments: {'ament_cmake_args': None, 'build_base': '/juno/ros2_ws/build/juno_controller', 'catkin_cmake_args': None, 'catkin_skip_building_tests': False, 'cmake_args': None, 'cmake_clean_cache': False, 'cmake_clean_first': False, 'cmake_force_configure': False, 'cmake_target': None, 'cmake_target_skip_unavailable': False, 'install_base': '/juno/ros2_ws/install/juno_controller', 'merge_install': False, 'path': '/juno/ros2_ws/src/juno_controller', 'symlink_install': False, 'test_result_base': None}
[3.482s] Level 5:colcon.colcon_core.verb:set package 'test_controller' build argument 'cmake_args' from command line to 'None'
[3.483s] Level 5:colcon.colcon_core.verb:set package 'test_controller' build argument 'cmake_target' from command line to 'None'
[3.483s] Level 5:colcon.colcon_core.verb:set package 'test_controller' build argument 'cmake_target_skip_unavailable' from command line to 'False'
[3.483s] Level 5:colcon.colcon_core.verb:set package 'test_controller' build argument 'cmake_clean_cache' from command line to 'False'
[3.483s] Level 5:colcon.colcon_core.verb:set package 'test_controller' build argument 'cmake_clean_first' from command line to 'False'
[3.483s] Level 5:colcon.colcon_core.verb:set package 'test_controller' build argument 'cmake_force_configure' from command line to 'False'
[3.483s] Level 5:colcon.colcon_core.verb:set package 'test_controller' build argument 'ament_cmake_args' from command line to 'None'
[3.484s] Level 5:colcon.colcon_core.verb:set package 'test_controller' build argument 'catkin_cmake_args' from command line to 'None'
[3.484s] Level 5:colcon.colcon_core.verb:set package 'test_controller' build argument 'catkin_skip_building_tests' from command line to 'False'
[3.484s] DEBUG:colcon.colcon_core.verb:Building package 'test_controller' with the following arguments: {'ament_cmake_args': None, 'build_base': '/juno/ros2_ws/build/test_controller', 'catkin_cmake_args': None, 'catkin_skip_building_tests': False, 'cmake_args': None, 'cmake_clean_cache': False, 'cmake_clean_first': False, 'cmake_force_configure': False, 'cmake_target': None, 'cmake_target_skip_unavailable': False, 'install_base': '/juno/ros2_ws/install/test_controller', 'merge_install': False, 'path': '/juno/ros2_ws/src/test_controller', 'symlink_install': False, 'test_result_base': None}
[3.501s] INFO:colcon.colcon_core.executor:Executing jobs using 'parallel' executor
[3.590s] DEBUG:colcon.colcon_parallel_executor.executor.parallel:run_until_complete
[3.591s] INFO:colcon.colcon_ros.task.ament_python.build:Building ROS package in '/juno/ros2_ws/src/juno_controller' with build type 'ament_python'
[3.592s] Level 1:colcon.colcon_core.shell:create_environment_hook('juno_controller', 'ament_prefix_path')
[3.646s] INFO:colcon.colcon_core.plugin_system:Skipping extension 'colcon_core.shell.bat': Not used on non-Windows systems
[3.648s] INFO:colcon.colcon_core.shell:Creating environment hook '/juno/ros2_ws/install/juno_controller/share/juno_controller/hook/ament_prefix_path.ps1'
[3.651s] INFO:colcon.colcon_core.shell:Creating environment descriptor '/juno/ros2_ws/install/juno_controller/share/juno_controller/hook/ament_prefix_path.dsv'
[3.653s] INFO:colcon.colcon_core.shell:Creating environment hook '/juno/ros2_ws/install/juno_controller/share/juno_controller/hook/ament_prefix_path.sh'
[3.693s] INFO:colcon.colcon_core.shell:Skip shell extension 'powershell' for command environment: Not usable outside of PowerShell
[3.694s] DEBUG:colcon.colcon_core.shell:Skip shell extension 'dsv' for command environment
[3.787s] INFO:colcon.colcon_ros.task.ament_python.build:Building ROS package in '/juno/ros2_ws/src/test_controller' with build type 'ament_python'
[3.789s] Level 1:colcon.colcon_core.shell:create_environment_hook('test_controller', 'ament_prefix_path')
[3.830s] INFO:colcon.colcon_core.shell:Creating environment hook '/juno/ros2_ws/install/test_controller/share/test_controller/hook/ament_prefix_path.ps1'
[3.833s] INFO:colcon.colcon_core.shell:Creating environment descriptor '/juno/ros2_ws/install/test_controller/share/test_controller/hook/ament_prefix_path.dsv'
[3.834s] INFO:colcon.colcon_core.shell:Creating environment hook '/juno/ros2_ws/install/test_controller/share/test_controller/hook/ament_prefix_path.sh'
[3.874s] INFO:colcon.colcon_core.shell:Skip shell extension 'powershell' for command environment: Not usable outside of PowerShell
[3.875s] DEBUG:colcon.colcon_core.shell:Skip shell extension 'dsv' for command environment
[5.597s] INFO:colcon.colcon_core.task.python.build:Building Python package in '/juno/ros2_ws/src/juno_controller'
[5.636s] INFO:colcon.colcon_core.shell:Skip shell extension 'powershell' for command environment: Not usable outside of PowerShell
[5.637s] DEBUG:colcon.colcon_core.shell:Skip shell extension 'dsv' for command environment
[7.356s] INFO:colcon.colcon_core.task.python.build:Building Python package in '/juno/ros2_ws/src/test_controller'
[7.396s] INFO:colcon.colcon_core.shell:Skip shell extension 'powershell' for command environment: Not usable outside of PowerShell
[7.397s] DEBUG:colcon.colcon_core.shell:Skip shell extension 'dsv' for command environment
[9.860s] DEBUG:colcon.colcon_core.event_handler.log_command:Invoking command in '/juno/ros2_ws/build/juno_controller': PYTHONPATH=/juno/ros2_ws/build/juno_controller/prefix_override:/juno/ros2_ws/install/juno_controller/lib/python3.6/site-packages:${PYTHONPATH} /usr/bin/python3 setup.py develop --uninstall --editable --build-directory /juno/ros2_ws/build/juno_controller/build
[9.914s] DEBUG:colcon.colcon_core.event_handler.log_command:Invoking command in '/juno/ros2_ws/src/test_controller': PYTHONPATH=/juno/ros2_ws/build/test_controller/prefix_override:/juno/ros2_ws/install/test_controller/lib/python3.6/site-packages:${PYTHONPATH} /usr/bin/python3 setup.py egg_info --egg-base ../../build/test_controller build --build-base /juno/ros2_ws/build/test_controller/build install --record /juno/ros2_ws/build/test_controller/install.log --single-version-externally-managed
[11.774s] DEBUG:colcon.colcon_core.event_handler.log_command:Invoked command in '/juno/ros2_ws/src/test_controller' returned '0': PYTHONPATH=/juno/ros2_ws/build/test_controller/prefix_override:/juno/ros2_ws/install/test_controller/lib/python3.6/site-packages:${PYTHONPATH} /usr/bin/python3 setup.py egg_info --egg-base ../../build/test_controller build --build-base /juno/ros2_ws/build/test_controller/build install --record /juno/ros2_ws/build/test_controller/install.log --single-version-externally-managed
[11.840s] Level 1:colcon.colcon_core.environment:checking '/juno/ros2_ws/install/test_controller' for CMake module files
[11.843s] Level 1:colcon.colcon_core.environment:checking '/juno/ros2_ws/install/test_controller' for CMake config files
[11.847s] Level 1:colcon.colcon_core.environment:checking '/juno/ros2_ws/install/test_controller/lib'
[11.848s] Level 1:colcon.colcon_core.environment:checking '/juno/ros2_ws/install/test_controller/bin'
[11.848s] Level 1:colcon.colcon_core.environment:checking '/juno/ros2_ws/install/test_controller/lib/pkgconfig/test_controller.pc'
[11.849s] Level 1:colcon.colcon_core.environment:checking '/juno/ros2_ws/install/test_controller/lib/python3.6/site-packages'
[11.850s] Level 1:colcon.colcon_core.shell:create_environment_hook('test_controller', 'pythonpath')
[11.888s] INFO:colcon.colcon_core.shell:Creating environment hook '/juno/ros2_ws/install/test_controller/share/test_controller/hook/pythonpath.ps1'
[11.890s] INFO:colcon.colcon_core.shell:Creating environment descriptor '/juno/ros2_ws/install/test_controller/share/test_controller/hook/pythonpath.dsv'
[11.891s] INFO:colcon.colcon_core.shell:Creating environment hook '/juno/ros2_ws/install/test_controller/share/test_controller/hook/pythonpath.sh'
[11.893s] Level 1:colcon.colcon_core.environment:checking '/juno/ros2_ws/install/test_controller/bin'
[11.894s] Level 1:colcon.colcon_core.environment:create_environment_scripts_only(test_controller)
[11.934s] INFO:colcon.colcon_core.shell:Creating package script '/juno/ros2_ws/install/test_controller/share/test_controller/package.ps1'
[11.939s] INFO:colcon.colcon_core.shell:Creating package descriptor '/juno/ros2_ws/install/test_controller/share/test_controller/package.dsv'
[11.942s] INFO:colcon.colcon_core.shell:Creating package script '/juno/ros2_ws/install/test_controller/share/test_controller/package.sh'
[11.946s] INFO:colcon.colcon_core.shell:Creating package script '/juno/ros2_ws/install/test_controller/share/test_controller/package.bash'
[11.951s] INFO:colcon.colcon_core.shell:Creating package script '/juno/ros2_ws/install/test_controller/share/test_controller/package.zsh'
[11.955s] Level 1:colcon.colcon_core.environment:create_file_with_runtime_dependencies(/juno/ros2_ws/install/test_controller/share/colcon-core/packages/test_controller)
[12.606s] DEBUG:colcon.colcon_core.event_handler.log_command:Invoked command in '/juno/ros2_ws/build/juno_controller' returned '0': PYTHONPATH=/juno/ros2_ws/build/juno_controller/prefix_override:/juno/ros2_ws/install/juno_controller/lib/python3.6/site-packages:${PYTHONPATH} /usr/bin/python3 setup.py develop --uninstall --editable --build-directory /juno/ros2_ws/build/juno_controller/build
[12.614s] DEBUG:colcon.colcon_core.event_handler.log_command:Invoking command in '/juno/ros2_ws/src/juno_controller': PYTHONPATH=/juno/ros2_ws/build/juno_controller/prefix_override:/juno/ros2_ws/install/juno_controller/lib/python3.6/site-packages:${PYTHONPATH} /usr/bin/python3 setup.py egg_info --egg-base ../../build/juno_controller build --build-base /juno/ros2_ws/build/juno_controller/build install --record /juno/ros2_ws/build/juno_controller/install.log --single-version-externally-managed
[14.427s] DEBUG:colcon.colcon_core.event_handler.log_command:Invoked command in '/juno/ros2_ws/src/juno_controller' returned '0': PYTHONPATH=/juno/ros2_ws/build/juno_controller/prefix_override:/juno/ros2_ws/install/juno_controller/lib/python3.6/site-packages:${PYTHONPATH} /usr/bin/python3 setup.py egg_info --egg-base ../../build/juno_controller build --build-base /juno/ros2_ws/build/juno_controller/build install --record /juno/ros2_ws/build/juno_controller/install.log --single-version-externally-managed
[14.464s] Level 1:colcon.colcon_core.environment:checking '/juno/ros2_ws/install/juno_controller' for CMake module files
[14.467s] Level 1:colcon.colcon_core.environment:checking '/juno/ros2_ws/install/juno_controller' for CMake config files
[14.471s] Level 1:colcon.colcon_core.environment:checking '/juno/ros2_ws/install/juno_controller/lib'
[14.471s] Level 1:colcon.colcon_core.environment:checking '/juno/ros2_ws/install/juno_controller/bin'
[14.472s] Level 1:colcon.colcon_core.environment:checking '/juno/ros2_ws/install/juno_controller/lib/pkgconfig/juno_controller.pc'
[14.473s] Level 1:colcon.colcon_core.environment:checking '/juno/ros2_ws/install/juno_controller/lib/python3.6/site-packages'
[14.473s] Level 1:colcon.colcon_core.shell:create_environment_hook('juno_controller', 'pythonpath')
[14.512s] INFO:colcon.colcon_core.shell:Creating environment hook '/juno/ros2_ws/install/juno_controller/share/juno_controller/hook/pythonpath.ps1'
[14.514s] INFO:colcon.colcon_core.shell:Creating environment descriptor '/juno/ros2_ws/install/juno_controller/share/juno_controller/hook/pythonpath.dsv'
[14.515s] INFO:colcon.colcon_core.shell:Creating environment hook '/juno/ros2_ws/install/juno_controller/share/juno_controller/hook/pythonpath.sh'
[14.518s] Level 1:colcon.colcon_core.environment:checking '/juno/ros2_ws/install/juno_controller/bin'
[14.518s] Level 1:colcon.colcon_core.environment:create_environment_scripts_only(juno_controller)
[14.558s] INFO:colcon.colcon_core.shell:Creating package script '/juno/ros2_ws/install/juno_controller/share/juno_controller/package.ps1'
[14.561s] INFO:colcon.colcon_core.shell:Creating package descriptor '/juno/ros2_ws/install/juno_controller/share/juno_controller/package.dsv'
[14.563s] INFO:colcon.colcon_core.shell:Creating package script '/juno/ros2_ws/install/juno_controller/share/juno_controller/package.sh'
[14.565s] INFO:colcon.colcon_core.shell:Creating package script '/juno/ros2_ws/install/juno_controller/share/juno_controller/package.bash'
[14.567s] INFO:colcon.colcon_core.shell:Creating package script '/juno/ros2_ws/install/juno_controller/share/juno_controller/package.zsh'
[14.569s] Level 1:colcon.colcon_core.environment:create_file_with_runtime_dependencies(/juno/ros2_ws/install/juno_controller/share/colcon-core/packages/juno_controller)
[14.570s] DEBUG:colcon.colcon_parallel_executor.executor.parallel:closing loop
[14.572s] DEBUG:colcon.colcon_parallel_executor.executor.parallel:loop closed
[14.573s] DEBUG:colcon.colcon_parallel_executor.executor.parallel:run_until_complete finished with '0'
[14.573s] DEBUG:colcon.colcon_core.event_reactor:joining thread
[14.602s] INFO:colcon.colcon_core.plugin_system:Skipping extension 'colcon_notification.desktop_notification.notify_send': Could not find 'notify-send'
[14.603s] INFO:colcon.colcon_core.plugin_system:Skipping extension 'colcon_notification.desktop_notification.terminal_notifier': Not used on non-Darwin systems
[14.603s] INFO:colcon.colcon_core.plugin_system:Skipping extension 'colcon_notification.desktop_notification.win32': Not used on non-Windows systems
[14.603s] INFO:colcon.colcon_notification.desktop_notification:Sending desktop notification using 'notify2'
[14.604s] DEBUG:colcon.colcon_notification.desktop_notification.notify2:Failed to initialize notify2: org.freedesktop.DBus.Error.NotSupported: Unable to autolaunch a dbus-daemon without a $DISPLAY for X11
[14.604s] DEBUG:colcon.colcon_core.event_reactor:joined thread
[14.643s] INFO:colcon.colcon_core.shell:Creating prefix script '/juno/ros2_ws/install/local_setup.ps1'
[14.649s] INFO:colcon.colcon_core.shell:Creating prefix util module '/juno/ros2_ws/install/_local_setup_util_ps1.py'
[14.659s] INFO:colcon.colcon_core.shell:Creating prefix chain script '/juno/ros2_ws/install/setup.ps1'
[14.673s] INFO:colcon.colcon_core.shell:Creating prefix script '/juno/ros2_ws/install/local_setup.sh'
[14.676s] INFO:colcon.colcon_core.shell:Creating prefix util module '/juno/ros2_ws/install/_local_setup_util_sh.py'
[14.678s] INFO:colcon.colcon_core.shell:Creating prefix chain script '/juno/ros2_ws/install/setup.sh'
[14.692s] INFO:colcon.colcon_core.shell:Creating prefix script '/juno/ros2_ws/install/local_setup.bash'
[14.695s] INFO:colcon.colcon_core.shell:Creating prefix chain script '/juno/ros2_ws/install/setup.bash'
[14.709s] INFO:colcon.colcon_core.shell:Creating prefix script '/juno/ros2_ws/install/local_setup.zsh'
[14.712s] INFO:colcon.colcon_core.shell:Creating prefix chain script '/juno/ros2_ws/install/setup.zsh'
