[4.049s] Invoking command in '/juno/ros2_ws/src/juno_controller': PYTHONPATH=/juno/ros2_ws/src/build/juno_controller/prefix_override:/juno/ros2_ws/src/install/juno_controller/lib/python3.6/site-packages:${PYTHONPATH} /usr/bin/python3 setup.py egg_info --egg-base ../build/juno_controller build --build-base /juno/ros2_ws/src/build/juno_controller/build install --record /juno/ros2_ws/src/build/juno_controller/install.log --single-version-externally-managed
[5.570s] running egg_info
[5.574s] writing ../build/juno_controller/juno_controller.egg-info/PKG-INFO
[5.575s] writing dependency_links to ../build/juno_controller/juno_controller.egg-info/dependency_links.txt
[5.576s] writing entry points to ../build/juno_controller/juno_controller.egg-info/entry_points.txt
[5.576s] writing requirements to ../build/juno_controller/juno_controller.egg-info/requires.txt
[5.577s] writing top-level names to ../build/juno_controller/juno_controller.egg-info/top_level.txt
[5.584s] reading manifest file '../build/juno_controller/juno_controller.egg-info/SOURCES.txt'
[5.590s] writing manifest file '../build/juno_controller/juno_controller.egg-info/SOURCES.txt'
[5.591s] running build
[5.591s] running build_py
[5.592s] running install
[5.594s] running install_lib
[5.599s] running install_data
[5.601s] running install_egg_info
[5.608s] removing '/juno/ros2_ws/src/install/juno_controller/lib/python3.6/site-packages/juno_controller-0.0.0-py3.6.egg-info' (and everything under it)
[5.610s] Copying ../build/juno_controller/juno_controller.egg-info to /juno/ros2_ws/src/install/juno_controller/lib/python3.6/site-packages/juno_controller-0.0.0-py3.6.egg-info
[5.614s] running install_scripts
[5.700s] Installing camera_node script to /juno/ros2_ws/src/install/juno_controller/lib/juno_controller
[5.701s] Installing drivetrain_node script to /juno/ros2_ws/src/install/juno_controller/lib/juno_controller
[5.701s] writing list of installed files to '/juno/ros2_ws/src/build/juno_controller/install.log'
[5.806s] Invoked command in '/juno/ros2_ws/src/juno_controller' returned '0': PYTHONPATH=/juno/ros2_ws/src/build/juno_controller/prefix_override:/juno/ros2_ws/src/install/juno_controller/lib/python3.6/site-packages:${PYTHONPATH} /usr/bin/python3 setup.py egg_info --egg-base ../build/juno_controller build --build-base /juno/ros2_ws/src/build/juno_controller/build install --record /juno/ros2_ws/src/build/juno_controller/install.log --single-version-externally-managed
