[2.908s] DEBUG:colcon:Command line arguments: ['/usr/bin/colcon', 'build', '--symlink-install']
[2.908s] DEBUG:colcon:Parsed command line arguments: Namespace(ament_cmake_args=None, base_paths=['.'], build_base='build', catkin_cmake_args=None, catkin_skip_building_tests=False, cmake_args=None, cmake_clean_cache=False, cmake_clean_first=False, cmake_force_configure=False, cmake_target=None, cmake_target_skip_unavailable=False, continue_on_error=False, event_handlers=None, executor='parallel', ignore_user_meta=False, install_base='install', log_base=None, log_level=None, main=<bound method BuildVerb.main of <colcon_core.verb.build.BuildVerb object at 0x7f88fd9dd8>>, merge_install=False, metas=['./colcon.meta'], packages_above=None, packages_above_and_dependencies=None, packages_above_depth=None, packages_end=None, packages_ignore=None, packages_ignore_regex=None, packages_select=None, packages_select_build_failed=False, packages_select_by_dep=None, packages_select_regex=None, packages_select_test_failures=False, packages_skip=None, packages_skip_build_finished=False, packages_skip_by_dep=None, packages_skip_regex=None, packages_skip_test_passed=False, packages_skip_up_to=None, packages_start=None, packages_up_to=None, packages_up_to_regex=None, parallel_workers=4, paths=None, symlink_install=True, test_result_base=None, verb_extension=<colcon_core.verb.build.BuildVerb object at 0x7f88fd9dd8>, verb_name='build', verb_parser=<colcon_defaults.argument_parser.defaults.DefaultArgumentsDecorator object at 0x7f88fe5160>)
[3.097s] Level 1:colcon.colcon_core.package_discovery:discover_packages(colcon_meta) check parameters
[3.098s] Level 1:colcon.colcon_core.package_discovery:discover_packages(recursive) check parameters
[3.098s] Level 1:colcon.colcon_core.package_discovery:discover_packages(ignore) check parameters
[3.098s] Level 1:colcon.colcon_core.package_discovery:discover_packages(path) check parameters
[3.099s] Level 1:colcon.colcon_core.package_discovery:discover_packages(colcon_meta) discover
[3.100s] Level 1:colcon.colcon_core.package_discovery:discover_packages(recursive) discover
[3.100s] INFO:colcon.colcon_core.package_discovery:Crawling recursively for packages in '/juno/ros2_ws'
[3.101s] Level 1:colcon.colcon_core.package_identification:_identify(.) by extensions ['ignore', 'ignore_ament_install']
[3.101s] Level 1:colcon.colcon_core.package_identification:_identify(.) by extension 'ignore'
[3.102s] Level 1:colcon.colcon_core.package_identification:_identify(.) by extension 'ignore_ament_install'
[3.102s] Level 1:colcon.colcon_core.package_identification:_identify(.) by extensions ['colcon_pkg']
[3.102s] Level 1:colcon.colcon_core.package_identification:_identify(.) by extension 'colcon_pkg'
[3.102s] Level 1:colcon.colcon_core.package_identification:_identify(.) by extensions ['colcon_meta']
[3.103s] Level 1:colcon.colcon_core.package_identification:_identify(.) by extension 'colcon_meta'
[3.103s] Level 1:colcon.colcon_core.package_identification:_identify(.) by extensions ['ros']
[3.103s] Level 1:colcon.colcon_core.package_identification:_identify(.) by extension 'ros'
[3.277s] Level 1:colcon.colcon_core.package_identification:_identify(.) by extensions ['cmake', 'python']
[3.277s] Level 1:colcon.colcon_core.package_identification:_identify(.) by extension 'cmake'
[3.278s] Level 1:colcon.colcon_core.package_identification:_identify(.) by extension 'python'
[3.278s] Level 1:colcon.colcon_core.package_identification:_identify(.) by extensions ['python_setup_py']
[3.278s] Level 1:colcon.colcon_core.package_identification:_identify(.) by extension 'python_setup_py'
[3.279s] Level 1:colcon.colcon_core.package_identification:_identify(build) by extensions ['ignore', 'ignore_ament_install']
[3.279s] Level 1:colcon.colcon_core.package_identification:_identify(build) by extension 'ignore'
[3.280s] Level 1:colcon.colcon_core.package_identification:_identify(build) ignored
[3.281s] Level 1:colcon.colcon_core.package_identification:_identify(install) by extensions ['ignore', 'ignore_ament_install']
[3.282s] Level 1:colcon.colcon_core.package_identification:_identify(install) by extension 'ignore'
[3.282s] Level 1:colcon.colcon_core.package_identification:_identify(install) ignored
[3.283s] Level 1:colcon.colcon_core.package_identification:_identify(log) by extensions ['ignore', 'ignore_ament_install']
[3.283s] Level 1:colcon.colcon_core.package_identification:_identify(log) by extension 'ignore'
[3.284s] Level 1:colcon.colcon_core.package_identification:_identify(log) ignored
[3.284s] Level 1:colcon.colcon_core.package_identification:_identify(src) by extensions ['ignore', 'ignore_ament_install']
[3.285s] Level 1:colcon.colcon_core.package_identification:_identify(src) by extension 'ignore'
[3.285s] Level 1:colcon.colcon_core.package_identification:_identify(src) by extension 'ignore_ament_install'
[3.285s] Level 1:colcon.colcon_core.package_identification:_identify(src) by extensions ['colcon_pkg']
[3.286s] Level 1:colcon.colcon_core.package_identification:_identify(src) by extension 'colcon_pkg'
[3.286s] Level 1:colcon.colcon_core.package_identification:_identify(src) by extensions ['colcon_meta']
[3.286s] Level 1:colcon.colcon_core.package_identification:_identify(src) by extension 'colcon_meta'
[3.286s] Level 1:colcon.colcon_core.package_identification:_identify(src) by extensions ['ros']
[3.287s] Level 1:colcon.colcon_core.package_identification:_identify(src) by extension 'ros'
[3.287s] Level 1:colcon.colcon_core.package_identification:_identify(src) by extensions ['cmake', 'python']
[3.287s] Level 1:colcon.colcon_core.package_identification:_identify(src) by extension 'cmake'
[3.288s] Level 1:colcon.colcon_core.package_identification:_identify(src) by extension 'python'
[3.288s] Level 1:colcon.colcon_core.package_identification:_identify(src) by extensions ['python_setup_py']
[3.288s] Level 1:colcon.colcon_core.package_identification:_identify(src) by extension 'python_setup_py'
[3.289s] Level 1:colcon.colcon_core.package_identification:_identify(src/juno_controller) by extensions ['ignore', 'ignore_ament_install']
[3.289s] Level 1:colcon.colcon_core.package_identification:_identify(src/juno_controller) by extension 'ignore'
[3.289s] Level 1:colcon.colcon_core.package_identification:_identify(src/juno_controller) by extension 'ignore_ament_install'
[3.290s] Level 1:colcon.colcon_core.package_identification:_identify(src/juno_controller) by extensions ['colcon_pkg']
[3.290s] Level 1:colcon.colcon_core.package_identification:_identify(src/juno_controller) by extension 'colcon_pkg'
[3.290s] Level 1:colcon.colcon_core.package_identification:_identify(src/juno_controller) by extensions ['colcon_meta']
[3.290s] Level 1:colcon.colcon_core.package_identification:_identify(src/juno_controller) by extension 'colcon_meta'
[3.291s] Level 1:colcon.colcon_core.package_identification:_identify(src/juno_controller) by extensions ['ros']
[3.291s] Level 1:colcon.colcon_core.package_identification:_identify(src/juno_controller) by extension 'ros'
[3.296s] DEBUG:colcon.colcon_core.package_identification:Failed to parse potential ROS package manifest in'src/juno_controller': Error(s) in package 'src/juno_controller/package.xml':
The manifest contains invalid XML:
mismatched tag: line 11, column 18
[3.296s] Level 1:colcon.colcon_core.package_identification:_identify(src/juno_controller) by extensions ['cmake', 'python']
[3.296s] Level 1:colcon.colcon_core.package_identification:_identify(src/juno_controller) by extension 'cmake'
[3.297s] Level 1:colcon.colcon_core.package_identification:_identify(src/juno_controller) by extension 'python'
[3.297s] DEBUG:colcon.colcon_core.package_identification:Python package in 'src/juno_controller' passes arguments to the setup() function which requires a different identification extension than 'python'
[3.297s] Level 1:colcon.colcon_core.package_identification:_identify(src/juno_controller) by extensions ['python_setup_py']
[3.298s] Level 1:colcon.colcon_core.package_identification:_identify(src/juno_controller) by extension 'python_setup_py'
[4.953s] DEBUG:colcon.colcon_core.package_identification:Package 'src/juno_controller' with type 'python' and name 'juno_controller'
[4.954s] Level 1:colcon.colcon_core.package_discovery:discover_packages(recursive) using defaults
[4.956s] Level 1:colcon.colcon_core.package_discovery:discover_packages(ignore) discover
[4.956s] Level 1:colcon.colcon_core.package_discovery:discover_packages(ignore) using defaults
[4.956s] Level 1:colcon.colcon_core.package_discovery:discover_packages(path) discover
[4.956s] Level 1:colcon.colcon_core.package_discovery:discover_packages(path) using defaults
[5.192s] Level 5:colcon.colcon_core.verb:set package 'juno_controller' build argument 'cmake_args' from command line to 'None'
[5.192s] Level 5:colcon.colcon_core.verb:set package 'juno_controller' build argument 'cmake_target' from command line to 'None'
[5.192s] Level 5:colcon.colcon_core.verb:set package 'juno_controller' build argument 'cmake_target_skip_unavailable' from command line to 'False'
[5.192s] Level 5:colcon.colcon_core.verb:set package 'juno_controller' build argument 'cmake_clean_cache' from command line to 'False'
[5.193s] Level 5:colcon.colcon_core.verb:set package 'juno_controller' build argument 'cmake_clean_first' from command line to 'False'
[5.193s] Level 5:colcon.colcon_core.verb:set package 'juno_controller' build argument 'cmake_force_configure' from command line to 'False'
[5.193s] Level 5:colcon.colcon_core.verb:set package 'juno_controller' build argument 'ament_cmake_args' from command line to 'None'
[5.193s] Level 5:colcon.colcon_core.verb:set package 'juno_controller' build argument 'catkin_cmake_args' from command line to 'None'
[5.193s] Level 5:colcon.colcon_core.verb:set package 'juno_controller' build argument 'catkin_skip_building_tests' from command line to 'False'
[5.194s] DEBUG:colcon.colcon_core.verb:Building package 'juno_controller' with the following arguments: {'ament_cmake_args': None, 'build_base': '/juno/ros2_ws/build/juno_controller', 'catkin_cmake_args': None, 'catkin_skip_building_tests': False, 'cmake_args': None, 'cmake_clean_cache': False, 'cmake_clean_first': False, 'cmake_force_configure': False, 'cmake_target': None, 'cmake_target_skip_unavailable': False, 'install_base': '/juno/ros2_ws/install/juno_controller', 'merge_install': False, 'path': '/juno/ros2_ws/src/juno_controller', 'symlink_install': True, 'test_result_base': None}
[5.211s] INFO:colcon.colcon_core.executor:Executing jobs using 'parallel' executor
[5.301s] DEBUG:colcon.colcon_parallel_executor.executor.parallel:run_until_complete
[5.302s] INFO:colcon.colcon_core.task.python.build:Building Python package in '/juno/ros2_ws/src/juno_controller'
[5.360s] INFO:colcon.colcon_core.plugin_system:Skipping extension 'colcon_core.shell.bat': Not used on non-Windows systems
[5.362s] INFO:colcon.colcon_core.shell:Skip shell extension 'powershell' for command environment: Not usable outside of PowerShell
[5.362s] DEBUG:colcon.colcon_core.shell:Skip shell extension 'dsv' for command environment
[9.616s] DEBUG:colcon.colcon_core.event_handler.log_command:Invoking command in '/juno/ros2_ws/build/juno_controller': PYTHONPATH=/juno/ros2_ws/build/juno_controller/prefix_override:/juno/ros2_ws/install/juno_controller/lib/python3.6/site-packages:${PYTHONPATH} /usr/bin/python3 setup.py develop --editable --build-directory /juno/ros2_ws/build/juno_controller/build --no-deps install_data
[12.687s] Level 1:colcon.colcon_core.shell:create_environment_hook('juno_controller', 'pythonpath_develop')
[12.704s] DEBUG:colcon.colcon_core.event_handler.log_command:Invoked command in '/juno/ros2_ws/build/juno_controller' returned '0': PYTHONPATH=/juno/ros2_ws/build/juno_controller/prefix_override:/juno/ros2_ws/install/juno_controller/lib/python3.6/site-packages:${PYTHONPATH} /usr/bin/python3 setup.py develop --editable --build-directory /juno/ros2_ws/build/juno_controller/build --no-deps install_data
[12.731s] INFO:colcon.colcon_core.shell:Creating environment hook '/juno/ros2_ws/build/juno_controller/share/juno_controller/hook/pythonpath_develop.ps1'
[12.735s] INFO:colcon.colcon_core.shell:Creating environment descriptor '/juno/ros2_ws/build/juno_controller/share/juno_controller/hook/pythonpath_develop.dsv'
[12.738s] INFO:colcon.colcon_core.shell:Creating environment hook '/juno/ros2_ws/build/juno_controller/share/juno_controller/hook/pythonpath_develop.sh'
[12.812s] Level 1:colcon.colcon_core.environment:checking '/juno/ros2_ws/install/juno_controller' for CMake module files
[12.816s] Level 1:colcon.colcon_core.environment:checking '/juno/ros2_ws/install/juno_controller' for CMake config files
[12.820s] Level 1:colcon.colcon_core.environment:checking '/juno/ros2_ws/install/juno_controller/lib'
[12.821s] Level 1:colcon.colcon_core.environment:checking '/juno/ros2_ws/install/juno_controller/bin'
[12.821s] Level 1:colcon.colcon_core.environment:checking '/juno/ros2_ws/install/juno_controller/lib/pkgconfig/juno_controller.pc'
[12.822s] Level 1:colcon.colcon_core.environment:checking '/juno/ros2_ws/install/juno_controller/lib/python3.6/site-packages'
[12.822s] Level 1:colcon.colcon_core.shell:create_environment_hook('juno_controller', 'pythonpath')
[12.862s] INFO:colcon.colcon_core.shell:Creating environment hook '/juno/ros2_ws/install/juno_controller/share/juno_controller/hook/pythonpath.ps1'
[12.865s] INFO:colcon.colcon_core.shell:Creating environment descriptor '/juno/ros2_ws/install/juno_controller/share/juno_controller/hook/pythonpath.dsv'
[12.867s] INFO:colcon.colcon_core.shell:Creating environment hook '/juno/ros2_ws/install/juno_controller/share/juno_controller/hook/pythonpath.sh'
[12.869s] Level 1:colcon.colcon_core.environment:checking '/juno/ros2_ws/install/juno_controller/bin'
[12.869s] Level 1:colcon.colcon_core.environment:create_environment_scripts_only(juno_controller)
[12.910s] INFO:colcon.colcon_core.shell:Creating package script '/juno/ros2_ws/install/juno_controller/share/juno_controller/package.ps1'
[12.916s] INFO:colcon.colcon_core.shell:Creating package descriptor '/juno/ros2_ws/install/juno_controller/share/juno_controller/package.dsv'
[12.919s] INFO:colcon.colcon_core.shell:Creating package script '/juno/ros2_ws/install/juno_controller/share/juno_controller/package.sh'
[12.924s] INFO:colcon.colcon_core.shell:Creating package script '/juno/ros2_ws/install/juno_controller/share/juno_controller/package.bash'
[12.929s] INFO:colcon.colcon_core.shell:Creating package script '/juno/ros2_ws/install/juno_controller/share/juno_controller/package.zsh'
[12.933s] Level 1:colcon.colcon_core.environment:create_file_with_runtime_dependencies(/juno/ros2_ws/install/juno_controller/share/colcon-core/packages/juno_controller)
[12.935s] DEBUG:colcon.colcon_parallel_executor.executor.parallel:closing loop
[12.938s] DEBUG:colcon.colcon_parallel_executor.executor.parallel:loop closed
[12.938s] DEBUG:colcon.colcon_parallel_executor.executor.parallel:run_until_complete finished with '0'
[12.939s] DEBUG:colcon.colcon_core.event_reactor:joining thread
[12.963s] INFO:colcon.colcon_core.plugin_system:Skipping extension 'colcon_notification.desktop_notification.notify_send': Could not find 'notify-send'
[12.964s] INFO:colcon.colcon_core.plugin_system:Skipping extension 'colcon_notification.desktop_notification.terminal_notifier': Not used on non-Darwin systems
[12.964s] INFO:colcon.colcon_core.plugin_system:Skipping extension 'colcon_notification.desktop_notification.win32': Not used on non-Windows systems
[12.964s] INFO:colcon.colcon_notification.desktop_notification:Sending desktop notification using 'notify2'
[12.965s] DEBUG:colcon.colcon_notification.desktop_notification.notify2:Failed to initialize notify2: org.freedesktop.DBus.Error.InvalidFileContent: D-Bus library appears to be incorrectly set up: see the manual page for dbus-uuidgen to correct this issue. (Failed to open "/var/lib/dbus/machine-id": No such file or directory; UUID file '/etc/machine-id' should contain a hex string of length 32, not length 0, with no other text)
[12.965s] DEBUG:colcon.colcon_core.event_reactor:joined thread
[13.004s] INFO:colcon.colcon_core.shell:Creating prefix script '/juno/ros2_ws/install/local_setup.ps1'
[13.010s] INFO:colcon.colcon_core.shell:Creating prefix util module '/juno/ros2_ws/install/_local_setup_util_ps1.py'
[13.022s] INFO:colcon.colcon_core.shell:Creating prefix chain script '/juno/ros2_ws/install/setup.ps1'
[13.041s] INFO:colcon.colcon_core.shell:Creating prefix script '/juno/ros2_ws/install/local_setup.sh'
[13.045s] INFO:colcon.colcon_core.shell:Creating prefix util module '/juno/ros2_ws/install/_local_setup_util_sh.py'
[13.047s] INFO:colcon.colcon_core.shell:Creating prefix chain script '/juno/ros2_ws/install/setup.sh'
[13.066s] INFO:colcon.colcon_core.shell:Creating prefix script '/juno/ros2_ws/install/local_setup.bash'
[13.069s] INFO:colcon.colcon_core.shell:Creating prefix chain script '/juno/ros2_ws/install/setup.bash'
[13.087s] INFO:colcon.colcon_core.shell:Creating prefix script '/juno/ros2_ws/install/local_setup.zsh'
[13.090s] INFO:colcon.colcon_core.shell:Creating prefix chain script '/juno/ros2_ws/install/setup.zsh'
