[4.387s] Invoking command in '/juno/ros2_ws/src/juno_controller': PYTHONPATH=/juno/ros2_ws/build/juno_controller/prefix_override:/juno/ros2_ws/install/juno_controller/lib/python3.6/site-packages:${PYTHONPATH} /usr/bin/python3 setup.py egg_info --egg-base ../../build/juno_controller build --build-base /juno/ros2_ws/build/juno_controller/build install --record /juno/ros2_ws/build/juno_controller/install.log --single-version-externally-managed
[5.967s] running egg_info
[5.972s] writing ../../build/juno_controller/juno_controller.egg-info/PKG-INFO
[5.973s] writing dependency_links to ../../build/juno_controller/juno_controller.egg-info/dependency_links.txt
[5.973s] writing entry points to ../../build/juno_controller/juno_controller.egg-info/entry_points.txt
[5.974s] writing requirements to ../../build/juno_controller/juno_controller.egg-info/requires.txt
[5.975s] writing top-level names to ../../build/juno_controller/juno_controller.egg-info/top_level.txt
[5.982s] reading manifest file '../../build/juno_controller/juno_controller.egg-info/SOURCES.txt'
[5.988s] writing manifest file '../../build/juno_controller/juno_controller.egg-info/SOURCES.txt'
[5.989s] running build
[5.990s] running build_py
[5.990s] running install
[5.992s] running install_lib
[5.996s] running install_data
[5.999s] running install_egg_info
[6.008s] removing '/juno/ros2_ws/install/juno_controller/lib/python3.6/site-packages/juno_controller-0.0.0-py3.6.egg-info' (and everything under it)
[6.009s] Copying ../../build/juno_controller/juno_controller.egg-info to /juno/ros2_ws/install/juno_controller/lib/python3.6/site-packages/juno_controller-0.0.0-py3.6.egg-info
[6.013s] running install_scripts
[6.100s] writing list of installed files to '/juno/ros2_ws/build/juno_controller/install.log'
[6.208s] Invoked command in '/juno/ros2_ws/src/juno_controller' returned '0': PYTHONPATH=/juno/ros2_ws/build/juno_controller/prefix_override:/juno/ros2_ws/install/juno_controller/lib/python3.6/site-packages:${PYTHONPATH} /usr/bin/python3 setup.py egg_info --egg-base ../../build/juno_controller build --build-base /juno/ros2_ws/build/juno_controller/build install --record /juno/ros2_ws/build/juno_controller/install.log --single-version-externally-managed
