[4.338s] Invoking command in '/juno/ros2_ws/build/juno_controller': PYTHONPATH=/juno/ros2_ws/build/juno_controller/prefix_override:/juno/ros2_ws/install/juno_controller/lib/python3.6/site-packages:${PYTHONPATH} /usr/bin/python3 setup.py develop --editable --build-directory /juno/ros2_ws/build/juno_controller/build --no-deps install_data
[6.040s] running develop
[6.045s] /usr/local/lib/python3.6/dist-packages/setuptools/command/easy_install.py:159: EasyInstallDeprecationWarning: easy_install command is deprecated. Use build and pip and other standards-based tools.
[6.045s]   EasyInstallDeprecationWarning,
[6.052s] /usr/local/lib/python3.6/dist-packages/setuptools/command/install.py:37: SetuptoolsDeprecationWarning: setup.py install is deprecated. Use build and pip and other standards-based tools.
[6.053s]   setuptools.SetuptoolsDeprecationWarning,
[7.049s] running egg_info
[7.050s] writing juno_controller.egg-info/PKG-INFO
[7.052s] writing dependency_links to juno_controller.egg-info/dependency_links.txt
[7.053s] writing entry points to juno_controller.egg-info/entry_points.txt
[7.054s] writing requirements to juno_controller.egg-info/requires.txt
[7.055s] writing top-level names to juno_controller.egg-info/top_level.txt
[7.063s] reading manifest file 'juno_controller.egg-info/SOURCES.txt'
[7.069s] writing manifest file 'juno_controller.egg-info/SOURCES.txt'
[7.288s] running build_ext
[7.289s] Creating /juno/ros2_ws/install/juno_controller/lib/python3.6/site-packages/juno-controller.egg-link (link to .)
[7.293s] Installing camera_node script to /juno/ros2_ws/install/juno_controller/lib/juno_controller
[7.294s] Installing drivetrain_node script to /juno/ros2_ws/install/juno_controller/lib/juno_controller
[7.295s] 
[7.296s] Installed /juno/ros2_ws/build/juno_controller
[7.296s] running install_data
[7.446s] Invoked command in '/juno/ros2_ws/build/juno_controller' returned '0': PYTHONPATH=/juno/ros2_ws/build/juno_controller/prefix_override:/juno/ros2_ws/install/juno_controller/lib/python3.6/site-packages:${PYTHONPATH} /usr/bin/python3 setup.py develop --editable --build-directory /juno/ros2_ws/build/juno_controller/build --no-deps install_data
