[3.029s] DEBUG:colcon:Command line arguments: ['/usr/bin/colcon', 'build', '--symlink-install']
[3.029s] DEBUG:colcon:Parsed command line arguments: Namespace(ament_cmake_args=None, base_paths=['.'], build_base='build', catkin_cmake_args=None, catkin_skip_building_tests=False, cmake_args=None, cmake_clean_cache=False, cmake_clean_first=False, cmake_force_configure=False, cmake_target=None, cmake_target_skip_unavailable=False, continue_on_error=False, event_handlers=None, executor='parallel', ignore_user_meta=False, install_base='install', log_base=None, log_level=None, main=<bound method BuildVerb.main of <colcon_core.verb.build.BuildVerb object at 0x7fa6bdd2e8>>, merge_install=False, metas=['./colcon.meta'], packages_above=None, packages_above_and_dependencies=None, packages_above_depth=None, packages_end=None, packages_ignore=None, packages_ignore_regex=None, packages_select=None, packages_select_build_failed=False, packages_select_by_dep=None, packages_select_regex=None, packages_select_test_failures=False, packages_skip=None, packages_skip_build_finished=False, packages_skip_by_dep=None, packages_skip_regex=None, packages_skip_test_passed=False, packages_skip_up_to=None, packages_start=None, packages_up_to=None, packages_up_to_regex=None, parallel_workers=4, paths=None, symlink_install=True, test_result_base=None, verb_extension=<colcon_core.verb.build.BuildVerb object at 0x7fa6bdd2e8>, verb_name='build', verb_parser=<colcon_defaults.argument_parser.defaults.DefaultArgumentsDecorator object at 0x7fa69b2be0>)
[3.254s] Level 1:colcon.colcon_core.package_discovery:discover_packages(colcon_meta) check parameters
[3.255s] Level 1:colcon.colcon_core.package_discovery:discover_packages(recursive) check parameters
[3.255s] Level 1:colcon.colcon_core.package_discovery:discover_packages(ignore) check parameters
[3.255s] Level 1:colcon.colcon_core.package_discovery:discover_packages(path) check parameters
[3.256s] Level 1:colcon.colcon_core.package_discovery:discover_packages(colcon_meta) discover
[3.257s] Level 1:colcon.colcon_core.package_discovery:discover_packages(recursive) discover
[3.258s] INFO:colcon.colcon_core.package_discovery:Crawling recursively for packages in '/juno/ros2_ws'
[3.258s] Level 1:colcon.colcon_core.package_identification:_identify(.) by extensions ['ignore', 'ignore_ament_install']
[3.259s] Level 1:colcon.colcon_core.package_identification:_identify(.) by extension 'ignore'
[3.259s] Level 1:colcon.colcon_core.package_identification:_identify(.) by extension 'ignore_ament_install'
[3.259s] Level 1:colcon.colcon_core.package_identification:_identify(.) by extensions ['colcon_pkg']
[3.259s] Level 1:colcon.colcon_core.package_identification:_identify(.) by extension 'colcon_pkg'
[3.260s] Level 1:colcon.colcon_core.package_identification:_identify(.) by extensions ['colcon_meta']
[3.260s] Level 1:colcon.colcon_core.package_identification:_identify(.) by extension 'colcon_meta'
[3.260s] Level 1:colcon.colcon_core.package_identification:_identify(.) by extensions ['ros']
[3.260s] Level 1:colcon.colcon_core.package_identification:_identify(.) by extension 'ros'
[3.453s] Level 1:colcon.colcon_core.package_identification:_identify(.) by extensions ['cmake', 'python']
[3.453s] Level 1:colcon.colcon_core.package_identification:_identify(.) by extension 'cmake'
[3.453s] Level 1:colcon.colcon_core.package_identification:_identify(.) by extension 'python'
[3.454s] Level 1:colcon.colcon_core.package_identification:_identify(.) by extensions ['python_setup_py']
[3.454s] Level 1:colcon.colcon_core.package_identification:_identify(.) by extension 'python_setup_py'
[3.455s] Level 1:colcon.colcon_core.package_identification:_identify(build) by extensions ['ignore', 'ignore_ament_install']
[3.455s] Level 1:colcon.colcon_core.package_identification:_identify(build) by extension 'ignore'
[3.456s] Level 1:colcon.colcon_core.package_identification:_identify(build) ignored
[3.458s] Level 1:colcon.colcon_core.package_identification:_identify(install) by extensions ['ignore', 'ignore_ament_install']
[3.458s] Level 1:colcon.colcon_core.package_identification:_identify(install) by extension 'ignore'
[3.459s] Level 1:colcon.colcon_core.package_identification:_identify(install) ignored
[3.459s] Level 1:colcon.colcon_core.package_identification:_identify(log) by extensions ['ignore', 'ignore_ament_install']
[3.460s] Level 1:colcon.colcon_core.package_identification:_identify(log) by extension 'ignore'
[3.460s] Level 1:colcon.colcon_core.package_identification:_identify(log) ignored
[3.460s] Level 1:colcon.colcon_core.package_identification:_identify(src) by extensions ['ignore', 'ignore_ament_install']
[3.461s] Level 1:colcon.colcon_core.package_identification:_identify(src) by extension 'ignore'
[3.461s] Level 1:colcon.colcon_core.package_identification:_identify(src) by extension 'ignore_ament_install'
[3.462s] Level 1:colcon.colcon_core.package_identification:_identify(src) by extensions ['colcon_pkg']
[3.462s] Level 1:colcon.colcon_core.package_identification:_identify(src) by extension 'colcon_pkg'
[3.462s] Level 1:colcon.colcon_core.package_identification:_identify(src) by extensions ['colcon_meta']
[3.462s] Level 1:colcon.colcon_core.package_identification:_identify(src) by extension 'colcon_meta'
[3.463s] Level 1:colcon.colcon_core.package_identification:_identify(src) by extensions ['ros']
[3.463s] Level 1:colcon.colcon_core.package_identification:_identify(src) by extension 'ros'
[3.463s] Level 1:colcon.colcon_core.package_identification:_identify(src) by extensions ['cmake', 'python']
[3.463s] Level 1:colcon.colcon_core.package_identification:_identify(src) by extension 'cmake'
[3.464s] Level 1:colcon.colcon_core.package_identification:_identify(src) by extension 'python'
[3.464s] Level 1:colcon.colcon_core.package_identification:_identify(src) by extensions ['python_setup_py']
[3.464s] Level 1:colcon.colcon_core.package_identification:_identify(src) by extension 'python_setup_py'
[3.465s] Level 1:colcon.colcon_core.package_identification:_identify(src/build) by extensions ['ignore', 'ignore_ament_install']
[3.465s] Level 1:colcon.colcon_core.package_identification:_identify(src/build) by extension 'ignore'
[3.465s] Level 1:colcon.colcon_core.package_identification:_identify(src/build) ignored
[3.466s] Level 1:colcon.colcon_core.package_identification:_identify(src/install) by extensions ['ignore', 'ignore_ament_install']
[3.466s] Level 1:colcon.colcon_core.package_identification:_identify(src/install) by extension 'ignore'
[3.467s] Level 1:colcon.colcon_core.package_identification:_identify(src/install) ignored
[3.467s] Level 1:colcon.colcon_core.package_identification:_identify(src/juno_controller) by extensions ['ignore', 'ignore_ament_install']
[3.468s] Level 1:colcon.colcon_core.package_identification:_identify(src/juno_controller) by extension 'ignore'
[3.468s] Level 1:colcon.colcon_core.package_identification:_identify(src/juno_controller) by extension 'ignore_ament_install'
[3.468s] Level 1:colcon.colcon_core.package_identification:_identify(src/juno_controller) by extensions ['colcon_pkg']
[3.468s] Level 1:colcon.colcon_core.package_identification:_identify(src/juno_controller) by extension 'colcon_pkg'
[3.469s] Level 1:colcon.colcon_core.package_identification:_identify(src/juno_controller) by extensions ['colcon_meta']
[3.469s] Level 1:colcon.colcon_core.package_identification:_identify(src/juno_controller) by extension 'colcon_meta'
[3.469s] Level 1:colcon.colcon_core.package_identification:_identify(src/juno_controller) by extensions ['ros']
[3.470s] Level 1:colcon.colcon_core.package_identification:_identify(src/juno_controller) by extension 'ros'
[3.476s] DEBUG:colcon.colcon_core.package_identification:Failed to parse potential ROS package manifest in'src/juno_controller': Error(s) in package 'src/juno_controller/package.xml':
The manifest contains invalid XML:
mismatched tag: line 11, column 18
[3.477s] Level 1:colcon.colcon_core.package_identification:_identify(src/juno_controller) by extensions ['cmake', 'python']
[3.477s] Level 1:colcon.colcon_core.package_identification:_identify(src/juno_controller) by extension 'cmake'
[3.477s] Level 1:colcon.colcon_core.package_identification:_identify(src/juno_controller) by extension 'python'
[3.478s] DEBUG:colcon.colcon_core.package_identification:Python package in 'src/juno_controller' passes arguments to the setup() function which requires a different identification extension than 'python'
[3.479s] Level 1:colcon.colcon_core.package_identification:_identify(src/juno_controller) by extensions ['python_setup_py']
[3.479s] Level 1:colcon.colcon_core.package_identification:_identify(src/juno_controller) by extension 'python_setup_py'
[5.191s] DEBUG:colcon.colcon_core.package_identification:Package 'src/juno_controller' with type 'python' and name 'juno_controller'
[5.192s] Level 1:colcon.colcon_core.package_identification:_identify(src/log) by extensions ['ignore', 'ignore_ament_install']
[5.193s] Level 1:colcon.colcon_core.package_identification:_identify(src/log) by extension 'ignore'
[5.193s] Level 1:colcon.colcon_core.package_identification:_identify(src/log) ignored
[5.194s] Level 1:colcon.colcon_core.package_discovery:discover_packages(recursive) using defaults
[5.195s] Level 1:colcon.colcon_core.package_discovery:discover_packages(ignore) discover
[5.195s] Level 1:colcon.colcon_core.package_discovery:discover_packages(ignore) using defaults
[5.196s] Level 1:colcon.colcon_core.package_discovery:discover_packages(path) discover
[5.196s] Level 1:colcon.colcon_core.package_discovery:discover_packages(path) using defaults
[5.420s] Level 5:colcon.colcon_core.verb:set package 'juno_controller' build argument 'cmake_args' from command line to 'None'
[5.421s] Level 5:colcon.colcon_core.verb:set package 'juno_controller' build argument 'cmake_target' from command line to 'None'
[5.421s] Level 5:colcon.colcon_core.verb:set package 'juno_controller' build argument 'cmake_target_skip_unavailable' from command line to 'False'
[5.421s] Level 5:colcon.colcon_core.verb:set package 'juno_controller' build argument 'cmake_clean_cache' from command line to 'False'
[5.421s] Level 5:colcon.colcon_core.verb:set package 'juno_controller' build argument 'cmake_clean_first' from command line to 'False'
[5.422s] Level 5:colcon.colcon_core.verb:set package 'juno_controller' build argument 'cmake_force_configure' from command line to 'False'
[5.422s] Level 5:colcon.colcon_core.verb:set package 'juno_controller' build argument 'ament_cmake_args' from command line to 'None'
[5.422s] Level 5:colcon.colcon_core.verb:set package 'juno_controller' build argument 'catkin_cmake_args' from command line to 'None'
[5.422s] Level 5:colcon.colcon_core.verb:set package 'juno_controller' build argument 'catkin_skip_building_tests' from command line to 'False'
[5.422s] DEBUG:colcon.colcon_core.verb:Building package 'juno_controller' with the following arguments: {'ament_cmake_args': None, 'build_base': '/juno/ros2_ws/build/juno_controller', 'catkin_cmake_args': None, 'catkin_skip_building_tests': False, 'cmake_args': None, 'cmake_clean_cache': False, 'cmake_clean_first': False, 'cmake_force_configure': False, 'cmake_target': None, 'cmake_target_skip_unavailable': False, 'install_base': '/juno/ros2_ws/install/juno_controller', 'merge_install': False, 'path': '/juno/ros2_ws/src/juno_controller', 'symlink_install': True, 'test_result_base': None}
[5.438s] INFO:colcon.colcon_core.executor:Executing jobs using 'parallel' executor
[5.524s] DEBUG:colcon.colcon_parallel_executor.executor.parallel:run_until_complete
[5.525s] INFO:colcon.colcon_core.task.python.build:Building Python package in '/juno/ros2_ws/src/juno_controller'
[5.582s] INFO:colcon.colcon_core.plugin_system:Skipping extension 'colcon_core.shell.bat': Not used on non-Windows systems
[5.584s] INFO:colcon.colcon_core.shell:Skip shell extension 'powershell' for command environment: Not usable outside of PowerShell
[5.584s] DEBUG:colcon.colcon_core.shell:Skip shell extension 'dsv' for command environment
[9.865s] DEBUG:colcon.colcon_core.event_handler.log_command:Invoking command in '/juno/ros2_ws/build/juno_controller': PYTHONPATH=/juno/ros2_ws/build/juno_controller/prefix_override:/juno/ros2_ws/install/juno_controller/lib/python3.6/site-packages:${PYTHONPATH} /usr/bin/python3 setup.py develop --editable --build-directory /juno/ros2_ws/build/juno_controller/build --no-deps install_data
[12.960s] Level 1:colcon.colcon_core.shell:create_environment_hook('juno_controller', 'pythonpath_develop')
[12.977s] DEBUG:colcon.colcon_core.event_handler.log_command:Invoked command in '/juno/ros2_ws/build/juno_controller' returned '0': PYTHONPATH=/juno/ros2_ws/build/juno_controller/prefix_override:/juno/ros2_ws/install/juno_controller/lib/python3.6/site-packages:${PYTHONPATH} /usr/bin/python3 setup.py develop --editable --build-directory /juno/ros2_ws/build/juno_controller/build --no-deps install_data
[13.002s] INFO:colcon.colcon_core.shell:Creating environment hook '/juno/ros2_ws/build/juno_controller/share/juno_controller/hook/pythonpath_develop.ps1'
[13.006s] INFO:colcon.colcon_core.shell:Creating environment descriptor '/juno/ros2_ws/build/juno_controller/share/juno_controller/hook/pythonpath_develop.dsv'
[13.009s] INFO:colcon.colcon_core.shell:Creating environment hook '/juno/ros2_ws/build/juno_controller/share/juno_controller/hook/pythonpath_develop.sh'
[13.080s] Level 1:colcon.colcon_core.environment:checking '/juno/ros2_ws/install/juno_controller' for CMake module files
[13.083s] Level 1:colcon.colcon_core.environment:checking '/juno/ros2_ws/install/juno_controller' for CMake config files
[13.087s] Level 1:colcon.colcon_core.environment:checking '/juno/ros2_ws/install/juno_controller/lib'
[13.088s] Level 1:colcon.colcon_core.environment:checking '/juno/ros2_ws/install/juno_controller/bin'
[13.088s] Level 1:colcon.colcon_core.environment:checking '/juno/ros2_ws/install/juno_controller/lib/pkgconfig/juno_controller.pc'
[13.089s] Level 1:colcon.colcon_core.environment:checking '/juno/ros2_ws/install/juno_controller/lib/python3.6/site-packages'
[13.090s] Level 1:colcon.colcon_core.shell:create_environment_hook('juno_controller', 'pythonpath')
[13.132s] INFO:colcon.colcon_core.shell:Creating environment hook '/juno/ros2_ws/install/juno_controller/share/juno_controller/hook/pythonpath.ps1'
[13.134s] INFO:colcon.colcon_core.shell:Creating environment descriptor '/juno/ros2_ws/install/juno_controller/share/juno_controller/hook/pythonpath.dsv'
[13.136s] INFO:colcon.colcon_core.shell:Creating environment hook '/juno/ros2_ws/install/juno_controller/share/juno_controller/hook/pythonpath.sh'
[13.139s] Level 1:colcon.colcon_core.environment:checking '/juno/ros2_ws/install/juno_controller/bin'
[13.139s] Level 1:colcon.colcon_core.environment:create_environment_scripts_only(juno_controller)
[13.177s] INFO:colcon.colcon_core.shell:Creating package script '/juno/ros2_ws/install/juno_controller/share/juno_controller/package.ps1'
[13.182s] INFO:colcon.colcon_core.shell:Creating package descriptor '/juno/ros2_ws/install/juno_controller/share/juno_controller/package.dsv'
[13.186s] INFO:colcon.colcon_core.shell:Creating package script '/juno/ros2_ws/install/juno_controller/share/juno_controller/package.sh'
[13.190s] INFO:colcon.colcon_core.shell:Creating package script '/juno/ros2_ws/install/juno_controller/share/juno_controller/package.bash'
[13.195s] INFO:colcon.colcon_core.shell:Creating package script '/juno/ros2_ws/install/juno_controller/share/juno_controller/package.zsh'
[13.199s] Level 1:colcon.colcon_core.environment:create_file_with_runtime_dependencies(/juno/ros2_ws/install/juno_controller/share/colcon-core/packages/juno_controller)
[13.201s] DEBUG:colcon.colcon_parallel_executor.executor.parallel:closing loop
[13.203s] DEBUG:colcon.colcon_parallel_executor.executor.parallel:loop closed
[13.204s] DEBUG:colcon.colcon_parallel_executor.executor.parallel:run_until_complete finished with '0'
[13.204s] DEBUG:colcon.colcon_core.event_reactor:joining thread
[13.233s] INFO:colcon.colcon_core.plugin_system:Skipping extension 'colcon_notification.desktop_notification.notify_send': Could not find 'notify-send'
[13.233s] INFO:colcon.colcon_core.plugin_system:Skipping extension 'colcon_notification.desktop_notification.terminal_notifier': Not used on non-Darwin systems
[13.234s] INFO:colcon.colcon_core.plugin_system:Skipping extension 'colcon_notification.desktop_notification.win32': Not used on non-Windows systems
[13.234s] INFO:colcon.colcon_notification.desktop_notification:Sending desktop notification using 'notify2'
[13.235s] DEBUG:colcon.colcon_notification.desktop_notification.notify2:Failed to initialize notify2: org.freedesktop.DBus.Error.InvalidFileContent: D-Bus library appears to be incorrectly set up: see the manual page for dbus-uuidgen to correct this issue. (Failed to open "/var/lib/dbus/machine-id": No such file or directory; UUID file '/etc/machine-id' should contain a hex string of length 32, not length 0, with no other text)
[13.235s] DEBUG:colcon.colcon_core.event_reactor:joined thread
[13.274s] INFO:colcon.colcon_core.shell:Creating prefix script '/juno/ros2_ws/install/local_setup.ps1'
[13.279s] INFO:colcon.colcon_core.shell:Creating prefix util module '/juno/ros2_ws/install/_local_setup_util_ps1.py'
[13.289s] INFO:colcon.colcon_core.shell:Creating prefix chain script '/juno/ros2_ws/install/setup.ps1'
[13.304s] INFO:colcon.colcon_core.shell:Creating prefix script '/juno/ros2_ws/install/local_setup.sh'
[13.307s] INFO:colcon.colcon_core.shell:Creating prefix util module '/juno/ros2_ws/install/_local_setup_util_sh.py'
[13.310s] INFO:colcon.colcon_core.shell:Creating prefix chain script '/juno/ros2_ws/install/setup.sh'
[13.325s] INFO:colcon.colcon_core.shell:Creating prefix script '/juno/ros2_ws/install/local_setup.bash'
[13.328s] INFO:colcon.colcon_core.shell:Creating prefix chain script '/juno/ros2_ws/install/setup.bash'
[13.343s] INFO:colcon.colcon_core.shell:Creating prefix script '/juno/ros2_ws/install/local_setup.zsh'
[13.346s] INFO:colcon.colcon_core.shell:Creating prefix chain script '/juno/ros2_ws/install/setup.zsh'
